CRITICAL - 2023-12-06 04:55:24 --> Undefined property: App\Controllers\Home::$db
in APPPATH\Controllers\Home.php on line 674.
 1 APPPATH\Controllers\Home.php(674): CodeIgniter\Debug\Exceptions->errorHandler(2, 'Undefined property: App\\Controllers\\Home::$db', 'D:\\lelang\\app\\Controllers\\Home.php', 674)
 2 SYSTEMPATH\CodeIgniter.php(919): App\Controllers\Home->excel()
 3 SYSTEMPATH\CodeIgniter.php(494): CodeIgniter\CodeIgniter->runController(Object(App\Controllers\Home))
 4 SYSTEMPATH\CodeIgniter.php(353): CodeIgniter\CodeIgniter->handleRequest(null, Object(Config\Cache), false)
 5 FCPATH\index.php(79): CodeIgniter\CodeIgniter->run()
 6 SYSTEMPATH\Commands\Server\rewrite.php(47): require_once('D:\\lelang\\public\\index.php')
CRITICAL - 2023-12-06 05:07:17 --> Attempt to read property "harga_akhir" on null
in APPPATH\Views\e_penawaran.php on line 30.
 1 APPPATH\Views\e_penawaran.php(30): CodeIgniter\Debug\Exceptions->errorHandler(2, 'Attempt to read property "harga_akhir" on null', 'D:\\lelang\\app\\Views\\e_penawaran.php', 30)
 2 SYSTEMPATH\View\View.php(226): include('D:\\lelang\\app\\Views\\e_penawaran.php')
 3 SYSTEMPATH\View\View.php(229): CodeIgniter\View\View->CodeIgniter\View\{closure}()
 4 SYSTEMPATH\Common.php(1188): CodeIgniter\View\View->render('e_penawaran', [], true)
 5 APPPATH\Controllers\Home.php(496): view('e_penawaran', [...])
 6 SYSTEMPATH\CodeIgniter.php(919): App\Controllers\Home->e_penawaran('1')
 7 SYSTEMPATH\CodeIgniter.php(494): CodeIgniter\CodeIgniter->runController(Object(App\Controllers\Home))
 8 SYSTEMPATH\CodeIgniter.php(353): CodeIgniter\CodeIgniter->handleRequest(null, Object(Config\Cache), false)
 9 FCPATH\index.php(79): CodeIgniter\CodeIgniter->run()
10 SYSTEMPATH\Commands\Server\rewrite.php(47): require_once('D:\\lelang\\public\\index.php')
CRITICAL - 2023-12-06 05:08:36 --> Attempt to read property "harga_akhir" on null
in APPPATH\Views\e_penawaran.php on line 30.
 1 APPPATH\Views\e_penawaran.php(30): CodeIgniter\Debug\Exceptions->errorHandler(2, 'Attempt to read property "harga_akhir" on null', 'D:\\lelang\\app\\Views\\e_penawaran.php', 30)
 2 SYSTEMPATH\View\View.php(226): include('D:\\lelang\\app\\Views\\e_penawaran.php')
 3 SYSTEMPATH\View\View.php(229): CodeIgniter\View\View->CodeIgniter\View\{closure}()
 4 SYSTEMPATH\Common.php(1188): CodeIgniter\View\View->render('e_penawaran', [], true)
 5 APPPATH\Controllers\Home.php(496): view('e_penawaran', [...])
 6 SYSTEMPATH\CodeIgniter.php(919): App\Controllers\Home->e_penawaran('1')
 7 SYSTEMPATH\CodeIgniter.php(494): CodeIgniter\CodeIgniter->runController(Object(App\Controllers\Home))
 8 SYSTEMPATH\CodeIgniter.php(353): CodeIgniter\CodeIgniter->handleRequest(null, Object(Config\Cache), false)
 9 FCPATH\index.php(79): CodeIgniter\CodeIgniter->run()
10 SYSTEMPATH\Commands\Server\rewrite.php(47): require_once('D:\\lelang\\public\\index.php')
CRITICAL - 2023-12-06 05:08:39 --> Attempt to read property "harga_akhir" on null
in APPPATH\Views\e_penawaran.php on line 30.
 1 APPPATH\Views\e_penawaran.php(30): CodeIgniter\Debug\Exceptions->errorHandler(2, 'Attempt to read property "harga_akhir" on null', 'D:\\lelang\\app\\Views\\e_penawaran.php', 30)
 2 SYSTEMPATH\View\View.php(226): include('D:\\lelang\\app\\Views\\e_penawaran.php')
 3 SYSTEMPATH\View\View.php(229): CodeIgniter\View\View->CodeIgniter\View\{closure}()
 4 SYSTEMPATH\Common.php(1188): CodeIgniter\View\View->render('e_penawaran', [], true)
 5 APPPATH\Controllers\Home.php(496): view('e_penawaran', [...])
 6 SYSTEMPATH\CodeIgniter.php(919): App\Controllers\Home->e_penawaran('1')
 7 SYSTEMPATH\CodeIgniter.php(494): CodeIgniter\CodeIgniter->runController(Object(App\Controllers\Home))
 8 SYSTEMPATH\CodeIgniter.php(353): CodeIgniter\CodeIgniter->handleRequest(null, Object(Config\Cache), false)
 9 FCPATH\index.php(79): CodeIgniter\CodeIgniter->run()
10 SYSTEMPATH\Commands\Server\rewrite.php(47): require_once('D:\\lelang\\public\\index.php')
CRITICAL - 2023-12-06 05:09:22 --> Attempt to read property "harga_akhir" on null
in APPPATH\Views\e_penawaran.php on line 30.
 1 APPPATH\Views\e_penawaran.php(30): CodeIgniter\Debug\Exceptions->errorHandler(2, 'Attempt to read property "harga_akhir" on null', 'D:\\lelang\\app\\Views\\e_penawaran.php', 30)
 2 SYSTEMPATH\View\View.php(226): include('D:\\lelang\\app\\Views\\e_penawaran.php')
 3 SYSTEMPATH\View\View.php(229): CodeIgniter\View\View->CodeIgniter\View\{closure}()
 4 SYSTEMPATH\Common.php(1188): CodeIgniter\View\View->render('e_penawaran', [], true)
 5 APPPATH\Controllers\Home.php(496): view('e_penawaran', [...])
 6 SYSTEMPATH\CodeIgniter.php(919): App\Controllers\Home->e_penawaran('1')
 7 SYSTEMPATH\CodeIgniter.php(494): CodeIgniter\CodeIgniter->runController(Object(App\Controllers\Home))
 8 SYSTEMPATH\CodeIgniter.php(353): CodeIgniter\CodeIgniter->handleRequest(null, Object(Config\Cache), false)
 9 FCPATH\index.php(79): CodeIgniter\CodeIgniter->run()
10 SYSTEMPATH\Commands\Server\rewrite.php(47): require_once('D:\\lelang\\public\\index.php')
CRITICAL - 2023-12-06 05:09:24 --> Attempt to read property "harga_akhir" on null
in APPPATH\Views\e_penawaran.php on line 30.
 1 APPPATH\Views\e_penawaran.php(30): CodeIgniter\Debug\Exceptions->errorHandler(2, 'Attempt to read property "harga_akhir" on null', 'D:\\lelang\\app\\Views\\e_penawaran.php', 30)
 2 SYSTEMPATH\View\View.php(226): include('D:\\lelang\\app\\Views\\e_penawaran.php')
 3 SYSTEMPATH\View\View.php(229): CodeIgniter\View\View->CodeIgniter\View\{closure}()
 4 SYSTEMPATH\Common.php(1188): CodeIgniter\View\View->render('e_penawaran', [], true)
 5 APPPATH\Controllers\Home.php(496): view('e_penawaran', [...])
 6 SYSTEMPATH\CodeIgniter.php(919): App\Controllers\Home->e_penawaran('1')
 7 SYSTEMPATH\CodeIgniter.php(494): CodeIgniter\CodeIgniter->runController(Object(App\Controllers\Home))
 8 SYSTEMPATH\CodeIgniter.php(353): CodeIgniter\CodeIgniter->handleRequest(null, Object(Config\Cache), false)
 9 FCPATH\index.php(79): CodeIgniter\CodeIgniter->run()
10 SYSTEMPATH\Commands\Server\rewrite.php(47): require_once('D:\\lelang\\public\\index.php')
CRITICAL - 2023-12-06 05:09:28 --> Attempt to read property "harga_akhir" on null
in APPPATH\Views\e_penawaran.php on line 30.
 1 APPPATH\Views\e_penawaran.php(30): CodeIgniter\Debug\Exceptions->errorHandler(2, 'Attempt to read property "harga_akhir" on null', 'D:\\lelang\\app\\Views\\e_penawaran.php', 30)
 2 SYSTEMPATH\View\View.php(226): include('D:\\lelang\\app\\Views\\e_penawaran.php')
 3 SYSTEMPATH\View\View.php(229): CodeIgniter\View\View->CodeIgniter\View\{closure}()
 4 SYSTEMPATH\Common.php(1188): CodeIgniter\View\View->render('e_penawaran', [], true)
 5 APPPATH\Controllers\Home.php(496): view('e_penawaran', [...])
 6 SYSTEMPATH\CodeIgniter.php(919): App\Controllers\Home->e_penawaran('1')
 7 SYSTEMPATH\CodeIgniter.php(494): CodeIgniter\CodeIgniter->runController(Object(App\Controllers\Home))
 8 SYSTEMPATH\CodeIgniter.php(353): CodeIgniter\CodeIgniter->handleRequest(null, Object(Config\Cache), false)
 9 FCPATH\index.php(79): CodeIgniter\CodeIgniter->run()
10 SYSTEMPATH\Commands\Server\rewrite.php(47): require_once('D:\\lelang\\public\\index.php')
CRITICAL - 2023-12-06 05:10:39 --> Undefined property: App\Controllers\Home::$db
in APPPATH\Controllers\Home.php on line 713.
 1 APPPATH\Controllers\Home.php(713): CodeIgniter\Debug\Exceptions->errorHandler(2, 'Undefined property: App\\Controllers\\Home::$db', 'D:\\lelang\\app\\Controllers\\Home.php', 713)
 2 SYSTEMPATH\CodeIgniter.php(919): App\Controllers\Home->excel()
 3 SYSTEMPATH\CodeIgniter.php(494): CodeIgniter\CodeIgniter->runController(Object(App\Controllers\Home))
 4 SYSTEMPATH\CodeIgniter.php(353): CodeIgniter\CodeIgniter->handleRequest(null, Object(Config\Cache), false)
 5 FCPATH\index.php(79): CodeIgniter\CodeIgniter->run()
 6 SYSTEMPATH\Commands\Server\rewrite.php(47): require_once('D:\\lelang\\public\\index.php')
CRITICAL - 2023-12-06 05:11:11 --> Attempt to read property "harga_akhir" on null
in APPPATH\Views\e_penawaran.php on line 30.
 1 APPPATH\Views\e_penawaran.php(30): CodeIgniter\Debug\Exceptions->errorHandler(2, 'Attempt to read property "harga_akhir" on null', 'D:\\lelang\\app\\Views\\e_penawaran.php', 30)
 2 SYSTEMPATH\View\View.php(226): include('D:\\lelang\\app\\Views\\e_penawaran.php')
 3 SYSTEMPATH\View\View.php(229): CodeIgniter\View\View->CodeIgniter\View\{closure}()
 4 SYSTEMPATH\Common.php(1188): CodeIgniter\View\View->render('e_penawaran', [], true)
 5 APPPATH\Controllers\Home.php(496): view('e_penawaran', [...])
 6 SYSTEMPATH\CodeIgniter.php(919): App\Controllers\Home->e_penawaran('1')
 7 SYSTEMPATH\CodeIgniter.php(494): CodeIgniter\CodeIgniter->runController(Object(App\Controllers\Home))
 8 SYSTEMPATH\CodeIgniter.php(353): CodeIgniter\CodeIgniter->handleRequest(null, Object(Config\Cache), false)
 9 FCPATH\index.php(79): CodeIgniter\CodeIgniter->run()
10 SYSTEMPATH\Commands\Server\rewrite.php(47): require_once('D:\\lelang\\public\\index.php')
CRITICAL - 2023-12-06 05:11:46 --> Attempt to read property "harga_akhir" on null
in APPPATH\Views\e_penawaran.php on line 30.
 1 APPPATH\Views\e_penawaran.php(30): CodeIgniter\Debug\Exceptions->errorHandler(2, 'Attempt to read property "harga_akhir" on null', 'D:\\lelang\\app\\Views\\e_penawaran.php', 30)
 2 SYSTEMPATH\View\View.php(226): include('D:\\lelang\\app\\Views\\e_penawaran.php')
 3 SYSTEMPATH\View\View.php(229): CodeIgniter\View\View->CodeIgniter\View\{closure}()
 4 SYSTEMPATH\Common.php(1188): CodeIgniter\View\View->render('e_penawaran', [], true)
 5 APPPATH\Controllers\Home.php(496): view('e_penawaran', [...])
 6 SYSTEMPATH\CodeIgniter.php(919): App\Controllers\Home->e_penawaran('1')
 7 SYSTEMPATH\CodeIgniter.php(494): CodeIgniter\CodeIgniter->runController(Object(App\Controllers\Home))
 8 SYSTEMPATH\CodeIgniter.php(353): CodeIgniter\CodeIgniter->handleRequest(null, Object(Config\Cache), false)
 9 FCPATH\index.php(79): CodeIgniter\CodeIgniter->run()
10 SYSTEMPATH\Commands\Server\rewrite.php(47): require_once('D:\\lelang\\public\\index.php')
CRITICAL - 2023-12-06 05:11:47 --> Attempt to read property "harga_akhir" on null
in APPPATH\Views\e_penawaran.php on line 30.
 1 APPPATH\Views\e_penawaran.php(30): CodeIgniter\Debug\Exceptions->errorHandler(2, 'Attempt to read property "harga_akhir" on null', 'D:\\lelang\\app\\Views\\e_penawaran.php', 30)
 2 SYSTEMPATH\View\View.php(226): include('D:\\lelang\\app\\Views\\e_penawaran.php')
 3 SYSTEMPATH\View\View.php(229): CodeIgniter\View\View->CodeIgniter\View\{closure}()
 4 SYSTEMPATH\Common.php(1188): CodeIgniter\View\View->render('e_penawaran', [], true)
 5 APPPATH\Controllers\Home.php(496): view('e_penawaran', [...])
 6 SYSTEMPATH\CodeIgniter.php(919): App\Controllers\Home->e_penawaran('1')
 7 SYSTEMPATH\CodeIgniter.php(494): CodeIgniter\CodeIgniter->runController(Object(App\Controllers\Home))
 8 SYSTEMPATH\CodeIgniter.php(353): CodeIgniter\CodeIgniter->handleRequest(null, Object(Config\Cache), false)
 9 FCPATH\index.php(79): CodeIgniter\CodeIgniter->run()
10 SYSTEMPATH\Commands\Server\rewrite.php(47): require_once('D:\\lelang\\public\\index.php')
CRITICAL - 2023-12-06 05:11:52 --> Attempt to read property "harga_akhir" on null
in APPPATH\Views\e_penawaran.php on line 30.
 1 APPPATH\Views\e_penawaran.php(30): CodeIgniter\Debug\Exceptions->errorHandler(2, 'Attempt to read property "harga_akhir" on null', 'D:\\lelang\\app\\Views\\e_penawaran.php', 30)
 2 SYSTEMPATH\View\View.php(226): include('D:\\lelang\\app\\Views\\e_penawaran.php')
 3 SYSTEMPATH\View\View.php(229): CodeIgniter\View\View->CodeIgniter\View\{closure}()
 4 SYSTEMPATH\Common.php(1188): CodeIgniter\View\View->render('e_penawaran', [], true)
 5 APPPATH\Controllers\Home.php(496): view('e_penawaran', [...])
 6 SYSTEMPATH\CodeIgniter.php(919): App\Controllers\Home->e_penawaran('1')
 7 SYSTEMPATH\CodeIgniter.php(494): CodeIgniter\CodeIgniter->runController(Object(App\Controllers\Home))
 8 SYSTEMPATH\CodeIgniter.php(353): CodeIgniter\CodeIgniter->handleRequest(null, Object(Config\Cache), false)
 9 FCPATH\index.php(79): CodeIgniter\CodeIgniter->run()
10 SYSTEMPATH\Commands\Server\rewrite.php(47): require_once('D:\\lelang\\public\\index.php')
CRITICAL - 2023-12-06 05:12:32 --> Attempt to read property "harga_akhir" on null
in APPPATH\Views\e_penawaran.php on line 30.
 1 APPPATH\Views\e_penawaran.php(30): CodeIgniter\Debug\Exceptions->errorHandler(2, 'Attempt to read property "harga_akhir" on null', 'D:\\lelang\\app\\Views\\e_penawaran.php', 30)
 2 SYSTEMPATH\View\View.php(226): include('D:\\lelang\\app\\Views\\e_penawaran.php')
 3 SYSTEMPATH\View\View.php(229): CodeIgniter\View\View->CodeIgniter\View\{closure}()
 4 SYSTEMPATH\Common.php(1188): CodeIgniter\View\View->render('e_penawaran', [], true)
 5 APPPATH\Controllers\Home.php(496): view('e_penawaran', [...])
 6 SYSTEMPATH\CodeIgniter.php(919): App\Controllers\Home->e_penawaran('1')
 7 SYSTEMPATH\CodeIgniter.php(494): CodeIgniter\CodeIgniter->runController(Object(App\Controllers\Home))
 8 SYSTEMPATH\CodeIgniter.php(353): CodeIgniter\CodeIgniter->handleRequest(null, Object(Config\Cache), false)
 9 FCPATH\index.php(79): CodeIgniter\CodeIgniter->run()
10 SYSTEMPATH\Commands\Server\rewrite.php(47): require_once('D:\\lelang\\public\\index.php')
CRITICAL - 2023-12-06 05:12:36 --> Attempt to read property "harga_akhir" on null
in APPPATH\Views\e_penawaran.php on line 30.
 1 APPPATH\Views\e_penawaran.php(30): CodeIgniter\Debug\Exceptions->errorHandler(2, 'Attempt to read property "harga_akhir" on null', 'D:\\lelang\\app\\Views\\e_penawaran.php', 30)
 2 SYSTEMPATH\View\View.php(226): include('D:\\lelang\\app\\Views\\e_penawaran.php')
 3 SYSTEMPATH\View\View.php(229): CodeIgniter\View\View->CodeIgniter\View\{closure}()
 4 SYSTEMPATH\Common.php(1188): CodeIgniter\View\View->render('e_penawaran', [], true)
 5 APPPATH\Controllers\Home.php(496): view('e_penawaran', [...])
 6 SYSTEMPATH\CodeIgniter.php(919): App\Controllers\Home->e_penawaran('1')
 7 SYSTEMPATH\CodeIgniter.php(494): CodeIgniter\CodeIgniter->runController(Object(App\Controllers\Home))
 8 SYSTEMPATH\CodeIgniter.php(353): CodeIgniter\CodeIgniter->handleRequest(null, Object(Config\Cache), false)
 9 FCPATH\index.php(79): CodeIgniter\CodeIgniter->run()
10 SYSTEMPATH\Commands\Server\rewrite.php(47): require_once('D:\\lelang\\public\\index.php')
CRITICAL - 2023-12-06 05:13:44 --> Attempt to read property "harga_akhir" on null
in APPPATH\Views\e_penawaran.php on line 30.
 1 APPPATH\Views\e_penawaran.php(30): CodeIgniter\Debug\Exceptions->errorHandler(2, 'Attempt to read property "harga_akhir" on null', 'D:\\lelang\\app\\Views\\e_penawaran.php', 30)
 2 SYSTEMPATH\View\View.php(226): include('D:\\lelang\\app\\Views\\e_penawaran.php')
 3 SYSTEMPATH\View\View.php(229): CodeIgniter\View\View->CodeIgniter\View\{closure}()
 4 SYSTEMPATH\Common.php(1188): CodeIgniter\View\View->render('e_penawaran', [], true)
 5 APPPATH\Controllers\Home.php(496): view('e_penawaran', [...])
 6 SYSTEMPATH\CodeIgniter.php(919): App\Controllers\Home->e_penawaran('1')
 7 SYSTEMPATH\CodeIgniter.php(494): CodeIgniter\CodeIgniter->runController(Object(App\Controllers\Home))
 8 SYSTEMPATH\CodeIgniter.php(353): CodeIgniter\CodeIgniter->handleRequest(null, Object(Config\Cache), false)
 9 FCPATH\index.php(79): CodeIgniter\CodeIgniter->run()
10 SYSTEMPATH\Commands\Server\rewrite.php(47): require_once('D:\\lelang\\public\\index.php')
CRITICAL - 2023-12-06 05:15:33 --> Attempt to read property "harga_akhir" on null
in APPPATH\Views\e_penawaran.php on line 30.
 1 APPPATH\Views\e_penawaran.php(30): CodeIgniter\Debug\Exceptions->errorHandler(2, 'Attempt to read property "harga_akhir" on null', 'D:\\lelang\\app\\Views\\e_penawaran.php', 30)
 2 SYSTEMPATH\View\View.php(226): include('D:\\lelang\\app\\Views\\e_penawaran.php')
 3 SYSTEMPATH\View\View.php(229): CodeIgniter\View\View->CodeIgniter\View\{closure}()
 4 SYSTEMPATH\Common.php(1188): CodeIgniter\View\View->render('e_penawaran', [], true)
 5 APPPATH\Controllers\Home.php(496): view('e_penawaran', [...])
 6 SYSTEMPATH\CodeIgniter.php(919): App\Controllers\Home->e_penawaran('1')
 7 SYSTEMPATH\CodeIgniter.php(494): CodeIgniter\CodeIgniter->runController(Object(App\Controllers\Home))
 8 SYSTEMPATH\CodeIgniter.php(353): CodeIgniter\CodeIgniter->handleRequest(null, Object(Config\Cache), false)
 9 FCPATH\index.php(79): CodeIgniter\CodeIgniter->run()
10 SYSTEMPATH\Commands\Server\rewrite.php(47): require_once('D:\\lelang\\public\\index.php')
CRITICAL - 2023-12-06 05:15:37 --> Attempt to read property "harga_akhir" on null
in APPPATH\Views\e_penawaran.php on line 30.
 1 APPPATH\Views\e_penawaran.php(30): CodeIgniter\Debug\Exceptions->errorHandler(2, 'Attempt to read property "harga_akhir" on null', 'D:\\lelang\\app\\Views\\e_penawaran.php', 30)
 2 SYSTEMPATH\View\View.php(226): include('D:\\lelang\\app\\Views\\e_penawaran.php')
 3 SYSTEMPATH\View\View.php(229): CodeIgniter\View\View->CodeIgniter\View\{closure}()
 4 SYSTEMPATH\Common.php(1188): CodeIgniter\View\View->render('e_penawaran', [], true)
 5 APPPATH\Controllers\Home.php(496): view('e_penawaran', [...])
 6 SYSTEMPATH\CodeIgniter.php(919): App\Controllers\Home->e_penawaran('1')
 7 SYSTEMPATH\CodeIgniter.php(494): CodeIgniter\CodeIgniter->runController(Object(App\Controllers\Home))
 8 SYSTEMPATH\CodeIgniter.php(353): CodeIgniter\CodeIgniter->handleRequest(null, Object(Config\Cache), false)
 9 FCPATH\index.php(79): CodeIgniter\CodeIgniter->run()
10 SYSTEMPATH\Commands\Server\rewrite.php(47): require_once('D:\\lelang\\public\\index.php')
CRITICAL - 2023-12-06 05:16:13 --> Undefined property: App\Controllers\Home::$db
in APPPATH\Controllers\Home.php on line 713.
 1 APPPATH\Controllers\Home.php(713): CodeIgniter\Debug\Exceptions->errorHandler(2, 'Undefined property: App\\Controllers\\Home::$db', 'D:\\lelang\\app\\Controllers\\Home.php', 713)
 2 SYSTEMPATH\CodeIgniter.php(919): App\Controllers\Home->excel()
 3 SYSTEMPATH\CodeIgniter.php(494): CodeIgniter\CodeIgniter->runController(Object(App\Controllers\Home))
 4 SYSTEMPATH\CodeIgniter.php(353): CodeIgniter\CodeIgniter->handleRequest(null, Object(Config\Cache), false)
 5 FCPATH\index.php(79): CodeIgniter\CodeIgniter->run()
 6 SYSTEMPATH\Commands\Server\rewrite.php(47): require_once('D:\\lelang\\public\\index.php')
CRITICAL - 2023-12-06 05:16:45 --> Undefined variable $db
in APPPATH\Controllers\Home.php on line 713.
 1 APPPATH\Controllers\Home.php(713): CodeIgniter\Debug\Exceptions->errorHandler(2, 'Undefined variable $db', 'D:\\lelang\\app\\Controllers\\Home.php', 713)
 2 SYSTEMPATH\CodeIgniter.php(919): App\Controllers\Home->excel()
 3 SYSTEMPATH\CodeIgniter.php(494): CodeIgniter\CodeIgniter->runController(Object(App\Controllers\Home))
 4 SYSTEMPATH\CodeIgniter.php(353): CodeIgniter\CodeIgniter->handleRequest(null, Object(Config\Cache), false)
 5 FCPATH\index.php(79): CodeIgniter\CodeIgniter->run()
 6 SYSTEMPATH\Commands\Server\rewrite.php(47): require_once('D:\\lelang\\public\\index.php')
CRITICAL - 2023-12-06 05:16:51 --> Undefined property: App\Controllers\Home::$db
in APPPATH\Controllers\Home.php on line 713.
 1 APPPATH\Controllers\Home.php(713): CodeIgniter\Debug\Exceptions->errorHandler(2, 'Undefined property: App\\Controllers\\Home::$db', 'D:\\lelang\\app\\Controllers\\Home.php', 713)
 2 SYSTEMPATH\CodeIgniter.php(919): App\Controllers\Home->excel()
 3 SYSTEMPATH\CodeIgniter.php(494): CodeIgniter\CodeIgniter->runController(Object(App\Controllers\Home))
 4 SYSTEMPATH\CodeIgniter.php(353): CodeIgniter\CodeIgniter->handleRequest(null, Object(Config\Cache), false)
 5 FCPATH\index.php(79): CodeIgniter\CodeIgniter->run()
 6 SYSTEMPATH\Commands\Server\rewrite.php(47): require_once('D:\\lelang\\public\\index.php')
CRITICAL - 2023-12-06 05:21:28 --> Undefined property: App\Controllers\Home::$Gudang
in APPPATH\Controllers\Home.php on line 693.
 1 APPPATH\Controllers\Home.php(693): CodeIgniter\Debug\Exceptions->errorHandler(2, 'Undefined property: App\\Controllers\\Home::$Gudang', 'D:\\lelang\\app\\Controllers\\Home.php', 693)
 2 SYSTEMPATH\CodeIgniter.php(919): App\Controllers\Home->excel()
 3 SYSTEMPATH\CodeIgniter.php(494): CodeIgniter\CodeIgniter->runController(Object(App\Controllers\Home))
 4 SYSTEMPATH\CodeIgniter.php(353): CodeIgniter\CodeIgniter->handleRequest(null, Object(Config\Cache), false)
 5 FCPATH\index.php(79): CodeIgniter\CodeIgniter->run()
 6 SYSTEMPATH\Commands\Server\rewrite.php(47): require_once('D:\\lelang\\public\\index.php')
CRITICAL - 2023-12-06 05:26:45 --> Attempt to read property "harga_akhir" on null
in APPPATH\Views\e_penawaran.php on line 30.
 1 APPPATH\Views\e_penawaran.php(30): CodeIgniter\Debug\Exceptions->errorHandler(2, 'Attempt to read property "harga_akhir" on null', 'D:\\lelang\\app\\Views\\e_penawaran.php', 30)
 2 SYSTEMPATH\View\View.php(226): include('D:\\lelang\\app\\Views\\e_penawaran.php')
 3 SYSTEMPATH\View\View.php(229): CodeIgniter\View\View->CodeIgniter\View\{closure}()
 4 SYSTEMPATH\Common.php(1188): CodeIgniter\View\View->render('e_penawaran', [], true)
 5 APPPATH\Controllers\Home.php(496): view('e_penawaran', [...])
 6 SYSTEMPATH\CodeIgniter.php(919): App\Controllers\Home->e_penawaran('1')
 7 SYSTEMPATH\CodeIgniter.php(494): CodeIgniter\CodeIgniter->runController(Object(App\Controllers\Home))
 8 SYSTEMPATH\CodeIgniter.php(353): CodeIgniter\CodeIgniter->handleRequest(null, Object(Config\Cache), false)
 9 FCPATH\index.php(79): CodeIgniter\CodeIgniter->run()
10 SYSTEMPATH\Commands\Server\rewrite.php(47): require_once('D:\\lelang\\public\\index.php')
CRITICAL - 2023-12-06 05:56:38 --> Attempt to read property "harga_akhir" on null
in APPPATH\Views\e_penawaran.php on line 28.
 1 APPPATH\Views\e_penawaran.php(28): CodeIgniter\Debug\Exceptions->errorHandler(2, 'Attempt to read property "harga_akhir" on null', 'D:\\lelang\\app\\Views\\e_penawaran.php', 28)
 2 SYSTEMPATH\View\View.php(226): include('D:\\lelang\\app\\Views\\e_penawaran.php')
 3 SYSTEMPATH\View\View.php(229): CodeIgniter\View\View->CodeIgniter\View\{closure}()
 4 SYSTEMPATH\Common.php(1188): CodeIgniter\View\View->render('e_penawaran', [], true)
 5 APPPATH\Controllers\Home.php(496): view('e_penawaran', [...])
 6 SYSTEMPATH\CodeIgniter.php(919): App\Controllers\Home->e_penawaran('1')
 7 SYSTEMPATH\CodeIgniter.php(494): CodeIgniter\CodeIgniter->runController(Object(App\Controllers\Home))
 8 SYSTEMPATH\CodeIgniter.php(353): CodeIgniter\CodeIgniter->handleRequest(null, Object(Config\Cache), false)
 9 FCPATH\index.php(79): CodeIgniter\CodeIgniter->run()
10 SYSTEMPATH\Commands\Server\rewrite.php(47): require_once('D:\\lelang\\public\\index.php')
CRITICAL - 2023-12-06 05:58:00 --> Attempt to read property "harga_akhir" on null
in APPPATH\Views\e_penawaran.php on line 28.
 1 APPPATH\Views\e_penawaran.php(28): CodeIgniter\Debug\Exceptions->errorHandler(2, 'Attempt to read property "harga_akhir" on null', 'D:\\lelang\\app\\Views\\e_penawaran.php', 28)
 2 SYSTEMPATH\View\View.php(226): include('D:\\lelang\\app\\Views\\e_penawaran.php')
 3 SYSTEMPATH\View\View.php(229): CodeIgniter\View\View->CodeIgniter\View\{closure}()
 4 SYSTEMPATH\Common.php(1188): CodeIgniter\View\View->render('e_penawaran', [], true)
 5 APPPATH\Controllers\Home.php(496): view('e_penawaran', [...])
 6 SYSTEMPATH\CodeIgniter.php(919): App\Controllers\Home->e_penawaran('1')
 7 SYSTEMPATH\CodeIgniter.php(494): CodeIgniter\CodeIgniter->runController(Object(App\Controllers\Home))
 8 SYSTEMPATH\CodeIgniter.php(353): CodeIgniter\CodeIgniter->handleRequest(null, Object(Config\Cache), false)
 9 FCPATH\index.php(79): CodeIgniter\CodeIgniter->run()
10 SYSTEMPATH\Commands\Server\rewrite.php(47): require_once('D:\\lelang\\public\\index.php')
CRITICAL - 2023-12-06 05:58:00 --> Attempt to read property "harga_akhir" on null
in APPPATH\Views\e_penawaran.php on line 28.
 1 APPPATH\Views\e_penawaran.php(28): CodeIgniter\Debug\Exceptions->errorHandler(2, 'Attempt to read property "harga_akhir" on null', 'D:\\lelang\\app\\Views\\e_penawaran.php', 28)
 2 SYSTEMPATH\View\View.php(226): include('D:\\lelang\\app\\Views\\e_penawaran.php')
 3 SYSTEMPATH\View\View.php(229): CodeIgniter\View\View->CodeIgniter\View\{closure}()
 4 SYSTEMPATH\Common.php(1188): CodeIgniter\View\View->render('e_penawaran', [], true)
 5 APPPATH\Controllers\Home.php(496): view('e_penawaran', [...])
 6 SYSTEMPATH\CodeIgniter.php(919): App\Controllers\Home->e_penawaran('1')
 7 SYSTEMPATH\CodeIgniter.php(494): CodeIgniter\CodeIgniter->runController(Object(App\Controllers\Home))
 8 SYSTEMPATH\CodeIgniter.php(353): CodeIgniter\CodeIgniter->handleRequest(null, Object(Config\Cache), false)
 9 FCPATH\index.php(79): CodeIgniter\CodeIgniter->run()
10 SYSTEMPATH\Commands\Server\rewrite.php(47): require_once('D:\\lelang\\public\\index.php')
CRITICAL - 2023-12-06 05:58:00 --> Attempt to read property "harga_akhir" on null
in APPPATH\Views\e_penawaran.php on line 28.
 1 APPPATH\Views\e_penawaran.php(28): CodeIgniter\Debug\Exceptions->errorHandler(2, 'Attempt to read property "harga_akhir" on null', 'D:\\lelang\\app\\Views\\e_penawaran.php', 28)
 2 SYSTEMPATH\View\View.php(226): include('D:\\lelang\\app\\Views\\e_penawaran.php')
 3 SYSTEMPATH\View\View.php(229): CodeIgniter\View\View->CodeIgniter\View\{closure}()
 4 SYSTEMPATH\Common.php(1188): CodeIgniter\View\View->render('e_penawaran', [], true)
 5 APPPATH\Controllers\Home.php(496): view('e_penawaran', [...])
 6 SYSTEMPATH\CodeIgniter.php(919): App\Controllers\Home->e_penawaran('1')
 7 SYSTEMPATH\CodeIgniter.php(494): CodeIgniter\CodeIgniter->runController(Object(App\Controllers\Home))
 8 SYSTEMPATH\CodeIgniter.php(353): CodeIgniter\CodeIgniter->handleRequest(null, Object(Config\Cache), false)
 9 FCPATH\index.php(79): CodeIgniter\CodeIgniter->run()
10 SYSTEMPATH\Commands\Server\rewrite.php(47): require_once('D:\\lelang\\public\\index.php')
CRITICAL - 2023-12-06 06:03:55 --> Undefined property: stdClass::$id_lelang
in APPPATH\Views\barang.php on line 73.
 1 APPPATH\Views\barang.php(73): CodeIgniter\Debug\Exceptions->errorHandler(2, 'Undefined property: stdClass::$id_lelang', 'D:\\lelang\\app\\Views\\barang.php', 73)
 2 SYSTEMPATH\View\View.php(226): include('D:\\lelang\\app\\Views\\barang.php')
 3 SYSTEMPATH\View\View.php(229): CodeIgniter\View\View->CodeIgniter\View\{closure}()
 4 SYSTEMPATH\Common.php(1188): CodeIgniter\View\View->render('barang', [], true)
 5 APPPATH\Controllers\Home.php(282): view('barang', [...])
 6 SYSTEMPATH\CodeIgniter.php(919): App\Controllers\Home->barang()
 7 SYSTEMPATH\CodeIgniter.php(494): CodeIgniter\CodeIgniter->runController(Object(App\Controllers\Home))
 8 SYSTEMPATH\CodeIgniter.php(353): CodeIgniter\CodeIgniter->handleRequest(null, Object(Config\Cache), false)
 9 FCPATH\index.php(79): CodeIgniter\CodeIgniter->run()
10 SYSTEMPATH\Commands\Server\rewrite.php(47): require_once('D:\\lelang\\public\\index.php')
CRITICAL - 2023-12-06 06:04:28 --> Attempt to read property "harga_akhir" on null
in APPPATH\Views\e_penawaran.php on line 28.
 1 APPPATH\Views\e_penawaran.php(28): CodeIgniter\Debug\Exceptions->errorHandler(2, 'Attempt to read property "harga_akhir" on null', 'D:\\lelang\\app\\Views\\e_penawaran.php', 28)
 2 SYSTEMPATH\View\View.php(226): include('D:\\lelang\\app\\Views\\e_penawaran.php')
 3 SYSTEMPATH\View\View.php(229): CodeIgniter\View\View->CodeIgniter\View\{closure}()
 4 SYSTEMPATH\Common.php(1188): CodeIgniter\View\View->render('e_penawaran', [], true)
 5 APPPATH\Controllers\Home.php(496): view('e_penawaran', [...])
 6 SYSTEMPATH\CodeIgniter.php(919): App\Controllers\Home->e_penawaran('1')
 7 SYSTEMPATH\CodeIgniter.php(494): CodeIgniter\CodeIgniter->runController(Object(App\Controllers\Home))
 8 SYSTEMPATH\CodeIgniter.php(353): CodeIgniter\CodeIgniter->handleRequest(null, Object(Config\Cache), false)
 9 FCPATH\index.php(79): CodeIgniter\CodeIgniter->run()
10 SYSTEMPATH\Commands\Server\rewrite.php(47): require_once('D:\\lelang\\public\\index.php')
CRITICAL - 2023-12-06 06:04:39 --> Attempt to read property "harga_akhir" on null
in APPPATH\Views\e_penawaran.php on line 28.
 1 APPPATH\Views\e_penawaran.php(28): CodeIgniter\Debug\Exceptions->errorHandler(2, 'Attempt to read property "harga_akhir" on null', 'D:\\lelang\\app\\Views\\e_penawaran.php', 28)
 2 SYSTEMPATH\View\View.php(226): include('D:\\lelang\\app\\Views\\e_penawaran.php')
 3 SYSTEMPATH\View\View.php(229): CodeIgniter\View\View->CodeIgniter\View\{closure}()
 4 SYSTEMPATH\Common.php(1188): CodeIgniter\View\View->render('e_penawaran', [], true)
 5 APPPATH\Controllers\Home.php(496): view('e_penawaran', [...])
 6 SYSTEMPATH\CodeIgniter.php(919): App\Controllers\Home->e_penawaran('1')
 7 SYSTEMPATH\CodeIgniter.php(494): CodeIgniter\CodeIgniter->runController(Object(App\Controllers\Home))
 8 SYSTEMPATH\CodeIgniter.php(353): CodeIgniter\CodeIgniter->handleRequest(null, Object(Config\Cache), false)
 9 FCPATH\index.php(79): CodeIgniter\CodeIgniter->run()
10 SYSTEMPATH\Commands\Server\rewrite.php(47): require_once('D:\\lelang\\public\\index.php')
CRITICAL - 2023-12-06 06:04:40 --> Undefined property: stdClass::$id_lelang
in APPPATH\Views\barang.php on line 73.
 1 APPPATH\Views\barang.php(73): CodeIgniter\Debug\Exceptions->errorHandler(2, 'Undefined property: stdClass::$id_lelang', 'D:\\lelang\\app\\Views\\barang.php', 73)
 2 SYSTEMPATH\View\View.php(226): include('D:\\lelang\\app\\Views\\barang.php')
 3 SYSTEMPATH\View\View.php(229): CodeIgniter\View\View->CodeIgniter\View\{closure}()
 4 SYSTEMPATH\Common.php(1188): CodeIgniter\View\View->render('barang', [], true)
 5 APPPATH\Controllers\Home.php(282): view('barang', [...])
 6 SYSTEMPATH\CodeIgniter.php(919): App\Controllers\Home->barang()
 7 SYSTEMPATH\CodeIgniter.php(494): CodeIgniter\CodeIgniter->runController(Object(App\Controllers\Home))
 8 SYSTEMPATH\CodeIgniter.php(353): CodeIgniter\CodeIgniter->handleRequest(null, Object(Config\Cache), false)
 9 FCPATH\index.php(79): CodeIgniter\CodeIgniter->run()
10 SYSTEMPATH\Commands\Server\rewrite.php(47): require_once('D:\\lelang\\public\\index.php')
CRITICAL - 2023-12-06 06:04:46 --> Undefined property: stdClass::$id_lelang
in APPPATH\Views\barang.php on line 73.
 1 APPPATH\Views\barang.php(73): CodeIgniter\Debug\Exceptions->errorHandler(2, 'Undefined property: stdClass::$id_lelang', 'D:\\lelang\\app\\Views\\barang.php', 73)
 2 SYSTEMPATH\View\View.php(226): include('D:\\lelang\\app\\Views\\barang.php')
 3 SYSTEMPATH\View\View.php(229): CodeIgniter\View\View->CodeIgniter\View\{closure}()
 4 SYSTEMPATH\Common.php(1188): CodeIgniter\View\View->render('barang', [], true)
 5 APPPATH\Controllers\Home.php(282): view('barang', [...])
 6 SYSTEMPATH\CodeIgniter.php(919): App\Controllers\Home->barang()
 7 SYSTEMPATH\CodeIgniter.php(494): CodeIgniter\CodeIgniter->runController(Object(App\Controllers\Home))
 8 SYSTEMPATH\CodeIgniter.php(353): CodeIgniter\CodeIgniter->handleRequest(null, Object(Config\Cache), false)
 9 FCPATH\index.php(79): CodeIgniter\CodeIgniter->run()
10 SYSTEMPATH\Commands\Server\rewrite.php(47): require_once('D:\\lelang\\public\\index.php')
CRITICAL - 2023-12-06 06:12:10 --> Attempt to read property "harga_akhir" on null
in APPPATH\Views\e_penawaran.php on line 28.
 1 APPPATH\Views\e_penawaran.php(28): CodeIgniter\Debug\Exceptions->errorHandler(2, 'Attempt to read property "harga_akhir" on null', 'D:\\lelang\\app\\Views\\e_penawaran.php', 28)
 2 SYSTEMPATH\View\View.php(226): include('D:\\lelang\\app\\Views\\e_penawaran.php')
 3 SYSTEMPATH\View\View.php(229): CodeIgniter\View\View->CodeIgniter\View\{closure}()
 4 SYSTEMPATH\Common.php(1188): CodeIgniter\View\View->render('e_penawaran', [], true)
 5 APPPATH\Controllers\Home.php(496): view('e_penawaran', [...])
 6 SYSTEMPATH\CodeIgniter.php(919): App\Controllers\Home->e_penawaran('1')
 7 SYSTEMPATH\CodeIgniter.php(494): CodeIgniter\CodeIgniter->runController(Object(App\Controllers\Home))
 8 SYSTEMPATH\CodeIgniter.php(353): CodeIgniter\CodeIgniter->handleRequest(null, Object(Config\Cache), false)
 9 FCPATH\index.php(79): CodeIgniter\CodeIgniter->run()
10 SYSTEMPATH\Commands\Server\rewrite.php(47): require_once('D:\\lelang\\public\\index.php')
CRITICAL - 2023-12-06 06:18:01 --> syntax error, unexpected token "public", expecting end of file
in APPPATH\Controllers\Home.php on line 567.
 1 SYSTEMPATH\Autoloader\Autoloader.php(285): CodeIgniter\Autoloader\Autoloader->includeFile('D:\\lelang\\app\\Controllers\\Home.php')
 2 SYSTEMPATH\Autoloader\Autoloader.php(263): CodeIgniter\Autoloader\Autoloader->loadInNamespace('App\\Controllers\\Home')
 3 [internal function]: CodeIgniter\Autoloader\Autoloader->loadClass('App\\Controllers\\Home')
 4 SYSTEMPATH\CodeIgniter.php(877): class_exists('\\App\\Controllers\\Home', true)
 5 SYSTEMPATH\CodeIgniter.php(481): CodeIgniter\CodeIgniter->startController()
 6 SYSTEMPATH\CodeIgniter.php(353): CodeIgniter\CodeIgniter->handleRequest(null, Object(Config\Cache), false)
 7 FCPATH\index.php(79): CodeIgniter\CodeIgniter->run()
 8 SYSTEMPATH\Commands\Server\rewrite.php(47): require_once('D:\\lelang\\public\\index.php')
CRITICAL - 2023-12-06 06:18:11 --> Cannot redeclare App\Controllers\Home::aksi_penawaran()
in APPPATH\Controllers\Home.php on line 521.
 1 [internal function]: CodeIgniter\Debug\Exceptions->shutdownHandler()
CRITICAL - 2023-12-06 06:18:46 --> Class "App\Controllers\M_lelang" not found
in APPPATH\Controllers\Home.php on line 489.
 1 SYSTEMPATH\CodeIgniter.php(919): App\Controllers\Home->Bid('1')
 2 SYSTEMPATH\CodeIgniter.php(494): CodeIgniter\CodeIgniter->runController(Object(App\Controllers\Home))
 3 SYSTEMPATH\CodeIgniter.php(353): CodeIgniter\CodeIgniter->handleRequest(null, Object(Config\Cache), false)
 4 FCPATH\index.php(79): CodeIgniter\CodeIgniter->run()
 5 SYSTEMPATH\Commands\Server\rewrite.php(47): require_once('D:\\lelang\\public\\index.php')
CRITICAL - 2023-12-06 06:19:01 --> Invalid file: "Bid.php"
in SYSTEMPATH\Exceptions\FrameworkException.php on line 39.
 1 SYSTEMPATH\View\View.php(214): CodeIgniter\Exceptions\FrameworkException::forInvalidFile('Bid.php')
 2 SYSTEMPATH\Common.php(1188): CodeIgniter\View\View->render('Bid', [], true)
 3 APPPATH\Controllers\Home.php(494): view('Bid', [...])
 4 SYSTEMPATH\CodeIgniter.php(919): App\Controllers\Home->Bid('1')
 5 SYSTEMPATH\CodeIgniter.php(494): CodeIgniter\CodeIgniter->runController(Object(App\Controllers\Home))
 6 SYSTEMPATH\CodeIgniter.php(353): CodeIgniter\CodeIgniter->handleRequest(null, Object(Config\Cache), false)
 7 FCPATH\index.php(79): CodeIgniter\CodeIgniter->run()
 8 SYSTEMPATH\Commands\Server\rewrite.php(47): require_once('D:\\lelang\\public\\index.php')
CRITICAL - 2023-12-06 06:21:01 --> You must set the database table to be used with your query.
in SYSTEMPATH\Database\BaseConnection.php on line 883.
 1 SYSTEMPATH\Model.php(635): CodeIgniter\Database\BaseConnection->table(null)
 2 SYSTEMPATH\Model.php(863): CodeIgniter\Model->builder()
 3 APPPATH\Controllers\Home.php(713): CodeIgniter\Model->__call('getPreviousHarga', [...])
 4 SYSTEMPATH\CodeIgniter.php(919): App\Controllers\Home->aksi_penawaran()
 5 SYSTEMPATH\CodeIgniter.php(494): CodeIgniter\CodeIgniter->runController(Object(App\Controllers\Home))
 6 SYSTEMPATH\CodeIgniter.php(353): CodeIgniter\CodeIgniter->handleRequest(null, Object(Config\Cache), false)
 7 FCPATH\index.php(79): CodeIgniter\CodeIgniter->run()
 8 SYSTEMPATH\Commands\Server\rewrite.php(47): require_once('D:\\lelang\\public\\index.php')
CRITICAL - 2023-12-06 06:22:06 --> You must set the database table to be used with your query.
in SYSTEMPATH\Database\BaseConnection.php on line 883.
 1 SYSTEMPATH\Model.php(635): CodeIgniter\Database\BaseConnection->table(null)
 2 SYSTEMPATH\Model.php(863): CodeIgniter\Model->builder()
 3 APPPATH\Controllers\Home.php(713): CodeIgniter\Model->__call('getPreviousHarga', [...])
 4 SYSTEMPATH\CodeIgniter.php(919): App\Controllers\Home->aksi_penawaran()
 5 SYSTEMPATH\CodeIgniter.php(494): CodeIgniter\CodeIgniter->runController(Object(App\Controllers\Home))
 6 SYSTEMPATH\CodeIgniter.php(353): CodeIgniter\CodeIgniter->handleRequest(null, Object(Config\Cache), false)
 7 FCPATH\index.php(79): CodeIgniter\CodeIgniter->run()
 8 SYSTEMPATH\Commands\Server\rewrite.php(47): require_once('D:\\lelang\\public\\index.php')
CRITICAL - 2023-12-06 06:23:00 --> You must set the database table to be used with your query.
in SYSTEMPATH\Database\BaseConnection.php on line 883.
 1 SYSTEMPATH\Model.php(635): CodeIgniter\Database\BaseConnection->table(null)
 2 SYSTEMPATH\Model.php(863): CodeIgniter\Model->builder()
 3 APPPATH\Controllers\Home.php(713): CodeIgniter\Model->__call('getPreviousHarga', [...])
 4 SYSTEMPATH\CodeIgniter.php(919): App\Controllers\Home->aksi_penawaran()
 5 SYSTEMPATH\CodeIgniter.php(494): CodeIgniter\CodeIgniter->runController(Object(App\Controllers\Home))
 6 SYSTEMPATH\CodeIgniter.php(353): CodeIgniter\CodeIgniter->handleRequest(null, Object(Config\Cache), false)
 7 FCPATH\index.php(79): CodeIgniter\CodeIgniter->run()
 8 SYSTEMPATH\Commands\Server\rewrite.php(47): require_once('D:\\lelang\\public\\index.php')
CRITICAL - 2023-12-06 06:25:21 --> You must set the database table to be used with your query.
in SYSTEMPATH\Database\BaseConnection.php on line 883.
 1 SYSTEMPATH\Model.php(635): CodeIgniter\Database\BaseConnection->table(null)
 2 SYSTEMPATH\Model.php(863): CodeIgniter\Model->builder()
 3 APPPATH\Controllers\Home.php(715): CodeIgniter\Model->__call('getPreviousHarga', [...])
 4 SYSTEMPATH\CodeIgniter.php(919): App\Controllers\Home->aksi_penawaran()
 5 SYSTEMPATH\CodeIgniter.php(494): CodeIgniter\CodeIgniter->runController(Object(App\Controllers\Home))
 6 SYSTEMPATH\CodeIgniter.php(353): CodeIgniter\CodeIgniter->handleRequest(null, Object(Config\Cache), false)
 7 FCPATH\index.php(79): CodeIgniter\CodeIgniter->run()
 8 SYSTEMPATH\Commands\Server\rewrite.php(47): require_once('D:\\lelang\\public\\index.php')
CRITICAL - 2023-12-06 06:25:55 --> You must set the database table to be used with your query.
in SYSTEMPATH\Database\BaseConnection.php on line 883.
 1 SYSTEMPATH\Model.php(635): CodeIgniter\Database\BaseConnection->table(null)
 2 SYSTEMPATH\Model.php(863): CodeIgniter\Model->builder()
 3 APPPATH\Controllers\Home.php(715): CodeIgniter\Model->__call('getPreviousHarga', [...])
 4 SYSTEMPATH\CodeIgniter.php(919): App\Controllers\Home->aksi_penawaran()
 5 SYSTEMPATH\CodeIgniter.php(494): CodeIgniter\CodeIgniter->runController(Object(App\Controllers\Home))
 6 SYSTEMPATH\CodeIgniter.php(353): CodeIgniter\CodeIgniter->handleRequest(null, Object(Config\Cache), false)
 7 FCPATH\index.php(79): CodeIgniter\CodeIgniter->run()
 8 SYSTEMPATH\Commands\Server\rewrite.php(47): require_once('D:\\lelang\\public\\index.php')
CRITICAL - 2023-12-06 06:25:59 --> You must set the database table to be used with your query.
in SYSTEMPATH\Database\BaseConnection.php on line 883.
 1 SYSTEMPATH\Model.php(635): CodeIgniter\Database\BaseConnection->table(null)
 2 SYSTEMPATH\Model.php(863): CodeIgniter\Model->builder()
 3 APPPATH\Controllers\Home.php(715): CodeIgniter\Model->__call('getPreviousHarga', [...])
 4 SYSTEMPATH\CodeIgniter.php(919): App\Controllers\Home->aksi_penawaran()
 5 SYSTEMPATH\CodeIgniter.php(494): CodeIgniter\CodeIgniter->runController(Object(App\Controllers\Home))
 6 SYSTEMPATH\CodeIgniter.php(353): CodeIgniter\CodeIgniter->handleRequest(null, Object(Config\Cache), false)
 7 FCPATH\index.php(79): CodeIgniter\CodeIgniter->run()
 8 SYSTEMPATH\Commands\Server\rewrite.php(47): require_once('D:\\lelang\\public\\index.php')
CRITICAL - 2023-12-06 06:32:50 --> Undefined property: App\Controllers\Home::$db
in APPPATH\Controllers\Home.php on line 666.
 1 APPPATH\Controllers\Home.php(666): CodeIgniter\Debug\Exceptions->errorHandler(2, 'Undefined property: App\\Controllers\\Home::$db', 'D:\\lelang\\app\\Controllers\\Home.php', 666)
 2 SYSTEMPATH\CodeIgniter.php(919): App\Controllers\Home->excel()
 3 SYSTEMPATH\CodeIgniter.php(494): CodeIgniter\CodeIgniter->runController(Object(App\Controllers\Home))
 4 SYSTEMPATH\CodeIgniter.php(353): CodeIgniter\CodeIgniter->handleRequest(null, Object(Config\Cache), false)
 5 FCPATH\index.php(79): CodeIgniter\CodeIgniter->run()
 6 SYSTEMPATH\Commands\Server\rewrite.php(47): require_once('D:\\lelang\\public\\index.php')
CRITICAL - 2023-12-06 06:54:24 --> Undefined property: App\Controllers\Home::$db
in APPPATH\Controllers\Home.php on line 666.
 1 APPPATH\Controllers\Home.php(666): CodeIgniter\Debug\Exceptions->errorHandler(2, 'Undefined property: App\\Controllers\\Home::$db', 'D:\\lelang\\app\\Controllers\\Home.php', 666)
 2 SYSTEMPATH\CodeIgniter.php(919): App\Controllers\Home->excel()
 3 SYSTEMPATH\CodeIgniter.php(494): CodeIgniter\CodeIgniter->runController(Object(App\Controllers\Home))
 4 SYSTEMPATH\CodeIgniter.php(353): CodeIgniter\CodeIgniter->handleRequest(null, Object(Config\Cache), false)
 5 FCPATH\index.php(79): CodeIgniter\CodeIgniter->run()
 6 SYSTEMPATH\Commands\Server\rewrite.php(47): require_once('D:\\lelang\\public\\index.php')
CRITICAL - 2023-12-06 06:57:11 --> syntax error, unexpected token "public", expecting end of file
in APPPATH\Controllers\Home.php on line 704.
 1 SYSTEMPATH\Autoloader\Autoloader.php(285): CodeIgniter\Autoloader\Autoloader->includeFile('D:\\lelang\\app\\Controllers\\Home.php')
 2 SYSTEMPATH\Autoloader\Autoloader.php(263): CodeIgniter\Autoloader\Autoloader->loadInNamespace('App\\Controllers\\Home')
 3 [internal function]: CodeIgniter\Autoloader\Autoloader->loadClass('App\\Controllers\\Home')
 4 SYSTEMPATH\CodeIgniter.php(877): class_exists('\\App\\Controllers\\Home', true)
 5 SYSTEMPATH\CodeIgniter.php(481): CodeIgniter\CodeIgniter->startController()
 6 SYSTEMPATH\CodeIgniter.php(353): CodeIgniter\CodeIgniter->handleRequest(null, Object(Config\Cache), false)
 7 FCPATH\index.php(79): CodeIgniter\CodeIgniter->run()
 8 SYSTEMPATH\Commands\Server\rewrite.php(47): require_once('D:\\lelang\\public\\index.php')
CRITICAL - 2023-12-06 06:57:19 --> Undefined property: App\Controllers\Home::$Gudang
in APPPATH\Controllers\Home.php on line 646.
 1 APPPATH\Controllers\Home.php(646): CodeIgniter\Debug\Exceptions->errorHandler(2, 'Undefined property: App\\Controllers\\Home::$Gudang', 'D:\\lelang\\app\\Controllers\\Home.php', 646)
 2 SYSTEMPATH\CodeIgniter.php(919): App\Controllers\Home->excel()
 3 SYSTEMPATH\CodeIgniter.php(494): CodeIgniter\CodeIgniter->runController(Object(App\Controllers\Home))
 4 SYSTEMPATH\CodeIgniter.php(353): CodeIgniter\CodeIgniter->handleRequest(null, Object(Config\Cache), false)
 5 FCPATH\index.php(79): CodeIgniter\CodeIgniter->run()
 6 SYSTEMPATH\Commands\Server\rewrite.php(47): require_once('D:\\lelang\\public\\index.php')
CRITICAL - 2023-12-06 07:00:13 --> Undefined property: App\Controllers\Home::$Gudang
in APPPATH\Controllers\Home.php on line 646.
 1 APPPATH\Controllers\Home.php(646): CodeIgniter\Debug\Exceptions->errorHandler(2, 'Undefined property: App\\Controllers\\Home::$Gudang', 'D:\\lelang\\app\\Controllers\\Home.php', 646)
 2 SYSTEMPATH\CodeIgniter.php(919): App\Controllers\Home->excel()
 3 SYSTEMPATH\CodeIgniter.php(494): CodeIgniter\CodeIgniter->runController(Object(App\Controllers\Home))
 4 SYSTEMPATH\CodeIgniter.php(353): CodeIgniter\CodeIgniter->handleRequest(null, Object(Config\Cache), false)
 5 FCPATH\index.php(79): CodeIgniter\CodeIgniter->run()
 6 SYSTEMPATH\Commands\Server\rewrite.php(47): require_once('D:\\lelang\\public\\index.php')
CRITICAL - 2023-12-06 07:00:14 --> Undefined property: App\Controllers\Home::$Gudang
in APPPATH\Controllers\Home.php on line 646.
 1 APPPATH\Controllers\Home.php(646): CodeIgniter\Debug\Exceptions->errorHandler(2, 'Undefined property: App\\Controllers\\Home::$Gudang', 'D:\\lelang\\app\\Controllers\\Home.php', 646)
 2 SYSTEMPATH\CodeIgniter.php(919): App\Controllers\Home->excel()
 3 SYSTEMPATH\CodeIgniter.php(494): CodeIgniter\CodeIgniter->runController(Object(App\Controllers\Home))
 4 SYSTEMPATH\CodeIgniter.php(353): CodeIgniter\CodeIgniter->handleRequest(null, Object(Config\Cache), false)
 5 FCPATH\index.php(79): CodeIgniter\CodeIgniter->run()
 6 SYSTEMPATH\Commands\Server\rewrite.php(47): require_once('D:\\lelang\\public\\index.php')
CRITICAL - 2023-12-06 07:00:14 --> Undefined property: App\Controllers\Home::$Gudang
in APPPATH\Controllers\Home.php on line 646.
 1 APPPATH\Controllers\Home.php(646): CodeIgniter\Debug\Exceptions->errorHandler(2, 'Undefined property: App\\Controllers\\Home::$Gudang', 'D:\\lelang\\app\\Controllers\\Home.php', 646)
 2 SYSTEMPATH\CodeIgniter.php(919): App\Controllers\Home->excel()
 3 SYSTEMPATH\CodeIgniter.php(494): CodeIgniter\CodeIgniter->runController(Object(App\Controllers\Home))
 4 SYSTEMPATH\CodeIgniter.php(353): CodeIgniter\CodeIgniter->handleRequest(null, Object(Config\Cache), false)
 5 FCPATH\index.php(79): CodeIgniter\CodeIgniter->run()
 6 SYSTEMPATH\Commands\Server\rewrite.php(47): require_once('D:\\lelang\\public\\index.php')
CRITICAL - 2023-12-06 07:11:22 --> syntax error, unexpected token "[", expecting "function" or "const"
in APPPATH\Models\Gudang.php on line 85.
 1 SYSTEMPATH\Autoloader\Autoloader.php(285): CodeIgniter\Autoloader\Autoloader->includeFile('D:\\lelang\\app\\Models\\Gudang.php')
 2 SYSTEMPATH\Autoloader\Autoloader.php(263): CodeIgniter\Autoloader\Autoloader->loadInNamespace('App\\Models\\Gudang')
 3 APPPATH\Controllers\Home.php(277): CodeIgniter\Autoloader\Autoloader->loadClass('App\\Models\\Gudang')
 4 SYSTEMPATH\CodeIgniter.php(919): App\Controllers\Home->barang()
 5 SYSTEMPATH\CodeIgniter.php(494): CodeIgniter\CodeIgniter->runController(Object(App\Controllers\Home))
 6 SYSTEMPATH\CodeIgniter.php(353): CodeIgniter\CodeIgniter->handleRequest(null, Object(Config\Cache), false)
 7 FCPATH\index.php(79): CodeIgniter\CodeIgniter->run()
 8 SYSTEMPATH\Commands\Server\rewrite.php(47): require_once('D:\\lelang\\public\\index.php')
CRITICAL - 2023-12-06 07:11:57 --> Unmatched '}'
in APPPATH\Models\Gudang.php on line 129.
 1 SYSTEMPATH\Autoloader\Autoloader.php(285): CodeIgniter\Autoloader\Autoloader->includeFile('D:\\lelang\\app\\Models\\Gudang.php')
 2 SYSTEMPATH\Autoloader\Autoloader.php(263): CodeIgniter\Autoloader\Autoloader->loadInNamespace('App\\Models\\Gudang')
 3 APPPATH\Controllers\Home.php(277): CodeIgniter\Autoloader\Autoloader->loadClass('App\\Models\\Gudang')
 4 SYSTEMPATH\CodeIgniter.php(919): App\Controllers\Home->barang()
 5 SYSTEMPATH\CodeIgniter.php(494): CodeIgniter\CodeIgniter->runController(Object(App\Controllers\Home))
 6 SYSTEMPATH\CodeIgniter.php(353): CodeIgniter\CodeIgniter->handleRequest(null, Object(Config\Cache), false)
 7 FCPATH\index.php(79): CodeIgniter\CodeIgniter->run()
 8 SYSTEMPATH\Commands\Server\rewrite.php(47): require_once('D:\\lelang\\public\\index.php')
ERROR - 2023-12-06 07:12:54 --> mysqli_sql_exception: Table 'lelang.lelang' doesn't exist in D:\lelang\system\Database\MySQLi\Connection.php:306
Stack trace:
#0 D:\lelang\system\Database\MySQLi\Connection.php(306): mysqli->query('SELECT `harga_a...', 0)
#1 D:\lelang\system\Database\BaseConnection.php(692): CodeIgniter\Database\MySQLi\Connection->execute('SELECT `harga_a...')
#2 D:\lelang\system\Database\BaseConnection.php(606): CodeIgniter\Database\BaseConnection->simpleQuery('SELECT `harga_a...')
#3 D:\lelang\system\Database\BaseBuilder.php(1615): CodeIgniter\Database\BaseConnection->query('SELECT `harga_a...', Array, false)
#4 D:\lelang\app\Models\Gudang.php(102): CodeIgniter\Database\BaseBuilder->get()
#5 D:\lelang\app\Controllers\Home.php(710): App\Models\Gudang->getPreviousHarga('1')
#6 D:\lelang\system\CodeIgniter.php(919): App\Controllers\Home->aksi_penawaran()
#7 D:\lelang\system\CodeIgniter.php(494): CodeIgniter\CodeIgniter->runController(Object(App\Controllers\Home))
#8 D:\lelang\system\CodeIgniter.php(353): CodeIgniter\CodeIgniter->handleRequest(NULL, Object(Config\Cache), false)
#9 D:\lelang\public\index.php(79): CodeIgniter\CodeIgniter->run()
#10 D:\lelang\system\Commands\Server\rewrite.php(47): require_once('D:\\lelang\\publi...')
#11 {main}
CRITICAL - 2023-12-06 07:12:54 --> Table 'lelang.lelang' doesn't exist
in SYSTEMPATH\Database\BaseConnection.php on line 646.
 1 SYSTEMPATH\Database\BaseBuilder.php(1615): CodeIgniter\Database\BaseConnection->query('SELECT `harga_akhir`
FROM `lelang`
WHERE `id_barang` = :id_barang:', [...], false)
 2 APPPATH\Models\Gudang.php(102): CodeIgniter\Database\BaseBuilder->get()
 3 APPPATH\Controllers\Home.php(710): App\Models\Gudang->getPreviousHarga('1')
 4 SYSTEMPATH\CodeIgniter.php(919): App\Controllers\Home->aksi_penawaran()
 5 SYSTEMPATH\CodeIgniter.php(494): CodeIgniter\CodeIgniter->runController(Object(App\Controllers\Home))
 6 SYSTEMPATH\CodeIgniter.php(353): CodeIgniter\CodeIgniter->handleRequest(null, Object(Config\Cache), false)
 7 FCPATH\index.php(79): CodeIgniter\CodeIgniter->run()
 8 SYSTEMPATH\Commands\Server\rewrite.php(47): require_once('D:\\lelang\\public\\index.php')
CRITICAL - 2023-12-06 09:34:42 --> Undefined property: App\Controllers\Home::$Gudang
in APPPATH\Controllers\Home.php on line 646.
 1 APPPATH\Controllers\Home.php(646): CodeIgniter\Debug\Exceptions->errorHandler(2, 'Undefined property: App\\Controllers\\Home::$Gudang', 'D:\\lelang\\app\\Controllers\\Home.php', 646)
 2 SYSTEMPATH\CodeIgniter.php(919): App\Controllers\Home->excel()
 3 SYSTEMPATH\CodeIgniter.php(494): CodeIgniter\CodeIgniter->runController(Object(App\Controllers\Home))
 4 SYSTEMPATH\CodeIgniter.php(353): CodeIgniter\CodeIgniter->handleRequest(null, Object(Config\Cache), false)
 5 FCPATH\index.php(79): CodeIgniter\CodeIgniter->run()
 6 SYSTEMPATH\Commands\Server\rewrite.php(47): require_once('D:\\lelang\\public\\index.php')
CRITICAL - 2023-12-06 09:52:51 --> Class "TCPDF" not found
in APPPATH\Views\priintpdf.php on line 11.
 1 SYSTEMPATH\View\View.php(226): include()
 2 SYSTEMPATH\View\View.php(229): CodeIgniter\View\View->CodeIgniter\View\{closure}()
 3 SYSTEMPATH\Common.php(1188): CodeIgniter\View\View->render('priintpdf', [], true)
 4 APPPATH\Controllers\Home.php(633): view('priintpdf', [...])
 5 SYSTEMPATH\CodeIgniter.php(919): App\Controllers\Home->pdf()
 6 SYSTEMPATH\CodeIgniter.php(494): CodeIgniter\CodeIgniter->runController(Object(App\Controllers\Home))
 7 SYSTEMPATH\CodeIgniter.php(353): CodeIgniter\CodeIgniter->handleRequest(null, Object(Config\Cache), false)
 8 FCPATH\index.php(79): CodeIgniter\CodeIgniter->run()
 9 SYSTEMPATH\Commands\Server\rewrite.php(47): require_once('D:\\lelang\\public\\index.php')
CRITICAL - 2023-12-06 09:57:30 --> Class "TCPDF" not found
in APPPATH\Views\priintpdf.php on line 11.
 1 SYSTEMPATH\View\View.php(226): include()
 2 SYSTEMPATH\View\View.php(229): CodeIgniter\View\View->CodeIgniter\View\{closure}()
 3 SYSTEMPATH\Common.php(1188): CodeIgniter\View\View->render('priintpdf', [], true)
 4 APPPATH\Controllers\Home.php(633): view('priintpdf', [...])
 5 SYSTEMPATH\CodeIgniter.php(919): App\Controllers\Home->pdf()
 6 SYSTEMPATH\CodeIgniter.php(494): CodeIgniter\CodeIgniter->runController(Object(App\Controllers\Home))
 7 SYSTEMPATH\CodeIgniter.php(353): CodeIgniter\CodeIgniter->handleRequest(null, Object(Config\Cache), false)
 8 FCPATH\index.php(79): CodeIgniter\CodeIgniter->run()
 9 SYSTEMPATH\Commands\Server\rewrite.php(47): require_once('D:\\lelang\\public\\index.php')
CRITICAL - 2023-12-06 10:10:54 --> syntax error, unexpected token ";", expecting "]"
in APPPATH\Controllers\Home.php on line 647.
 1 SYSTEMPATH\Autoloader\Autoloader.php(285): CodeIgniter\Autoloader\Autoloader->includeFile('D:\\lelang\\app\\Controllers\\Home.php')
 2 SYSTEMPATH\Autoloader\Autoloader.php(263): CodeIgniter\Autoloader\Autoloader->loadInNamespace('App\\Controllers\\Home')
 3 [internal function]: CodeIgniter\Autoloader\Autoloader->loadClass('App\\Controllers\\Home')
 4 SYSTEMPATH\CodeIgniter.php(877): class_exists('\\App\\Controllers\\Home', true)
 5 SYSTEMPATH\CodeIgniter.php(481): CodeIgniter\CodeIgniter->startController()
 6 SYSTEMPATH\CodeIgniter.php(353): CodeIgniter\CodeIgniter->handleRequest(null, Object(Config\Cache), false)
 7 FCPATH\index.php(79): CodeIgniter\CodeIgniter->run()
 8 SYSTEMPATH\Commands\Server\rewrite.php(47): require_once('D:\\lelang\\public\\index.php')
CRITICAL - 2023-12-06 10:19:06 --> syntax error, unexpected token ";", expecting "]"
in APPPATH\Controllers\Home.php on line 647.
 1 SYSTEMPATH\Autoloader\Autoloader.php(285): CodeIgniter\Autoloader\Autoloader->includeFile('D:\\lelang\\app\\Controllers\\Home.php')
 2 SYSTEMPATH\Autoloader\Autoloader.php(263): CodeIgniter\Autoloader\Autoloader->loadInNamespace('App\\Controllers\\Home')
 3 [internal function]: CodeIgniter\Autoloader\Autoloader->loadClass('App\\Controllers\\Home')
 4 SYSTEMPATH\CodeIgniter.php(877): class_exists('\\App\\Controllers\\Home', true)
 5 SYSTEMPATH\CodeIgniter.php(481): CodeIgniter\CodeIgniter->startController()
 6 SYSTEMPATH\CodeIgniter.php(353): CodeIgniter\CodeIgniter->handleRequest(null, Object(Config\Cache), false)
 7 FCPATH\index.php(79): CodeIgniter\CodeIgniter->run()
 8 SYSTEMPATH\Commands\Server\rewrite.php(47): require_once('D:\\lelang\\public\\index.php')
CRITICAL - 2023-12-06 10:19:14 --> syntax error, unexpected token ";", expecting "]"
in APPPATH\Controllers\Home.php on line 647.
 1 SYSTEMPATH\Autoloader\Autoloader.php(285): CodeIgniter\Autoloader\Autoloader->includeFile('D:\\lelang\\app\\Controllers\\Home.php')
 2 SYSTEMPATH\Autoloader\Autoloader.php(263): CodeIgniter\Autoloader\Autoloader->loadInNamespace('App\\Controllers\\Home')
 3 [internal function]: CodeIgniter\Autoloader\Autoloader->loadClass('App\\Controllers\\Home')
 4 SYSTEMPATH\CodeIgniter.php(877): class_exists('\\App\\Controllers\\Home', true)
 5 SYSTEMPATH\CodeIgniter.php(481): CodeIgniter\CodeIgniter->startController()
 6 SYSTEMPATH\CodeIgniter.php(353): CodeIgniter\CodeIgniter->handleRequest(null, Object(Config\Cache), false)
 7 FCPATH\index.php(79): CodeIgniter\CodeIgniter->run()
 8 SYSTEMPATH\Commands\Server\rewrite.php(47): require_once('D:\\lelang\\public\\index.php')
CRITICAL - 2023-12-06 10:19:16 --> syntax error, unexpected token ";", expecting "]"
in APPPATH\Controllers\Home.php on line 647.
 1 SYSTEMPATH\Autoloader\Autoloader.php(285): CodeIgniter\Autoloader\Autoloader->includeFile('D:\\lelang\\app\\Controllers\\Home.php')
 2 SYSTEMPATH\Autoloader\Autoloader.php(263): CodeIgniter\Autoloader\Autoloader->loadInNamespace('App\\Controllers\\Home')
 3 [internal function]: CodeIgniter\Autoloader\Autoloader->loadClass('App\\Controllers\\Home')
 4 SYSTEMPATH\CodeIgniter.php(877): class_exists('\\App\\Controllers\\Home', true)
 5 SYSTEMPATH\CodeIgniter.php(481): CodeIgniter\CodeIgniter->startController()
 6 SYSTEMPATH\CodeIgniter.php(353): CodeIgniter\CodeIgniter->handleRequest(null, Object(Config\Cache), false)
 7 FCPATH\index.php(79): CodeIgniter\CodeIgniter->run()
 8 SYSTEMPATH\Commands\Server\rewrite.php(47): require_once('D:\\lelang\\public\\index.php')
CRITICAL - 2023-12-06 10:21:16 --> Undefined property: App\Controllers\Home::$model
in APPPATH\Controllers\Home.php on line 647.
 1 APPPATH\Controllers\Home.php(647): CodeIgniter\Debug\Exceptions->errorHandler(2, 'Undefined property: App\\Controllers\\Home::$model', 'D:\\lelang\\app\\Controllers\\Home.php', 647)
 2 SYSTEMPATH\CodeIgniter.php(919): App\Controllers\Home->excel()
 3 SYSTEMPATH\CodeIgniter.php(494): CodeIgniter\CodeIgniter->runController(Object(App\Controllers\Home))
 4 SYSTEMPATH\CodeIgniter.php(353): CodeIgniter\CodeIgniter->handleRequest(null, Object(Config\Cache), false)
 5 FCPATH\index.php(79): CodeIgniter\CodeIgniter->run()
 6 SYSTEMPATH\Commands\Server\rewrite.php(47): require_once('D:\\lelang\\public\\index.php')
CRITICAL - 2023-12-06 10:21:40 --> Undefined property: App\Controllers\Home::$model
in APPPATH\Controllers\Home.php on line 647.
 1 APPPATH\Controllers\Home.php(647): CodeIgniter\Debug\Exceptions->errorHandler(2, 'Undefined property: App\\Controllers\\Home::$model', 'D:\\lelang\\app\\Controllers\\Home.php', 647)
 2 SYSTEMPATH\CodeIgniter.php(919): App\Controllers\Home->excel()
 3 SYSTEMPATH\CodeIgniter.php(494): CodeIgniter\CodeIgniter->runController(Object(App\Controllers\Home))
 4 SYSTEMPATH\CodeIgniter.php(353): CodeIgniter\CodeIgniter->handleRequest(null, Object(Config\Cache), false)
 5 FCPATH\index.php(79): CodeIgniter\CodeIgniter->run()
 6 SYSTEMPATH\Commands\Server\rewrite.php(47): require_once('D:\\lelang\\public\\index.php')
CRITICAL - 2023-12-06 10:21:42 --> Undefined property: App\Controllers\Home::$model
in APPPATH\Controllers\Home.php on line 647.
 1 APPPATH\Controllers\Home.php(647): CodeIgniter\Debug\Exceptions->errorHandler(2, 'Undefined property: App\\Controllers\\Home::$model', 'D:\\lelang\\app\\Controllers\\Home.php', 647)
 2 SYSTEMPATH\CodeIgniter.php(919): App\Controllers\Home->excel()
 3 SYSTEMPATH\CodeIgniter.php(494): CodeIgniter\CodeIgniter->runController(Object(App\Controllers\Home))
 4 SYSTEMPATH\CodeIgniter.php(353): CodeIgniter\CodeIgniter->handleRequest(null, Object(Config\Cache), false)
 5 FCPATH\index.php(79): CodeIgniter\CodeIgniter->run()
 6 SYSTEMPATH\Commands\Server\rewrite.php(47): require_once('D:\\lelang\\public\\index.php')
CRITICAL - 2023-12-06 10:22:25 --> Undefined property: App\Controllers\Home::$Gudang
in APPPATH\Controllers\Home.php on line 647.
 1 APPPATH\Controllers\Home.php(647): CodeIgniter\Debug\Exceptions->errorHandler(2, 'Undefined property: App\\Controllers\\Home::$Gudang', 'D:\\lelang\\app\\Controllers\\Home.php', 647)
 2 SYSTEMPATH\CodeIgniter.php(919): App\Controllers\Home->excel()
 3 SYSTEMPATH\CodeIgniter.php(494): CodeIgniter\CodeIgniter->runController(Object(App\Controllers\Home))
 4 SYSTEMPATH\CodeIgniter.php(353): CodeIgniter\CodeIgniter->handleRequest(null, Object(Config\Cache), false)
 5 FCPATH\index.php(79): CodeIgniter\CodeIgniter->run()
 6 SYSTEMPATH\Commands\Server\rewrite.php(47): require_once('D:\\lelang\\public\\index.php')
CRITICAL - 2023-12-06 10:22:39 --> Undefined property: App\Controllers\Home::$gudang
in APPPATH\Controllers\Home.php on line 647.
 1 APPPATH\Controllers\Home.php(647): CodeIgniter\Debug\Exceptions->errorHandler(2, 'Undefined property: App\\Controllers\\Home::$gudang', 'D:\\lelang\\app\\Controllers\\Home.php', 647)
 2 SYSTEMPATH\CodeIgniter.php(919): App\Controllers\Home->excel()
 3 SYSTEMPATH\CodeIgniter.php(494): CodeIgniter\CodeIgniter->runController(Object(App\Controllers\Home))
 4 SYSTEMPATH\CodeIgniter.php(353): CodeIgniter\CodeIgniter->handleRequest(null, Object(Config\Cache), false)
 5 FCPATH\index.php(79): CodeIgniter\CodeIgniter->run()
 6 SYSTEMPATH\Commands\Server\rewrite.php(47): require_once('D:\\lelang\\public\\index.php')
CRITICAL - 2023-12-06 10:23:19 --> Undefined variable $model
in APPPATH\Controllers\Home.php on line 646.
 1 APPPATH\Controllers\Home.php(646): CodeIgniter\Debug\Exceptions->errorHandler(2, 'Undefined variable $model', 'D:\\lelang\\app\\Controllers\\Home.php', 646)
 2 SYSTEMPATH\CodeIgniter.php(919): App\Controllers\Home->excel()
 3 SYSTEMPATH\CodeIgniter.php(494): CodeIgniter\CodeIgniter->runController(Object(App\Controllers\Home))
 4 SYSTEMPATH\CodeIgniter.php(353): CodeIgniter\CodeIgniter->handleRequest(null, Object(Config\Cache), false)
 5 FCPATH\index.php(79): CodeIgniter\CodeIgniter->run()
 6 SYSTEMPATH\Commands\Server\rewrite.php(47): require_once('D:\\lelang\\public\\index.php')
CRITICAL - 2023-12-06 10:23:28 --> Invalid file: "Home/excel.php"
in SYSTEMPATH\Exceptions\FrameworkException.php on line 39.
 1 SYSTEMPATH\View\View.php(214): CodeIgniter\Exceptions\FrameworkException::forInvalidFile('Home/excel.php')
 2 SYSTEMPATH\Common.php(1188): CodeIgniter\View\View->render('Home/excel', [], true)
 3 APPPATH\Controllers\Home.php(648): view('Home/excel', [...])
 4 SYSTEMPATH\CodeIgniter.php(919): App\Controllers\Home->excel()
 5 SYSTEMPATH\CodeIgniter.php(494): CodeIgniter\CodeIgniter->runController(Object(App\Controllers\Home))
 6 SYSTEMPATH\CodeIgniter.php(353): CodeIgniter\CodeIgniter->handleRequest(null, Object(Config\Cache), false)
 7 FCPATH\index.php(79): CodeIgniter\CodeIgniter->run()
 8 SYSTEMPATH\Commands\Server\rewrite.php(47): require_once('D:\\lelang\\public\\index.php')
CRITICAL - 2023-12-06 10:23:40 --> Invalid file: "siswa/excel.php"
in SYSTEMPATH\Exceptions\FrameworkException.php on line 39.
 1 SYSTEMPATH\View\View.php(214): CodeIgniter\Exceptions\FrameworkException::forInvalidFile('siswa/excel.php')
 2 SYSTEMPATH\Common.php(1188): CodeIgniter\View\View->render('siswa/excel', [], true)
 3 APPPATH\Controllers\Home.php(648): view('siswa/excel', [...])
 4 SYSTEMPATH\CodeIgniter.php(919): App\Controllers\Home->excel()
 5 SYSTEMPATH\CodeIgniter.php(494): CodeIgniter\CodeIgniter->runController(Object(App\Controllers\Home))
 6 SYSTEMPATH\CodeIgniter.php(353): CodeIgniter\CodeIgniter->handleRequest(null, Object(Config\Cache), false)
 7 FCPATH\index.php(79): CodeIgniter\CodeIgniter->run()
 8 SYSTEMPATH\Commands\Server\rewrite.php(47): require_once('D:\\lelang\\public\\index.php')
CRITICAL - 2023-12-06 10:24:23 --> Invalid file: "lelang/excel.php"
in SYSTEMPATH\Exceptions\FrameworkException.php on line 39.
 1 SYSTEMPATH\View\View.php(214): CodeIgniter\Exceptions\FrameworkException::forInvalidFile('lelang/excel.php')
 2 SYSTEMPATH\Common.php(1188): CodeIgniter\View\View->render('lelang/excel', [], true)
 3 APPPATH\Controllers\Home.php(648): view('lelang/excel', [...])
 4 SYSTEMPATH\CodeIgniter.php(919): App\Controllers\Home->excel()
 5 SYSTEMPATH\CodeIgniter.php(494): CodeIgniter\CodeIgniter->runController(Object(App\Controllers\Home))
 6 SYSTEMPATH\CodeIgniter.php(353): CodeIgniter\CodeIgniter->handleRequest(null, Object(Config\Cache), false)
 7 FCPATH\index.php(79): CodeIgniter\CodeIgniter->run()
 8 SYSTEMPATH\Commands\Server\rewrite.php(47): require_once('D:\\lelang\\public\\index.php')
CRITICAL - 2023-12-06 10:24:48 --> Invalid file: "xamppp/htdocs/Excel.php"
in SYSTEMPATH\Exceptions\FrameworkException.php on line 39.
 1 SYSTEMPATH\View\View.php(214): CodeIgniter\Exceptions\FrameworkException::forInvalidFile('xamppp/htdocs/Excel.php')
 2 SYSTEMPATH\Common.php(1188): CodeIgniter\View\View->render('xamppp/htdocs/Excel', [], true)
 3 APPPATH\Controllers\Home.php(648): view('xamppp/htdocs/Excel', [...])
 4 SYSTEMPATH\CodeIgniter.php(919): App\Controllers\Home->excel()
 5 SYSTEMPATH\CodeIgniter.php(494): CodeIgniter\CodeIgniter->runController(Object(App\Controllers\Home))
 6 SYSTEMPATH\CodeIgniter.php(353): CodeIgniter\CodeIgniter->handleRequest(null, Object(Config\Cache), false)
 7 FCPATH\index.php(79): CodeIgniter\CodeIgniter->run()
 8 SYSTEMPATH\Commands\Server\rewrite.php(47): require_once('D:\\lelang\\public\\index.php')
CRITICAL - 2023-12-06 10:26:03 --> Undefined property: App\Controllers\Home::$model
in APPPATH\Controllers\Home.php on line 646.
 1 APPPATH\Controllers\Home.php(646): CodeIgniter\Debug\Exceptions->errorHandler(2, 'Undefined property: App\\Controllers\\Home::$model', 'D:\\lelang\\app\\Controllers\\Home.php', 646)
 2 SYSTEMPATH\CodeIgniter.php(919): App\Controllers\Home->excel()
 3 SYSTEMPATH\CodeIgniter.php(494): CodeIgniter\CodeIgniter->runController(Object(App\Controllers\Home))
 4 SYSTEMPATH\CodeIgniter.php(353): CodeIgniter\CodeIgniter->handleRequest(null, Object(Config\Cache), false)
 5 FCPATH\index.php(79): CodeIgniter\CodeIgniter->run()
 6 SYSTEMPATH\Commands\Server\rewrite.php(47): require_once('D:\\lelang\\public\\index.php')
CRITICAL - 2023-12-06 10:54:39 --> syntax error, unexpected token ";", expecting ")"
in APPPATH\Controllers\Home.php on line 653.
 1 SYSTEMPATH\Autoloader\Autoloader.php(285): CodeIgniter\Autoloader\Autoloader->includeFile('D:\\lelang\\app\\Controllers\\Home.php')
 2 SYSTEMPATH\Autoloader\Autoloader.php(263): CodeIgniter\Autoloader\Autoloader->loadInNamespace('App\\Controllers\\Home')
 3 [internal function]: CodeIgniter\Autoloader\Autoloader->loadClass('App\\Controllers\\Home')
 4 SYSTEMPATH\CodeIgniter.php(877): class_exists('\\App\\Controllers\\Home', true)
 5 SYSTEMPATH\CodeIgniter.php(481): CodeIgniter\CodeIgniter->startController()
 6 SYSTEMPATH\CodeIgniter.php(353): CodeIgniter\CodeIgniter->handleRequest(null, Object(Config\Cache), false)
 7 FCPATH\index.php(79): CodeIgniter\CodeIgniter->run()
 8 SYSTEMPATH\Commands\Server\rewrite.php(47): require_once('D:\\lelang\\public\\index.php')
CRITICAL - 2023-12-06 10:55:20 --> syntax error, unexpected token ";", expecting ")"
in APPPATH\Controllers\Home.php on line 653.
 1 SYSTEMPATH\Autoloader\Autoloader.php(285): CodeIgniter\Autoloader\Autoloader->includeFile('D:\\lelang\\app\\Controllers\\Home.php')
 2 SYSTEMPATH\Autoloader\Autoloader.php(263): CodeIgniter\Autoloader\Autoloader->loadInNamespace('App\\Controllers\\Home')
 3 [internal function]: CodeIgniter\Autoloader\Autoloader->loadClass('App\\Controllers\\Home')
 4 SYSTEMPATH\CodeIgniter.php(877): class_exists('\\App\\Controllers\\Home', true)
 5 SYSTEMPATH\CodeIgniter.php(481): CodeIgniter\CodeIgniter->startController()
 6 SYSTEMPATH\CodeIgniter.php(353): CodeIgniter\CodeIgniter->handleRequest(null, Object(Config\Cache), false)
 7 FCPATH\index.php(79): CodeIgniter\CodeIgniter->run()
 8 SYSTEMPATH\Commands\Server\rewrite.php(47): require_once('D:\\lelang\\public\\index.php')
CRITICAL - 2023-12-06 11:08:02 --> Invalid file: "laporan_excel.php"
in SYSTEMPATH\Exceptions\FrameworkException.php on line 39.
 1 SYSTEMPATH\View\View.php(214): CodeIgniter\Exceptions\FrameworkException::forInvalidFile('laporan_excel.php')
 2 SYSTEMPATH\Common.php(1188): CodeIgniter\View\View->render('laporan_excel', [], true)
 3 APPPATH\Controllers\Home.php(648): view('laporan_excel')
 4 SYSTEMPATH\CodeIgniter.php(919): App\Controllers\Home->laporan_excel()
 5 SYSTEMPATH\CodeIgniter.php(494): CodeIgniter\CodeIgniter->runController(Object(App\Controllers\Home))
 6 SYSTEMPATH\CodeIgniter.php(353): CodeIgniter\CodeIgniter->handleRequest(null, Object(Config\Cache), false)
 7 FCPATH\index.php(79): CodeIgniter\CodeIgniter->run()
 8 SYSTEMPATH\Commands\Server\rewrite.php(47): require_once('D:\\lelang\\public\\index.php')
CRITICAL - 2023-12-06 11:08:42 --> Invalid file: "laporan_Excel.php"
in SYSTEMPATH\Exceptions\FrameworkException.php on line 39.
 1 SYSTEMPATH\View\View.php(214): CodeIgniter\Exceptions\FrameworkException::forInvalidFile('laporan_Excel.php')
 2 SYSTEMPATH\Common.php(1188): CodeIgniter\View\View->render('laporan_Excel', [], true)
 3 APPPATH\Controllers\Home.php(648): view('laporan_Excel')
 4 SYSTEMPATH\CodeIgniter.php(919): App\Controllers\Home->laporan_excel()
 5 SYSTEMPATH\CodeIgniter.php(494): CodeIgniter\CodeIgniter->runController(Object(App\Controllers\Home))
 6 SYSTEMPATH\CodeIgniter.php(353): CodeIgniter\CodeIgniter->handleRequest(null, Object(Config\Cache), false)
 7 FCPATH\index.php(79): CodeIgniter\CodeIgniter->run()
 8 SYSTEMPATH\Commands\Server\rewrite.php(47): require_once('D:\\lelang\\public\\index.php')
CRITICAL - 2023-12-06 11:10:11 --> Undefined property: App\Controllers\Home::$Gudang
in APPPATH\Controllers\Home.php on line 646.
 1 APPPATH\Controllers\Home.php(646): CodeIgniter\Debug\Exceptions->errorHandler(2, 'Undefined property: App\\Controllers\\Home::$Gudang', 'D:\\lelang\\app\\Controllers\\Home.php', 646)
 2 SYSTEMPATH\CodeIgniter.php(919): App\Controllers\Home->excel()
 3 SYSTEMPATH\CodeIgniter.php(494): CodeIgniter\CodeIgniter->runController(Object(App\Controllers\Home))
 4 SYSTEMPATH\CodeIgniter.php(353): CodeIgniter\CodeIgniter->handleRequest(null, Object(Config\Cache), false)
 5 FCPATH\index.php(79): CodeIgniter\CodeIgniter->run()
 6 SYSTEMPATH\Commands\Server\rewrite.php(47): require_once('D:\\lelang\\public\\index.php')
CRITICAL - 2023-12-06 11:10:19 --> Undefined property: App\Controllers\Home::$Gudang
in APPPATH\Controllers\Home.php on line 646.
 1 APPPATH\Controllers\Home.php(646): CodeIgniter\Debug\Exceptions->errorHandler(2, 'Undefined property: App\\Controllers\\Home::$Gudang', 'D:\\lelang\\app\\Controllers\\Home.php', 646)
 2 SYSTEMPATH\CodeIgniter.php(919): App\Controllers\Home->excel()
 3 SYSTEMPATH\CodeIgniter.php(494): CodeIgniter\CodeIgniter->runController(Object(App\Controllers\Home))
 4 SYSTEMPATH\CodeIgniter.php(353): CodeIgniter\CodeIgniter->handleRequest(null, Object(Config\Cache), false)
 5 FCPATH\index.php(79): CodeIgniter\CodeIgniter->run()
 6 SYSTEMPATH\Commands\Server\rewrite.php(47): require_once('D:\\lelang\\public\\index.php')
CRITICAL - 2023-12-06 11:39:17 --> Undefined property: App\Controllers\Home::$Gudang
in APPPATH\Controllers\Home.php on line 646.
 1 APPPATH\Controllers\Home.php(646): CodeIgniter\Debug\Exceptions->errorHandler(2, 'Undefined property: App\\Controllers\\Home::$Gudang', 'D:\\lelang\\app\\Controllers\\Home.php', 646)
 2 SYSTEMPATH\CodeIgniter.php(919): App\Controllers\Home->excel()
 3 SYSTEMPATH\CodeIgniter.php(494): CodeIgniter\CodeIgniter->runController(Object(App\Controllers\Home))
 4 SYSTEMPATH\CodeIgniter.php(353): CodeIgniter\CodeIgniter->handleRequest(null, Object(Config\Cache), false)
 5 FCPATH\index.php(79): CodeIgniter\CodeIgniter->run()
 6 SYSTEMPATH\Commands\Server\rewrite.php(47): require_once('D:\\lelang\\public\\index.php')
CRITICAL - 2023-12-06 11:39:43 --> syntax error, unexpected token "(", expecting identifier or variable or "{" or "$"
in APPPATH\Controllers\Home.php on line 646.
 1 SYSTEMPATH\Autoloader\Autoloader.php(285): CodeIgniter\Autoloader\Autoloader->includeFile('D:\\lelang\\app\\Controllers\\Home.php')
 2 SYSTEMPATH\Autoloader\Autoloader.php(263): CodeIgniter\Autoloader\Autoloader->loadInNamespace('App\\Controllers\\Home')
 3 [internal function]: CodeIgniter\Autoloader\Autoloader->loadClass('App\\Controllers\\Home')
 4 SYSTEMPATH\CodeIgniter.php(877): class_exists('\\App\\Controllers\\Home', true)
 5 SYSTEMPATH\CodeIgniter.php(481): CodeIgniter\CodeIgniter->startController()
 6 SYSTEMPATH\CodeIgniter.php(353): CodeIgniter\CodeIgniter->handleRequest(null, Object(Config\Cache), false)
 7 FCPATH\index.php(79): CodeIgniter\CodeIgniter->run()
 8 SYSTEMPATH\Commands\Server\rewrite.php(47): require_once('D:\\lelang\\public\\index.php')
CRITICAL - 2023-12-06 11:50:04 --> Undefined property: App\Controllers\Home::$Gudang
in APPPATH\Controllers\Home.php on line 646.
 1 APPPATH\Controllers\Home.php(646): CodeIgniter\Debug\Exceptions->errorHandler(2, 'Undefined property: App\\Controllers\\Home::$Gudang', 'D:\\lelang\\app\\Controllers\\Home.php', 646)
 2 SYSTEMPATH\CodeIgniter.php(919): App\Controllers\Home->excel()
 3 SYSTEMPATH\CodeIgniter.php(494): CodeIgniter\CodeIgniter->runController(Object(App\Controllers\Home))
 4 SYSTEMPATH\CodeIgniter.php(353): CodeIgniter\CodeIgniter->handleRequest(null, Object(Config\Cache), false)
 5 FCPATH\index.php(79): CodeIgniter\CodeIgniter->run()
 6 SYSTEMPATH\Commands\Server\rewrite.php(47): require_once('D:\\lelang\\public\\index.php')
CRITICAL - 2023-12-06 11:50:50 --> Undefined property: App\Controllers\Home::$contact
in APPPATH\Controllers\Home.php on line 646.
 1 APPPATH\Controllers\Home.php(646): CodeIgniter\Debug\Exceptions->errorHandler(2, 'Undefined property: App\\Controllers\\Home::$contact', 'D:\\lelang\\app\\Controllers\\Home.php', 646)
 2 SYSTEMPATH\CodeIgniter.php(919): App\Controllers\Home->excel()
 3 SYSTEMPATH\CodeIgniter.php(494): CodeIgniter\CodeIgniter->runController(Object(App\Controllers\Home))
 4 SYSTEMPATH\CodeIgniter.php(353): CodeIgniter\CodeIgniter->handleRequest(null, Object(Config\Cache), false)
 5 FCPATH\index.php(79): CodeIgniter\CodeIgniter->run()
 6 SYSTEMPATH\Commands\Server\rewrite.php(47): require_once('D:\\lelang\\public\\index.php')
CRITICAL - 2023-12-06 11:56:11 --> Undefined property: App\Controllers\Home::$contacts
in APPPATH\Controllers\Home.php on line 646.
 1 APPPATH\Controllers\Home.php(646): CodeIgniter\Debug\Exceptions->errorHandler(2, 'Undefined property: App\\Controllers\\Home::$contacts', 'D:\\lelang\\app\\Controllers\\Home.php', 646)
 2 SYSTEMPATH\CodeIgniter.php(919): App\Controllers\Home->excel()
 3 SYSTEMPATH\CodeIgniter.php(494): CodeIgniter\CodeIgniter->runController(Object(App\Controllers\Home))
 4 SYSTEMPATH\CodeIgniter.php(353): CodeIgniter\CodeIgniter->handleRequest(null, Object(Config\Cache), false)
 5 FCPATH\index.php(79): CodeIgniter\CodeIgniter->run()
 6 SYSTEMPATH\Commands\Server\rewrite.php(47): require_once('D:\\lelang\\public\\index.php')
CRITICAL - 2023-12-06 11:56:42 --> Undefined property: App\Controllers\Home::$contacts
in APPPATH\Controllers\Home.php on line 646.
 1 APPPATH\Controllers\Home.php(646): CodeIgniter\Debug\Exceptions->errorHandler(2, 'Undefined property: App\\Controllers\\Home::$contacts', 'D:\\lelang\\app\\Controllers\\Home.php', 646)
 2 SYSTEMPATH\CodeIgniter.php(919): App\Controllers\Home->excel()
 3 SYSTEMPATH\CodeIgniter.php(494): CodeIgniter\CodeIgniter->runController(Object(App\Controllers\Home))
 4 SYSTEMPATH\CodeIgniter.php(353): CodeIgniter\CodeIgniter->handleRequest(null, Object(Config\Cache), false)
 5 FCPATH\index.php(79): CodeIgniter\CodeIgniter->run()
 6 SYSTEMPATH\Commands\Server\rewrite.php(47): require_once('D:\\lelang\\public\\index.php')
CRITICAL - 2023-12-06 11:57:20 --> Undefined property: App\Controllers\Home::$db
in APPPATH\Controllers\Home.php on line 646.
 1 APPPATH\Controllers\Home.php(646): CodeIgniter\Debug\Exceptions->errorHandler(2, 'Undefined property: App\\Controllers\\Home::$db', 'D:\\lelang\\app\\Controllers\\Home.php', 646)
 2 SYSTEMPATH\CodeIgniter.php(919): App\Controllers\Home->excel()
 3 SYSTEMPATH\CodeIgniter.php(494): CodeIgniter\CodeIgniter->runController(Object(App\Controllers\Home))
 4 SYSTEMPATH\CodeIgniter.php(353): CodeIgniter\CodeIgniter->handleRequest(null, Object(Config\Cache), false)
 5 FCPATH\index.php(79): CodeIgniter\CodeIgniter->run()
 6 SYSTEMPATH\Commands\Server\rewrite.php(47): require_once('D:\\lelang\\public\\index.php')
CRITICAL - 2023-12-06 11:57:25 --> Undefined variable $db
in APPPATH\Controllers\Home.php on line 646.
 1 APPPATH\Controllers\Home.php(646): CodeIgniter\Debug\Exceptions->errorHandler(2, 'Undefined variable $db', 'D:\\lelang\\app\\Controllers\\Home.php', 646)
 2 SYSTEMPATH\CodeIgniter.php(919): App\Controllers\Home->excel()
 3 SYSTEMPATH\CodeIgniter.php(494): CodeIgniter\CodeIgniter->runController(Object(App\Controllers\Home))
 4 SYSTEMPATH\CodeIgniter.php(353): CodeIgniter\CodeIgniter->handleRequest(null, Object(Config\Cache), false)
 5 FCPATH\index.php(79): CodeIgniter\CodeIgniter->run()
 6 SYSTEMPATH\Commands\Server\rewrite.php(47): require_once('D:\\lelang\\public\\index.php')
CRITICAL - 2023-12-06 11:57:34 --> Undefined property: App\Controllers\Home::$contact
in APPPATH\Controllers\Home.php on line 646.
 1 APPPATH\Controllers\Home.php(646): CodeIgniter\Debug\Exceptions->errorHandler(2, 'Undefined property: App\\Controllers\\Home::$contact', 'D:\\lelang\\app\\Controllers\\Home.php', 646)
 2 SYSTEMPATH\CodeIgniter.php(919): App\Controllers\Home->excel()
 3 SYSTEMPATH\CodeIgniter.php(494): CodeIgniter\CodeIgniter->runController(Object(App\Controllers\Home))
 4 SYSTEMPATH\CodeIgniter.php(353): CodeIgniter\CodeIgniter->handleRequest(null, Object(Config\Cache), false)
 5 FCPATH\index.php(79): CodeIgniter\CodeIgniter->run()
 6 SYSTEMPATH\Commands\Server\rewrite.php(47): require_once('D:\\lelang\\public\\index.php')
CRITICAL - 2023-12-06 12:00:48 --> Undefined property: App\Controllers\Home::$Gudang
in APPPATH\Controllers\Home.php on line 646.
 1 APPPATH\Controllers\Home.php(646): CodeIgniter\Debug\Exceptions->errorHandler(2, 'Undefined property: App\\Controllers\\Home::$Gudang', 'D:\\lelang\\app\\Controllers\\Home.php', 646)
 2 SYSTEMPATH\CodeIgniter.php(919): App\Controllers\Home->excel()
 3 SYSTEMPATH\CodeIgniter.php(494): CodeIgniter\CodeIgniter->runController(Object(App\Controllers\Home))
 4 SYSTEMPATH\CodeIgniter.php(353): CodeIgniter\CodeIgniter->handleRequest(null, Object(Config\Cache), false)
 5 FCPATH\index.php(79): CodeIgniter\CodeIgniter->run()
 6 SYSTEMPATH\Commands\Server\rewrite.php(47): require_once('D:\\lelang\\public\\index.php')
CRITICAL - 2023-12-06 12:04:09 --> Undefined property: App\Controllers\Home::$Gudang
in APPPATH\Controllers\Home.php on line 646.
 1 APPPATH\Controllers\Home.php(646): CodeIgniter\Debug\Exceptions->errorHandler(2, 'Undefined property: App\\Controllers\\Home::$Gudang', 'D:\\lelang\\app\\Controllers\\Home.php', 646)
 2 SYSTEMPATH\CodeIgniter.php(919): App\Controllers\Home->excel()
 3 SYSTEMPATH\CodeIgniter.php(494): CodeIgniter\CodeIgniter->runController(Object(App\Controllers\Home))
 4 SYSTEMPATH\CodeIgniter.php(353): CodeIgniter\CodeIgniter->handleRequest(null, Object(Config\Cache), false)
 5 FCPATH\index.php(79): CodeIgniter\CodeIgniter->run()
 6 SYSTEMPATH\Commands\Server\rewrite.php(47): require_once('D:\\lelang\\public\\index.php')
CRITICAL - 2023-12-06 12:06:10 --> Undefined property: App\Controllers\Home::$load
in APPPATH\Controllers\Home.php on line 646.
 1 APPPATH\Controllers\Home.php(646): CodeIgniter\Debug\Exceptions->errorHandler(2, 'Undefined property: App\\Controllers\\Home::$load', 'D:\\lelang\\app\\Controllers\\Home.php', 646)
 2 SYSTEMPATH\CodeIgniter.php(919): App\Controllers\Home->excel()
 3 SYSTEMPATH\CodeIgniter.php(494): CodeIgniter\CodeIgniter->runController(Object(App\Controllers\Home))
 4 SYSTEMPATH\CodeIgniter.php(353): CodeIgniter\CodeIgniter->handleRequest(null, Object(Config\Cache), false)
 5 FCPATH\index.php(79): CodeIgniter\CodeIgniter->run()
 6 SYSTEMPATH\Commands\Server\rewrite.php(47): require_once('D:\\lelang\\public\\index.php')
CRITICAL - 2023-12-06 12:06:44 --> Undefined property: App\Controllers\Home::$load
in APPPATH\Controllers\Home.php on line 646.
 1 APPPATH\Controllers\Home.php(646): CodeIgniter\Debug\Exceptions->errorHandler(2, 'Undefined property: App\\Controllers\\Home::$load', 'D:\\lelang\\app\\Controllers\\Home.php', 646)
 2 SYSTEMPATH\CodeIgniter.php(919): App\Controllers\Home->excel()
 3 SYSTEMPATH\CodeIgniter.php(494): CodeIgniter\CodeIgniter->runController(Object(App\Controllers\Home))
 4 SYSTEMPATH\CodeIgniter.php(353): CodeIgniter\CodeIgniter->handleRequest(null, Object(Config\Cache), false)
 5 FCPATH\index.php(79): CodeIgniter\CodeIgniter->run()
 6 SYSTEMPATH\Commands\Server\rewrite.php(47): require_once('D:\\lelang\\public\\index.php')
CRITICAL - 2023-12-06 12:08:17 --> Undefined variable $contacts
in APPPATH\Controllers\Home.php on line 646.
 1 APPPATH\Controllers\Home.php(646): CodeIgniter\Debug\Exceptions->errorHandler(2, 'Undefined variable $contacts', 'D:\\lelang\\app\\Controllers\\Home.php', 646)
 2 SYSTEMPATH\CodeIgniter.php(919): App\Controllers\Home->excel()
 3 SYSTEMPATH\CodeIgniter.php(494): CodeIgniter\CodeIgniter->runController(Object(App\Controllers\Home))
 4 SYSTEMPATH\CodeIgniter.php(353): CodeIgniter\CodeIgniter->handleRequest(null, Object(Config\Cache), false)
 5 FCPATH\index.php(79): CodeIgniter\CodeIgniter->run()
 6 SYSTEMPATH\Commands\Server\rewrite.php(47): require_once('D:\\lelang\\public\\index.php')
CRITICAL - 2023-12-06 12:08:25 --> Undefined variable $activeWorksheet
in APPPATH\Controllers\Home.php on line 651.
 1 APPPATH\Controllers\Home.php(651): CodeIgniter\Debug\Exceptions->errorHandler(2, 'Undefined variable $activeWorksheet', 'D:\\lelang\\app\\Controllers\\Home.php', 651)
 2 SYSTEMPATH\CodeIgniter.php(919): App\Controllers\Home->excel()
 3 SYSTEMPATH\CodeIgniter.php(494): CodeIgniter\CodeIgniter->runController(Object(App\Controllers\Home))
 4 SYSTEMPATH\CodeIgniter.php(353): CodeIgniter\CodeIgniter->handleRequest(null, Object(Config\Cache), false)
 5 FCPATH\index.php(79): CodeIgniter\CodeIgniter->run()
 6 SYSTEMPATH\Commands\Server\rewrite.php(47): require_once('D:\\lelang\\public\\index.php')
CRITICAL - 2023-12-06 12:12:17 --> Undefined property: App\Controllers\Home::$db
in APPPATH\Controllers\Home.php on line 672.
 1 APPPATH\Controllers\Home.php(672): CodeIgniter\Debug\Exceptions->errorHandler(2, 'Undefined property: App\\Controllers\\Home::$db', 'D:\\lelang\\app\\Controllers\\Home.php', 672)
 2 SYSTEMPATH\CodeIgniter.php(919): App\Controllers\Home->excel()
 3 SYSTEMPATH\CodeIgniter.php(494): CodeIgniter\CodeIgniter->runController(Object(App\Controllers\Home))
 4 SYSTEMPATH\CodeIgniter.php(353): CodeIgniter\CodeIgniter->handleRequest(null, Object(Config\Cache), false)
 5 FCPATH\index.php(79): CodeIgniter\CodeIgniter->run()
 6 SYSTEMPATH\Commands\Server\rewrite.php(47): require_once('D:\\lelang\\public\\index.php')
CRITICAL - 2023-12-06 12:13:17 --> Undefined property: App\Controllers\Home::$db
in APPPATH\Controllers\Home.php on line 672.
 1 APPPATH\Controllers\Home.php(672): CodeIgniter\Debug\Exceptions->errorHandler(2, 'Undefined property: App\\Controllers\\Home::$db', 'D:\\lelang\\app\\Controllers\\Home.php', 672)
 2 SYSTEMPATH\CodeIgniter.php(919): App\Controllers\Home->excel()
 3 SYSTEMPATH\CodeIgniter.php(494): CodeIgniter\CodeIgniter->runController(Object(App\Controllers\Home))
 4 SYSTEMPATH\CodeIgniter.php(353): CodeIgniter\CodeIgniter->handleRequest(null, Object(Config\Cache), false)
 5 FCPATH\index.php(79): CodeIgniter\CodeIgniter->run()
 6 SYSTEMPATH\Commands\Server\rewrite.php(47): require_once('D:\\lelang\\public\\index.php')
CRITICAL - 2023-12-06 12:17:59 --> Undefined property: App\Controllers\Home::$db
in APPPATH\Controllers\Home.php on line 666.
 1 APPPATH\Controllers\Home.php(666): CodeIgniter\Debug\Exceptions->errorHandler(2, 'Undefined property: App\\Controllers\\Home::$db', 'D:\\lelang\\app\\Controllers\\Home.php', 666)
 2 SYSTEMPATH\CodeIgniter.php(919): App\Controllers\Home->excel()
 3 SYSTEMPATH\CodeIgniter.php(494): CodeIgniter\CodeIgniter->runController(Object(App\Controllers\Home))
 4 SYSTEMPATH\CodeIgniter.php(353): CodeIgniter\CodeIgniter->handleRequest(null, Object(Config\Cache), false)
 5 FCPATH\index.php(79): CodeIgniter\CodeIgniter->run()
 6 SYSTEMPATH\Commands\Server\rewrite.php(47): require_once('D:\\lelang\\public\\index.php')
CRITICAL - 2023-12-06 12:19:20 --> Undefined property: App\Controllers\Home::$db
in APPPATH\Controllers\Home.php on line 666.
 1 APPPATH\Controllers\Home.php(666): CodeIgniter\Debug\Exceptions->errorHandler(2, 'Undefined property: App\\Controllers\\Home::$db', 'D:\\lelang\\app\\Controllers\\Home.php', 666)
 2 SYSTEMPATH\CodeIgniter.php(919): App\Controllers\Home->excel()
 3 SYSTEMPATH\CodeIgniter.php(494): CodeIgniter\CodeIgniter->runController(Object(App\Controllers\Home))
 4 SYSTEMPATH\CodeIgniter.php(353): CodeIgniter\CodeIgniter->handleRequest(null, Object(Config\Cache), false)
 5 FCPATH\index.php(79): CodeIgniter\CodeIgniter->run()
 6 SYSTEMPATH\Commands\Server\rewrite.php(47): require_once('D:\\lelang\\public\\index.php')
CRITICAL - 2023-12-06 12:20:09 --> Undefined property: App\Controllers\Home::$db
in APPPATH\Controllers\Home.php on line 666.
 1 APPPATH\Controllers\Home.php(666): CodeIgniter\Debug\Exceptions->errorHandler(2, 'Undefined property: App\\Controllers\\Home::$db', 'D:\\lelang\\app\\Controllers\\Home.php', 666)
 2 SYSTEMPATH\CodeIgniter.php(919): App\Controllers\Home->excel()
 3 SYSTEMPATH\CodeIgniter.php(494): CodeIgniter\CodeIgniter->runController(Object(App\Controllers\Home))
 4 SYSTEMPATH\CodeIgniter.php(353): CodeIgniter\CodeIgniter->handleRequest(null, Object(Config\Cache), false)
 5 FCPATH\index.php(79): CodeIgniter\CodeIgniter->run()
 6 SYSTEMPATH\Commands\Server\rewrite.php(47): require_once('D:\\lelang\\public\\index.php')
CRITICAL - 2023-12-06 12:21:24 --> Undefined property: App\Controllers\Home::$db
in APPPATH\Controllers\Home.php on line 666.
 1 APPPATH\Controllers\Home.php(666): CodeIgniter\Debug\Exceptions->errorHandler(2, 'Undefined property: App\\Controllers\\Home::$db', 'D:\\lelang\\app\\Controllers\\Home.php', 666)
 2 SYSTEMPATH\CodeIgniter.php(919): App\Controllers\Home->excel()
 3 SYSTEMPATH\CodeIgniter.php(494): CodeIgniter\CodeIgniter->runController(Object(App\Controllers\Home))
 4 SYSTEMPATH\CodeIgniter.php(353): CodeIgniter\CodeIgniter->handleRequest(null, Object(Config\Cache), false)
 5 FCPATH\index.php(79): CodeIgniter\CodeIgniter->run()
 6 SYSTEMPATH\Commands\Server\rewrite.php(47): require_once('D:\\lelang\\public\\index.php')
CRITICAL - 2023-12-06 12:21:38 --> Undefined property: App\Controllers\Home::$db
in APPPATH\Controllers\Home.php on line 666.
 1 APPPATH\Controllers\Home.php(666): CodeIgniter\Debug\Exceptions->errorHandler(2, 'Undefined property: App\\Controllers\\Home::$db', 'D:\\lelang\\app\\Controllers\\Home.php', 666)
 2 SYSTEMPATH\CodeIgniter.php(919): App\Controllers\Home->excel()
 3 SYSTEMPATH\CodeIgniter.php(494): CodeIgniter\CodeIgniter->runController(Object(App\Controllers\Home))
 4 SYSTEMPATH\CodeIgniter.php(353): CodeIgniter\CodeIgniter->handleRequest(null, Object(Config\Cache), false)
 5 FCPATH\index.php(79): CodeIgniter\CodeIgniter->run()
 6 SYSTEMPATH\Commands\Server\rewrite.php(47): require_once('D:\\lelang\\public\\index.php')
CRITICAL - 2023-12-06 12:21:40 --> Undefined property: App\Controllers\Home::$db
in APPPATH\Controllers\Home.php on line 666.
 1 APPPATH\Controllers\Home.php(666): CodeIgniter\Debug\Exceptions->errorHandler(2, 'Undefined property: App\\Controllers\\Home::$db', 'D:\\lelang\\app\\Controllers\\Home.php', 666)
 2 SYSTEMPATH\CodeIgniter.php(919): App\Controllers\Home->excel()
 3 SYSTEMPATH\CodeIgniter.php(494): CodeIgniter\CodeIgniter->runController(Object(App\Controllers\Home))
 4 SYSTEMPATH\CodeIgniter.php(353): CodeIgniter\CodeIgniter->handleRequest(null, Object(Config\Cache), false)
 5 FCPATH\index.php(79): CodeIgniter\CodeIgniter->run()
 6 SYSTEMPATH\Commands\Server\rewrite.php(47): require_once('D:\\lelang\\public\\index.php')
CRITICAL - 2023-12-06 12:21:53 --> Undefined property: App\Controllers\Home::$db
in APPPATH\Controllers\Home.php on line 666.
 1 APPPATH\Controllers\Home.php(666): CodeIgniter\Debug\Exceptions->errorHandler(2, 'Undefined property: App\\Controllers\\Home::$db', 'D:\\lelang\\app\\Controllers\\Home.php', 666)
 2 SYSTEMPATH\CodeIgniter.php(919): App\Controllers\Home->excel()
 3 SYSTEMPATH\CodeIgniter.php(494): CodeIgniter\CodeIgniter->runController(Object(App\Controllers\Home))
 4 SYSTEMPATH\CodeIgniter.php(353): CodeIgniter\CodeIgniter->handleRequest(null, Object(Config\Cache), false)
 5 FCPATH\index.php(79): CodeIgniter\CodeIgniter->run()
 6 SYSTEMPATH\Commands\Server\rewrite.php(47): require_once('D:\\lelang\\public\\index.php')
CRITICAL - 2023-12-06 12:23:03 --> Class "App\Models\Gudang" not found
in APPPATH\Controllers\Home.php on line 277.
 1 SYSTEMPATH\CodeIgniter.php(919): App\Controllers\Home->barang()
 2 SYSTEMPATH\CodeIgniter.php(494): CodeIgniter\CodeIgniter->runController(Object(App\Controllers\Home))
 3 SYSTEMPATH\CodeIgniter.php(353): CodeIgniter\CodeIgniter->handleRequest(null, Object(Config\Cache), false)
 4 FCPATH\index.php(79): CodeIgniter\CodeIgniter->run()
 5 SYSTEMPATH\Commands\Server\rewrite.php(47): require_once('D:\\lelang\\public\\index.php')
CRITICAL - 2023-12-06 12:23:26 --> Undefined property: App\Controllers\Home::$db
in APPPATH\Controllers\Home.php on line 666.
 1 APPPATH\Controllers\Home.php(666): CodeIgniter\Debug\Exceptions->errorHandler(2, 'Undefined property: App\\Controllers\\Home::$db', 'D:\\lelang\\app\\Controllers\\Home.php', 666)
 2 SYSTEMPATH\CodeIgniter.php(919): App\Controllers\Home->excel()
 3 SYSTEMPATH\CodeIgniter.php(494): CodeIgniter\CodeIgniter->runController(Object(App\Controllers\Home))
 4 SYSTEMPATH\CodeIgniter.php(353): CodeIgniter\CodeIgniter->handleRequest(null, Object(Config\Cache), false)
 5 FCPATH\index.php(79): CodeIgniter\CodeIgniter->run()
 6 SYSTEMPATH\Commands\Server\rewrite.php(47): require_once('D:\\lelang\\public\\index.php')
CRITICAL - 2023-12-06 12:23:33 --> Undefined property: App\Controllers\Home::$db
in APPPATH\Controllers\Home.php on line 666.
 1 APPPATH\Controllers\Home.php(666): CodeIgniter\Debug\Exceptions->errorHandler(2, 'Undefined property: App\\Controllers\\Home::$db', 'D:\\lelang\\app\\Controllers\\Home.php', 666)
 2 SYSTEMPATH\CodeIgniter.php(919): App\Controllers\Home->excel()
 3 SYSTEMPATH\CodeIgniter.php(494): CodeIgniter\CodeIgniter->runController(Object(App\Controllers\Home))
 4 SYSTEMPATH\CodeIgniter.php(353): CodeIgniter\CodeIgniter->handleRequest(null, Object(Config\Cache), false)
 5 FCPATH\index.php(79): CodeIgniter\CodeIgniter->run()
 6 SYSTEMPATH\Commands\Server\rewrite.php(47): require_once('D:\\lelang\\public\\index.php')
CRITICAL - 2023-12-06 12:24:05 --> Undefined property: App\Controllers\Home::$db
in APPPATH\Controllers\Home.php on line 666.
 1 APPPATH\Controllers\Home.php(666): CodeIgniter\Debug\Exceptions->errorHandler(2, 'Undefined property: App\\Controllers\\Home::$db', 'D:\\lelang\\app\\Controllers\\Home.php', 666)
 2 SYSTEMPATH\CodeIgniter.php(919): App\Controllers\Home->excel()
 3 SYSTEMPATH\CodeIgniter.php(494): CodeIgniter\CodeIgniter->runController(Object(App\Controllers\Home))
 4 SYSTEMPATH\CodeIgniter.php(353): CodeIgniter\CodeIgniter->handleRequest(null, Object(Config\Cache), false)
 5 FCPATH\index.php(79): CodeIgniter\CodeIgniter->run()
 6 SYSTEMPATH\Commands\Server\rewrite.php(47): require_once('D:\\lelang\\public\\index.php')
CRITICAL - 2023-12-06 12:25:06 --> Undefined property: App\Controllers\Home::$Gudang
in APPPATH\Controllers\Home.php on line 646.
 1 APPPATH\Controllers\Home.php(646): CodeIgniter\Debug\Exceptions->errorHandler(2, 'Undefined property: App\\Controllers\\Home::$Gudang', 'D:\\lelang\\app\\Controllers\\Home.php', 646)
 2 SYSTEMPATH\CodeIgniter.php(919): App\Controllers\Home->excel()
 3 SYSTEMPATH\CodeIgniter.php(494): CodeIgniter\CodeIgniter->runController(Object(App\Controllers\Home))
 4 SYSTEMPATH\CodeIgniter.php(353): CodeIgniter\CodeIgniter->handleRequest(null, Object(Config\Cache), false)
 5 FCPATH\index.php(79): CodeIgniter\CodeIgniter->run()
 6 SYSTEMPATH\Commands\Server\rewrite.php(47): require_once('D:\\lelang\\public\\index.php')
CRITICAL - 2023-12-06 12:25:45 --> Undefined property: App\Controllers\Home::$db
in APPPATH\Controllers\Home.php on line 666.
 1 APPPATH\Controllers\Home.php(666): CodeIgniter\Debug\Exceptions->errorHandler(2, 'Undefined property: App\\Controllers\\Home::$db', 'D:\\lelang\\app\\Controllers\\Home.php', 666)
 2 SYSTEMPATH\CodeIgniter.php(919): App\Controllers\Home->excel()
 3 SYSTEMPATH\CodeIgniter.php(494): CodeIgniter\CodeIgniter->runController(Object(App\Controllers\Home))
 4 SYSTEMPATH\CodeIgniter.php(353): CodeIgniter\CodeIgniter->handleRequest(null, Object(Config\Cache), false)
 5 FCPATH\index.php(79): CodeIgniter\CodeIgniter->run()
 6 SYSTEMPATH\Commands\Server\rewrite.php(47): require_once('D:\\lelang\\public\\index.php')
CRITICAL - 2023-12-06 12:27:10 --> Undefined array key "harga_awal"
in APPPATH\Controllers\Home.php on line 684.
 1 APPPATH\Controllers\Home.php(684): CodeIgniter\Debug\Exceptions->errorHandler(2, 'Undefined array key "harga_awal"', 'D:\\lelang\\app\\Controllers\\Home.php', 684)
 2 SYSTEMPATH\CodeIgniter.php(919): App\Controllers\Home->excel()
 3 SYSTEMPATH\CodeIgniter.php(494): CodeIgniter\CodeIgniter->runController(Object(App\Controllers\Home))
 4 SYSTEMPATH\CodeIgniter.php(353): CodeIgniter\CodeIgniter->handleRequest(null, Object(Config\Cache), false)
 5 FCPATH\index.php(79): CodeIgniter\CodeIgniter->run()
 6 SYSTEMPATH\Commands\Server\rewrite.php(47): require_once('D:\\lelang\\public\\index.php')
CRITICAL - 2023-12-06 12:28:01 --> Undefined array key "harga awal"
in APPPATH\Controllers\Home.php on line 684.
 1 APPPATH\Controllers\Home.php(684): CodeIgniter\Debug\Exceptions->errorHandler(2, 'Undefined array key "harga awal"', 'D:\\lelang\\app\\Controllers\\Home.php', 684)
 2 SYSTEMPATH\CodeIgniter.php(919): App\Controllers\Home->excel()
 3 SYSTEMPATH\CodeIgniter.php(494): CodeIgniter\CodeIgniter->runController(Object(App\Controllers\Home))
 4 SYSTEMPATH\CodeIgniter.php(353): CodeIgniter\CodeIgniter->handleRequest(null, Object(Config\Cache), false)
 5 FCPATH\index.php(79): CodeIgniter\CodeIgniter->run()
 6 SYSTEMPATH\Commands\Server\rewrite.php(47): require_once('D:\\lelang\\public\\index.php')
CRITICAL - 2023-12-06 12:28:07 --> Undefined array key "harga_awal"
in APPPATH\Controllers\Home.php on line 684.
 1 APPPATH\Controllers\Home.php(684): CodeIgniter\Debug\Exceptions->errorHandler(2, 'Undefined array key "harga_awal"', 'D:\\lelang\\app\\Controllers\\Home.php', 684)
 2 SYSTEMPATH\CodeIgniter.php(919): App\Controllers\Home->excel()
 3 SYSTEMPATH\CodeIgniter.php(494): CodeIgniter\CodeIgniter->runController(Object(App\Controllers\Home))
 4 SYSTEMPATH\CodeIgniter.php(353): CodeIgniter\CodeIgniter->handleRequest(null, Object(Config\Cache), false)
 5 FCPATH\index.php(79): CodeIgniter\CodeIgniter->run()
 6 SYSTEMPATH\Commands\Server\rewrite.php(47): require_once('D:\\lelang\\public\\index.php')
CRITICAL - 2023-12-06 12:28:43 --> Undefined array key "harga_awal"
in APPPATH\Controllers\Home.php on line 684.
 1 APPPATH\Controllers\Home.php(684): CodeIgniter\Debug\Exceptions->errorHandler(2, 'Undefined array key "harga_awal"', 'D:\\lelang\\app\\Controllers\\Home.php', 684)
 2 SYSTEMPATH\CodeIgniter.php(919): App\Controllers\Home->excel()
 3 SYSTEMPATH\CodeIgniter.php(494): CodeIgniter\CodeIgniter->runController(Object(App\Controllers\Home))
 4 SYSTEMPATH\CodeIgniter.php(353): CodeIgniter\CodeIgniter->handleRequest(null, Object(Config\Cache), false)
 5 FCPATH\index.php(79): CodeIgniter\CodeIgniter->run()
 6 SYSTEMPATH\Commands\Server\rewrite.php(47): require_once('D:\\lelang\\public\\index.php')
CRITICAL - 2023-12-06 12:28:58 --> Undefined array key "harga_awal"
in APPPATH\Controllers\Home.php on line 684.
 1 APPPATH\Controllers\Home.php(684): CodeIgniter\Debug\Exceptions->errorHandler(2, 'Undefined array key "harga_awal"', 'D:\\lelang\\app\\Controllers\\Home.php', 684)
 2 SYSTEMPATH\CodeIgniter.php(919): App\Controllers\Home->excel()
 3 SYSTEMPATH\CodeIgniter.php(494): CodeIgniter\CodeIgniter->runController(Object(App\Controllers\Home))
 4 SYSTEMPATH\CodeIgniter.php(353): CodeIgniter\CodeIgniter->handleRequest(null, Object(Config\Cache), false)
 5 FCPATH\index.php(79): CodeIgniter\CodeIgniter->run()
 6 SYSTEMPATH\Commands\Server\rewrite.php(47): require_once('D:\\lelang\\public\\index.php')
ERROR - 2023-12-06 23:58:06 --> mysqli_sql_exception: Unknown column 'id_petugas' in 'where clause' in D:\lelang\system\Database\MySQLi\Connection.php:306
Stack trace:
#0 D:\lelang\system\Database\MySQLi\Connection.php(306): mysqli->query('UPDATE `tb_bara...', 0)
#1 D:\lelang\system\Database\BaseConnection.php(692): CodeIgniter\Database\MySQLi\Connection->execute('UPDATE `tb_bara...')
#2 D:\lelang\system\Database\BaseConnection.php(606): CodeIgniter\Database\BaseConnection->simpleQuery('UPDATE `tb_bara...')
#3 D:\lelang\system\Database\BaseBuilder.php(2475): CodeIgniter\Database\BaseConnection->query('UPDATE `tb_bara...', Array, false)
#4 D:\lelang\app\Models\Gudang.php(38): CodeIgniter\Database\BaseBuilder->update(Array, Array)
#5 D:\lelang\app\Controllers\Home.php(177): App\Models\Gudang->edit('tb_barang', Array, Array)
#6 D:\lelang\system\CodeIgniter.php(919): App\Controllers\Home->aksi_e_brg()
#7 D:\lelang\system\CodeIgniter.php(494): CodeIgniter\CodeIgniter->runController(Object(App\Controllers\Home))
#8 D:\lelang\system\CodeIgniter.php(353): CodeIgniter\CodeIgniter->handleRequest(NULL, Object(Config\Cache), false)
#9 D:\lelang\public\index.php(79): CodeIgniter\CodeIgniter->run()
#10 D:\lelang\system\Commands\Server\rewrite.php(47): require_once('D:\\lelang\\publi...')
#11 {main}
CRITICAL - 2023-12-06 23:58:06 --> Unknown column 'id_petugas' in 'where clause'
in SYSTEMPATH\Database\BaseConnection.php on line 646.
 1 SYSTEMPATH\Database\BaseBuilder.php(2475): CodeIgniter\Database\BaseConnection->query('UPDATE `tb_barang` SET `nama_barang` = :nama_barang:, `tgl` = :tgl:, `harga_awal` = :harga_awal:, `deskripsi_barang` = :deskripsi_barang:
WHERE `id_petugas` = :id_petugas:', [...], false)
 2 APPPATH\Models\Gudang.php(38): CodeIgniter\Database\BaseBuilder->update([...], [...])
 3 APPPATH\Controllers\Home.php(177): App\Models\Gudang->edit('tb_barang', [...], [...])
 4 SYSTEMPATH\CodeIgniter.php(919): App\Controllers\Home->aksi_e_brg()
 5 SYSTEMPATH\CodeIgniter.php(494): CodeIgniter\CodeIgniter->runController(Object(App\Controllers\Home))
 6 SYSTEMPATH\CodeIgniter.php(353): CodeIgniter\CodeIgniter->handleRequest(null, Object(Config\Cache), false)
 7 FCPATH\index.php(79): CodeIgniter\CodeIgniter->run()
 8 SYSTEMPATH\Commands\Server\rewrite.php(47): require_once('D:\\lelang\\public\\index.php')
