ERROR - 2024-01-19 01:58:59 --> Error connecting to the database: mysqli_sql_exception: No connection could be made because the target machine actively refused it in D:\lelang\system\Database\MySQLi\Connection.php:185
Stack trace:
#0 D:\lelang\system\Database\MySQLi\Connection.php(185): mysqli->real_connect('localhost', 'root', '', 'lelang', 3306, '', 0)
#1 D:\lelang\system\Database\BaseConnection.php(391): CodeIgniter\Database\MySQLi\Connection->connect(false)
#2 D:\lelang\system\Database\BaseConnection.php(574): CodeIgniter\Database\BaseConnection->initialize()
#3 D:\lelang\system\Database\BaseBuilder.php(1748): CodeIgniter\Database\BaseConnection->query('SELECT *\nFROM `...', Array, false)
#4 D:\lelang\app\Models\Gudang.php(49): CodeIgniter\Database\BaseBuilder->getWhere(Array)
#5 D:\lelang\app\Controllers\Home.php(595): App\Models\Gudang->getWhere('tb_admin', Array)
#6 D:\lelang\system\CodeIgniter.php(919): App\Controllers\Home->aksi_login()
#7 D:\lelang\system\CodeIgniter.php(494): CodeIgniter\CodeIgniter->runController(Object(App\Controllers\Home))
#8 D:\lelang\system\CodeIgniter.php(353): CodeIgniter\CodeIgniter->handleRequest(NULL, Object(Config\Cache), false)
#9 D:\lelang\public\index.php(79): CodeIgniter\CodeIgniter->run()
#10 D:\lelang\system\Commands\Server\rewrite.php(47): require_once('D:\\lelang\\publi...')
#11 {main}

Next CodeIgniter\Database\Exceptions\DatabaseException: No connection could be made because the target machine actively refused it in D:\lelang\system\Database\MySQLi\Connection.php:229
Stack trace:
#0 D:\lelang\system\Database\BaseConnection.php(391): CodeIgniter\Database\MySQLi\Connection->connect(false)
#1 D:\lelang\system\Database\BaseConnection.php(574): CodeIgniter\Database\BaseConnection->initialize()
#2 D:\lelang\system\Database\BaseBuilder.php(1748): CodeIgniter\Database\BaseConnection->query('SELECT *\nFROM `...', Array, false)
#3 D:\lelang\app\Models\Gudang.php(49): CodeIgniter\Database\BaseBuilder->getWhere(Array)
#4 D:\lelang\app\Controllers\Home.php(595): App\Models\Gudang->getWhere('tb_admin', Array)
#5 D:\lelang\system\CodeIgniter.php(919): App\Controllers\Home->aksi_login()
#6 D:\lelang\system\CodeIgniter.php(494): CodeIgniter\CodeIgniter->runController(Object(App\Controllers\Home))
#7 D:\lelang\system\CodeIgniter.php(353): CodeIgniter\CodeIgniter->handleRequest(NULL, Object(Config\Cache), false)
#8 D:\lelang\public\index.php(79): CodeIgniter\CodeIgniter->run()
#9 D:\lelang\system\Commands\Server\rewrite.php(47): require_once('D:\\lelang\\publi...')
#10 {main}
CRITICAL - 2024-01-19 01:58:59 --> Unable to connect to the database.
Main connection [MySQLi]: No connection could be made because the target machine actively refused it
in SYSTEMPATH\Database\BaseConnection.php on line 427.
 1 SYSTEMPATH\Database\BaseConnection.php(574): CodeIgniter\Database\BaseConnection->initialize()
 2 SYSTEMPATH\Database\BaseBuilder.php(1748): CodeIgniter\Database\BaseConnection->query('SELECT *
FROM `tb_admin`
WHERE `username` = :username:
AND `password` = :password:', [...], false)
 3 APPPATH\Models\Gudang.php(49): CodeIgniter\Database\BaseBuilder->getWhere([...])
 4 APPPATH\Controllers\Home.php(595): App\Models\Gudang->getWhere('tb_admin', [...])
 5 SYSTEMPATH\CodeIgniter.php(919): App\Controllers\Home->aksi_login()
 6 SYSTEMPATH\CodeIgniter.php(494): CodeIgniter\CodeIgniter->runController(Object(App\Controllers\Home))
 7 SYSTEMPATH\CodeIgniter.php(353): CodeIgniter\CodeIgniter->handleRequest(null, Object(Config\Cache), false)
 8 FCPATH\index.php(79): CodeIgniter\CodeIgniter->run()
 9 SYSTEMPATH\Commands\Server\rewrite.php(47): require_once('D:\\lelang\\public\\index.php')
ERROR - 2024-01-19 01:59:06 --> Error connecting to the database: ErrorException: mysqli::real_connect(): Error while reading greeting packet. PID=8424 in D:\lelang\system\Database\MySQLi\Connection.php:185
Stack trace:
#0 [internal function]: CodeIgniter\Debug\Exceptions->errorHandler(2, 'mysqli::real_co...', 'D:\\lelang\\syste...', 185)
#1 D:\lelang\system\Database\MySQLi\Connection.php(185): mysqli->real_connect('localhost', 'root', '', 'lelang', 3306, '', 0)
#2 D:\lelang\system\Database\BaseConnection.php(391): CodeIgniter\Database\MySQLi\Connection->connect(false)
#3 D:\lelang\system\Database\BaseConnection.php(574): CodeIgniter\Database\BaseConnection->initialize()
#4 D:\lelang\system\Database\BaseBuilder.php(1748): CodeIgniter\Database\BaseConnection->query('SELECT *\nFROM `...', Array, false)
#5 D:\lelang\app\Models\Gudang.php(49): CodeIgniter\Database\BaseBuilder->getWhere(Array)
#6 D:\lelang\app\Controllers\Home.php(595): App\Models\Gudang->getWhere('tb_admin', Array)
#7 D:\lelang\system\CodeIgniter.php(919): App\Controllers\Home->aksi_login()
#8 D:\lelang\system\CodeIgniter.php(494): CodeIgniter\CodeIgniter->runController(Object(App\Controllers\Home))
#9 D:\lelang\system\CodeIgniter.php(353): CodeIgniter\CodeIgniter->handleRequest(NULL, Object(Config\Cache), false)
#10 D:\lelang\public\index.php(79): CodeIgniter\CodeIgniter->run()
#11 D:\lelang\system\Commands\Server\rewrite.php(47): require_once('D:\\lelang\\publi...')
#12 {main}

Next mysqli_sql_exception: MySQL server has gone away in D:\lelang\system\Database\MySQLi\Connection.php:185
Stack trace:
#0 D:\lelang\system\Database\MySQLi\Connection.php(185): mysqli->real_connect('localhost', 'root', '', 'lelang', 3306, '', 0)
#1 D:\lelang\system\Database\BaseConnection.php(391): CodeIgniter\Database\MySQLi\Connection->connect(false)
#2 D:\lelang\system\Database\BaseConnection.php(574): CodeIgniter\Database\BaseConnection->initialize()
#3 D:\lelang\system\Database\BaseBuilder.php(1748): CodeIgniter\Database\BaseConnection->query('SELECT *\nFROM `...', Array, false)
#4 D:\lelang\app\Models\Gudang.php(49): CodeIgniter\Database\BaseBuilder->getWhere(Array)
#5 D:\lelang\app\Controllers\Home.php(595): App\Models\Gudang->getWhere('tb_admin', Array)
#6 D:\lelang\system\CodeIgniter.php(919): App\Controllers\Home->aksi_login()
#7 D:\lelang\system\CodeIgniter.php(494): CodeIgniter\CodeIgniter->runController(Object(App\Controllers\Home))
#8 D:\lelang\system\CodeIgniter.php(353): CodeIgniter\CodeIgniter->handleRequest(NULL, Object(Config\Cache), false)
#9 D:\lelang\public\index.php(79): CodeIgniter\CodeIgniter->run()
#10 D:\lelang\system\Commands\Server\rewrite.php(47): require_once('D:\\lelang\\publi...')
#11 {main}

Next CodeIgniter\Database\Exceptions\DatabaseException: MySQL server has gone away in D:\lelang\system\Database\MySQLi\Connection.php:229
Stack trace:
#0 D:\lelang\system\Database\BaseConnection.php(391): CodeIgniter\Database\MySQLi\Connection->connect(false)
#1 D:\lelang\system\Database\BaseConnection.php(574): CodeIgniter\Database\BaseConnection->initialize()
#2 D:\lelang\system\Database\BaseBuilder.php(1748): CodeIgniter\Database\BaseConnection->query('SELECT *\nFROM `...', Array, false)
#3 D:\lelang\app\Models\Gudang.php(49): CodeIgniter\Database\BaseBuilder->getWhere(Array)
#4 D:\lelang\app\Controllers\Home.php(595): App\Models\Gudang->getWhere('tb_admin', Array)
#5 D:\lelang\system\CodeIgniter.php(919): App\Controllers\Home->aksi_login()
#6 D:\lelang\system\CodeIgniter.php(494): CodeIgniter\CodeIgniter->runController(Object(App\Controllers\Home))
#7 D:\lelang\system\CodeIgniter.php(353): CodeIgniter\CodeIgniter->handleRequest(NULL, Object(Config\Cache), false)
#8 D:\lelang\public\index.php(79): CodeIgniter\CodeIgniter->run()
#9 D:\lelang\system\Commands\Server\rewrite.php(47): require_once('D:\\lelang\\publi...')
#10 {main}
CRITICAL - 2024-01-19 01:59:06 --> Unable to connect to the database.
Main connection [MySQLi]: MySQL server has gone away
in SYSTEMPATH\Database\BaseConnection.php on line 427.
 1 SYSTEMPATH\Database\BaseConnection.php(574): CodeIgniter\Database\BaseConnection->initialize()
 2 SYSTEMPATH\Database\BaseBuilder.php(1748): CodeIgniter\Database\BaseConnection->query('SELECT *
FROM `tb_admin`
WHERE `username` = :username:
AND `password` = :password:', [...], false)
 3 APPPATH\Models\Gudang.php(49): CodeIgniter\Database\BaseBuilder->getWhere([...])
 4 APPPATH\Controllers\Home.php(595): App\Models\Gudang->getWhere('tb_admin', [...])
 5 SYSTEMPATH\CodeIgniter.php(919): App\Controllers\Home->aksi_login()
 6 SYSTEMPATH\CodeIgniter.php(494): CodeIgniter\CodeIgniter->runController(Object(App\Controllers\Home))
 7 SYSTEMPATH\CodeIgniter.php(353): CodeIgniter\CodeIgniter->handleRequest(null, Object(Config\Cache), false)
 8 FCPATH\index.php(79): CodeIgniter\CodeIgniter->run()
 9 SYSTEMPATH\Commands\Server\rewrite.php(47): require_once('D:\\lelang\\public\\index.php')
ERROR - 2024-01-19 01:59:12 --> Error connecting to the database: mysqli_sql_exception: No connection could be made because the target machine actively refused it in D:\lelang\system\Database\MySQLi\Connection.php:185
Stack trace:
#0 D:\lelang\system\Database\MySQLi\Connection.php(185): mysqli->real_connect('localhost', 'root', '', 'lelang', 3306, '', 0)
#1 D:\lelang\system\Database\BaseConnection.php(391): CodeIgniter\Database\MySQLi\Connection->connect(false)
#2 D:\lelang\system\Database\BaseConnection.php(574): CodeIgniter\Database\BaseConnection->initialize()
#3 D:\lelang\system\Database\BaseBuilder.php(1748): CodeIgniter\Database\BaseConnection->query('SELECT *\nFROM `...', Array, false)
#4 D:\lelang\app\Models\Gudang.php(49): CodeIgniter\Database\BaseBuilder->getWhere(Array)
#5 D:\lelang\app\Controllers\Home.php(595): App\Models\Gudang->getWhere('tb_admin', Array)
#6 D:\lelang\system\CodeIgniter.php(919): App\Controllers\Home->aksi_login()
#7 D:\lelang\system\CodeIgniter.php(494): CodeIgniter\CodeIgniter->runController(Object(App\Controllers\Home))
#8 D:\lelang\system\CodeIgniter.php(353): CodeIgniter\CodeIgniter->handleRequest(NULL, Object(Config\Cache), false)
#9 D:\lelang\public\index.php(79): CodeIgniter\CodeIgniter->run()
#10 D:\lelang\system\Commands\Server\rewrite.php(47): require_once('D:\\lelang\\publi...')
#11 {main}

Next CodeIgniter\Database\Exceptions\DatabaseException: No connection could be made because the target machine actively refused it in D:\lelang\system\Database\MySQLi\Connection.php:229
Stack trace:
#0 D:\lelang\system\Database\BaseConnection.php(391): CodeIgniter\Database\MySQLi\Connection->connect(false)
#1 D:\lelang\system\Database\BaseConnection.php(574): CodeIgniter\Database\BaseConnection->initialize()
#2 D:\lelang\system\Database\BaseBuilder.php(1748): CodeIgniter\Database\BaseConnection->query('SELECT *\nFROM `...', Array, false)
#3 D:\lelang\app\Models\Gudang.php(49): CodeIgniter\Database\BaseBuilder->getWhere(Array)
#4 D:\lelang\app\Controllers\Home.php(595): App\Models\Gudang->getWhere('tb_admin', Array)
#5 D:\lelang\system\CodeIgniter.php(919): App\Controllers\Home->aksi_login()
#6 D:\lelang\system\CodeIgniter.php(494): CodeIgniter\CodeIgniter->runController(Object(App\Controllers\Home))
#7 D:\lelang\system\CodeIgniter.php(353): CodeIgniter\CodeIgniter->handleRequest(NULL, Object(Config\Cache), false)
#8 D:\lelang\public\index.php(79): CodeIgniter\CodeIgniter->run()
#9 D:\lelang\system\Commands\Server\rewrite.php(47): require_once('D:\\lelang\\publi...')
#10 {main}
CRITICAL - 2024-01-19 01:59:12 --> Unable to connect to the database.
Main connection [MySQLi]: No connection could be made because the target machine actively refused it
in SYSTEMPATH\Database\BaseConnection.php on line 427.
 1 SYSTEMPATH\Database\BaseConnection.php(574): CodeIgniter\Database\BaseConnection->initialize()
 2 SYSTEMPATH\Database\BaseBuilder.php(1748): CodeIgniter\Database\BaseConnection->query('SELECT *
FROM `tb_admin`
WHERE `username` = :username:
AND `password` = :password:', [...], false)
 3 APPPATH\Models\Gudang.php(49): CodeIgniter\Database\BaseBuilder->getWhere([...])
 4 APPPATH\Controllers\Home.php(595): App\Models\Gudang->getWhere('tb_admin', [...])
 5 SYSTEMPATH\CodeIgniter.php(919): App\Controllers\Home->aksi_login()
 6 SYSTEMPATH\CodeIgniter.php(494): CodeIgniter\CodeIgniter->runController(Object(App\Controllers\Home))
 7 SYSTEMPATH\CodeIgniter.php(353): CodeIgniter\CodeIgniter->handleRequest(null, Object(Config\Cache), false)
 8 FCPATH\index.php(79): CodeIgniter\CodeIgniter->run()
 9 SYSTEMPATH\Commands\Server\rewrite.php(47): require_once('D:\\lelang\\public\\index.php')
