CRITICAL - 2023-12-12 06:26:58 --> Undefined property: stdClass::$id_lelang
in APPPATH\Views\tambahlelang.php on line 50.
 1 APPPATH\Views\tambahlelang.php(50): CodeIgniter\Debug\Exceptions->errorHandler(2, 'Undefined property: stdClass::$id_lelang', 'D:\\lelang\\app\\Views\\tambahlelang.php', 50)
 2 SYSTEMPATH\View\View.php(226): include('D:\\lelang\\app\\Views\\tambahlelang.php')
 3 SYSTEMPATH\View\View.php(229): CodeIgniter\View\View->CodeIgniter\View\{closure}()
 4 SYSTEMPATH\Common.php(1188): CodeIgniter\View\View->render('tambahlelang', [], true)
 5 APPPATH\Controllers\Home.php(340): view('tambahlelang', [...])
 6 SYSTEMPATH\CodeIgniter.php(919): App\Controllers\Home->tambahlelang()
 7 SYSTEMPATH\CodeIgniter.php(494): CodeIgniter\CodeIgniter->runController(Object(App\Controllers\Home))
 8 SYSTEMPATH\CodeIgniter.php(353): CodeIgniter\CodeIgniter->handleRequest(null, Object(Config\Cache), false)
 9 FCPATH\index.php(79): CodeIgniter\CodeIgniter->run()
10 SYSTEMPATH\Commands\Server\rewrite.php(47): require_once('D:\\lelang\\public\\index.php')
CRITICAL - 2023-12-12 06:27:07 --> Undefined property: stdClass::$tgl_lelang
in APPPATH\Views\tambahlelang.php on line 51.
 1 APPPATH\Views\tambahlelang.php(51): CodeIgniter\Debug\Exceptions->errorHandler(2, 'Undefined property: stdClass::$tgl_lelang', 'D:\\lelang\\app\\Views\\tambahlelang.php', 51)
 2 SYSTEMPATH\View\View.php(226): include('D:\\lelang\\app\\Views\\tambahlelang.php')
 3 SYSTEMPATH\View\View.php(229): CodeIgniter\View\View->CodeIgniter\View\{closure}()
 4 SYSTEMPATH\Common.php(1188): CodeIgniter\View\View->render('tambahlelang', [], true)
 5 APPPATH\Controllers\Home.php(340): view('tambahlelang', [...])
 6 SYSTEMPATH\CodeIgniter.php(919): App\Controllers\Home->tambahlelang()
 7 SYSTEMPATH\CodeIgniter.php(494): CodeIgniter\CodeIgniter->runController(Object(App\Controllers\Home))
 8 SYSTEMPATH\CodeIgniter.php(353): CodeIgniter\CodeIgniter->handleRequest(null, Object(Config\Cache), false)
 9 FCPATH\index.php(79): CodeIgniter\CodeIgniter->run()
10 SYSTEMPATH\Commands\Server\rewrite.php(47): require_once('D:\\lelang\\public\\index.php')
CRITICAL - 2023-12-12 06:27:18 --> Undefined property: stdClass::$tanggal
in APPPATH\Views\tambahlelang.php on line 51.
 1 APPPATH\Views\tambahlelang.php(51): CodeIgniter\Debug\Exceptions->errorHandler(2, 'Undefined property: stdClass::$tanggal', 'D:\\lelang\\app\\Views\\tambahlelang.php', 51)
 2 SYSTEMPATH\View\View.php(226): include('D:\\lelang\\app\\Views\\tambahlelang.php')
 3 SYSTEMPATH\View\View.php(229): CodeIgniter\View\View->CodeIgniter\View\{closure}()
 4 SYSTEMPATH\Common.php(1188): CodeIgniter\View\View->render('tambahlelang', [], true)
 5 APPPATH\Controllers\Home.php(340): view('tambahlelang', [...])
 6 SYSTEMPATH\CodeIgniter.php(919): App\Controllers\Home->tambahlelang()
 7 SYSTEMPATH\CodeIgniter.php(494): CodeIgniter\CodeIgniter->runController(Object(App\Controllers\Home))
 8 SYSTEMPATH\CodeIgniter.php(353): CodeIgniter\CodeIgniter->handleRequest(null, Object(Config\Cache), false)
 9 FCPATH\index.php(79): CodeIgniter\CodeIgniter->run()
10 SYSTEMPATH\Commands\Server\rewrite.php(47): require_once('D:\\lelang\\public\\index.php')
CRITICAL - 2023-12-12 08:14:20 --> Undefined array key 1
in VENDORPATH\phpoffice\phpspreadsheet\src\PhpSpreadsheet\Cell\Coordinate.php on line 302.
 1 VENDORPATH\phpoffice\phpspreadsheet\src\PhpSpreadsheet\Cell\Coordinate.php(302): CodeIgniter\Debug\Exceptions->errorHandler(2, 'Undefined array key 1', 'D:\\lelang\\vendor\\phpoffice\\phpspreadsheet\\src\\PhpSpreadsheet\\Cell\\Coordinate.php', 302)
 2 VENDORPATH\phpoffice\phpspreadsheet\src\PhpSpreadsheet\Worksheet\Worksheet.php(1500): PhpOffice\PhpSpreadsheet\Cell\Coordinate::columnIndexFromString('A1')
 3 APPPATH\Controllers\Home.php(686): PhpOffice\PhpSpreadsheet\Worksheet\Worksheet->getColumnDimension('A1')
 4 SYSTEMPATH\CodeIgniter.php(919): App\Controllers\Home->excel()
 5 SYSTEMPATH\CodeIgniter.php(494): CodeIgniter\CodeIgniter->runController(Object(App\Controllers\Home))
 6 SYSTEMPATH\CodeIgniter.php(353): CodeIgniter\CodeIgniter->handleRequest(null, Object(Config\Cache), false)
 7 FCPATH\index.php(79): CodeIgniter\CodeIgniter->run()
 8 SYSTEMPATH\Commands\Server\rewrite.php(47): require_once('D:\\lelang\\public\\index.php')
CRITICAL - 2023-12-12 08:14:27 --> Undefined array key 1
in VENDORPATH\phpoffice\phpspreadsheet\src\PhpSpreadsheet\Cell\Coordinate.php on line 302.
 1 VENDORPATH\phpoffice\phpspreadsheet\src\PhpSpreadsheet\Cell\Coordinate.php(302): CodeIgniter\Debug\Exceptions->errorHandler(2, 'Undefined array key 1', 'D:\\lelang\\vendor\\phpoffice\\phpspreadsheet\\src\\PhpSpreadsheet\\Cell\\Coordinate.php', 302)
 2 VENDORPATH\phpoffice\phpspreadsheet\src\PhpSpreadsheet\Worksheet\Worksheet.php(1500): PhpOffice\PhpSpreadsheet\Cell\Coordinate::columnIndexFromString('A1')
 3 APPPATH\Controllers\Home.php(686): PhpOffice\PhpSpreadsheet\Worksheet\Worksheet->getColumnDimension('A1')
 4 SYSTEMPATH\CodeIgniter.php(919): App\Controllers\Home->excel()
 5 SYSTEMPATH\CodeIgniter.php(494): CodeIgniter\CodeIgniter->runController(Object(App\Controllers\Home))
 6 SYSTEMPATH\CodeIgniter.php(353): CodeIgniter\CodeIgniter->handleRequest(null, Object(Config\Cache), false)
 7 FCPATH\index.php(79): CodeIgniter\CodeIgniter->run()
 8 SYSTEMPATH\Commands\Server\rewrite.php(47): require_once('D:\\lelang\\public\\index.php')
CRITICAL - 2023-12-12 11:51:27 --> Undefined property: stdClass::$nama_barang
in APPPATH\Views\pdflelang.php on line 54.
 1 APPPATH\Views\pdflelang.php(54): CodeIgniter\Debug\Exceptions->errorHandler(2, 'Undefined property: stdClass::$nama_barang', 'D:\\lelang\\app\\Views\\pdflelang.php', 54)
 2 SYSTEMPATH\View\View.php(226): include('D:\\lelang\\app\\Views\\pdflelang.php')
 3 SYSTEMPATH\View\View.php(229): CodeIgniter\View\View->CodeIgniter\View\{closure}()
 4 SYSTEMPATH\Common.php(1188): CodeIgniter\View\View->render('pdflelang', [], true)
 5 APPPATH\Controllers\Home.php(668): view('pdflelang', [...])
 6 SYSTEMPATH\CodeIgniter.php(919): App\Controllers\Home->pdflelang()
 7 SYSTEMPATH\CodeIgniter.php(494): CodeIgniter\CodeIgniter->runController(Object(App\Controllers\Home))
 8 SYSTEMPATH\CodeIgniter.php(353): CodeIgniter\CodeIgniter->handleRequest(null, Object(Config\Cache), false)
 9 FCPATH\index.php(79): CodeIgniter\CodeIgniter->run()
10 SYSTEMPATH\Commands\Server\rewrite.php(47): require_once('D:\\lelang\\public\\index.php')
CRITICAL - 2023-12-12 11:52:10 --> Undefined property: stdClass::$nama_barang
in APPPATH\Views\pdflelang.php on line 54.
 1 APPPATH\Views\pdflelang.php(54): CodeIgniter\Debug\Exceptions->errorHandler(2, 'Undefined property: stdClass::$nama_barang', 'D:\\lelang\\app\\Views\\pdflelang.php', 54)
 2 SYSTEMPATH\View\View.php(226): include('D:\\lelang\\app\\Views\\pdflelang.php')
 3 SYSTEMPATH\View\View.php(229): CodeIgniter\View\View->CodeIgniter\View\{closure}()
 4 SYSTEMPATH\Common.php(1188): CodeIgniter\View\View->render('pdflelang', [], true)
 5 APPPATH\Controllers\Home.php(668): view('pdflelang', [...])
 6 SYSTEMPATH\CodeIgniter.php(919): App\Controllers\Home->pdflelang()
 7 SYSTEMPATH\CodeIgniter.php(494): CodeIgniter\CodeIgniter->runController(Object(App\Controllers\Home))
 8 SYSTEMPATH\CodeIgniter.php(353): CodeIgniter\CodeIgniter->handleRequest(null, Object(Config\Cache), false)
 9 FCPATH\index.php(79): CodeIgniter\CodeIgniter->run()
10 SYSTEMPATH\Commands\Server\rewrite.php(47): require_once('D:\\lelang\\public\\index.php')
