CRITICAL - 2023-12-09 11:16:03 --> foreach() argument must be of type array|object, null given
in APPPATH\Views\tambahlelang.php on line 32.
 1 APPPATH\Views\tambahlelang.php(32): CodeIgniter\Debug\Exceptions->errorHandler(2, 'foreach() argument must be of type array|object, null given', 'D:\\lelang\\app\\Views\\tambahlelang.php', 32)
 2 SYSTEMPATH\View\View.php(226): include('D:\\lelang\\app\\Views\\tambahlelang.php')
 3 SYSTEMPATH\View\View.php(229): CodeIgniter\View\View->CodeIgniter\View\{closure}()
 4 SYSTEMPATH\Common.php(1188): CodeIgniter\View\View->render('tambahlelang', [], true)
 5 APPPATH\Controllers\Home.php(344): view('tambahlelang', [...])
 6 SYSTEMPATH\CodeIgniter.php(919): App\Controllers\Home->tambahlelang()
 7 SYSTEMPATH\CodeIgniter.php(494): CodeIgniter\CodeIgniter->runController(Object(App\Controllers\Home))
 8 SYSTEMPATH\CodeIgniter.php(353): CodeIgniter\CodeIgniter->handleRequest(null, Object(Config\Cache), false)
 9 FCPATH\index.php(79): CodeIgniter\CodeIgniter->run()
10 SYSTEMPATH\Commands\Server\rewrite.php(47): require_once('D:\\lelang\\public\\index.php')
CRITICAL - 2023-12-09 11:21:08 --> Unclosed '{' on line 32
in APPPATH\Views\tambahlelang.php on line 224.
 1 SYSTEMPATH\View\View.php(229): CodeIgniter\View\View->CodeIgniter\View\{closure}()
 2 SYSTEMPATH\Common.php(1188): CodeIgniter\View\View->render('tambahlelang', [], true)
 3 APPPATH\Controllers\Home.php(344): view('tambahlelang', [...])
 4 SYSTEMPATH\CodeIgniter.php(919): App\Controllers\Home->tambahlelang()
 5 SYSTEMPATH\CodeIgniter.php(494): CodeIgniter\CodeIgniter->runController(Object(App\Controllers\Home))
 6 SYSTEMPATH\CodeIgniter.php(353): CodeIgniter\CodeIgniter->handleRequest(null, Object(Config\Cache), false)
 7 FCPATH\index.php(79): CodeIgniter\CodeIgniter->run()
 8 SYSTEMPATH\Commands\Server\rewrite.php(47): require_once('D:\\lelang\\public\\index.php')
CRITICAL - 2023-12-09 11:21:21 --> Unclosed '{' on line 32
in APPPATH\Views\tambahlelang.php on line 225.
 1 SYSTEMPATH\View\View.php(229): CodeIgniter\View\View->CodeIgniter\View\{closure}()
 2 SYSTEMPATH\Common.php(1188): CodeIgniter\View\View->render('tambahlelang', [], true)
 3 APPPATH\Controllers\Home.php(344): view('tambahlelang', [...])
 4 SYSTEMPATH\CodeIgniter.php(919): App\Controllers\Home->tambahlelang()
 5 SYSTEMPATH\CodeIgniter.php(494): CodeIgniter\CodeIgniter->runController(Object(App\Controllers\Home))
 6 SYSTEMPATH\CodeIgniter.php(353): CodeIgniter\CodeIgniter->handleRequest(null, Object(Config\Cache), false)
 7 FCPATH\index.php(79): CodeIgniter\CodeIgniter->run()
 8 SYSTEMPATH\Commands\Server\rewrite.php(47): require_once('D:\\lelang\\public\\index.php')
CRITICAL - 2023-12-09 11:21:29 --> Unclosed '{' on line 32
in APPPATH\Views\tambahlelang.php on line 225.
 1 SYSTEMPATH\View\View.php(229): CodeIgniter\View\View->CodeIgniter\View\{closure}()
 2 SYSTEMPATH\Common.php(1188): CodeIgniter\View\View->render('tambahlelang', [], true)
 3 APPPATH\Controllers\Home.php(344): view('tambahlelang', [...])
 4 SYSTEMPATH\CodeIgniter.php(919): App\Controllers\Home->tambahlelang()
 5 SYSTEMPATH\CodeIgniter.php(494): CodeIgniter\CodeIgniter->runController(Object(App\Controllers\Home))
 6 SYSTEMPATH\CodeIgniter.php(353): CodeIgniter\CodeIgniter->handleRequest(null, Object(Config\Cache), false)
 7 FCPATH\index.php(79): CodeIgniter\CodeIgniter->run()
 8 SYSTEMPATH\Commands\Server\rewrite.php(47): require_once('D:\\lelang\\public\\index.php')
CRITICAL - 2023-12-09 11:21:38 --> Unclosed '{' on line 32
in APPPATH\Views\tambahlelang.php on line 225.
 1 SYSTEMPATH\View\View.php(229): CodeIgniter\View\View->CodeIgniter\View\{closure}()
 2 SYSTEMPATH\Common.php(1188): CodeIgniter\View\View->render('tambahlelang', [], true)
 3 APPPATH\Controllers\Home.php(344): view('tambahlelang', [...])
 4 SYSTEMPATH\CodeIgniter.php(919): App\Controllers\Home->tambahlelang()
 5 SYSTEMPATH\CodeIgniter.php(494): CodeIgniter\CodeIgniter->runController(Object(App\Controllers\Home))
 6 SYSTEMPATH\CodeIgniter.php(353): CodeIgniter\CodeIgniter->handleRequest(null, Object(Config\Cache), false)
 7 FCPATH\index.php(79): CodeIgniter\CodeIgniter->run()
 8 SYSTEMPATH\Commands\Server\rewrite.php(47): require_once('D:\\lelang\\public\\index.php')
CRITICAL - 2023-12-09 11:21:39 --> Unclosed '{' on line 32
in APPPATH\Views\tambahlelang.php on line 225.
 1 SYSTEMPATH\View\View.php(229): CodeIgniter\View\View->CodeIgniter\View\{closure}()
 2 SYSTEMPATH\Common.php(1188): CodeIgniter\View\View->render('tambahlelang', [], true)
 3 APPPATH\Controllers\Home.php(344): view('tambahlelang', [...])
 4 SYSTEMPATH\CodeIgniter.php(919): App\Controllers\Home->tambahlelang()
 5 SYSTEMPATH\CodeIgniter.php(494): CodeIgniter\CodeIgniter->runController(Object(App\Controllers\Home))
 6 SYSTEMPATH\CodeIgniter.php(353): CodeIgniter\CodeIgniter->handleRequest(null, Object(Config\Cache), false)
 7 FCPATH\index.php(79): CodeIgniter\CodeIgniter->run()
 8 SYSTEMPATH\Commands\Server\rewrite.php(47): require_once('D:\\lelang\\public\\index.php')
CRITICAL - 2023-12-09 11:22:16 --> Unclosed '{' on line 32
in APPPATH\Views\tambahlelang.php on line 225.
 1 SYSTEMPATH\View\View.php(229): CodeIgniter\View\View->CodeIgniter\View\{closure}()
 2 SYSTEMPATH\Common.php(1188): CodeIgniter\View\View->render('tambahlelang', [], true)
 3 APPPATH\Controllers\Home.php(344): view('tambahlelang', [...])
 4 SYSTEMPATH\CodeIgniter.php(919): App\Controllers\Home->tambahlelang()
 5 SYSTEMPATH\CodeIgniter.php(494): CodeIgniter\CodeIgniter->runController(Object(App\Controllers\Home))
 6 SYSTEMPATH\CodeIgniter.php(353): CodeIgniter\CodeIgniter->handleRequest(null, Object(Config\Cache), false)
 7 FCPATH\index.php(79): CodeIgniter\CodeIgniter->run()
 8 SYSTEMPATH\Commands\Server\rewrite.php(47): require_once('D:\\lelang\\public\\index.php')
CRITICAL - 2023-12-09 11:22:21 --> Unclosed '{' on line 32
in APPPATH\Views\tambahlelang.php on line 226.
 1 SYSTEMPATH\View\View.php(229): CodeIgniter\View\View->CodeIgniter\View\{closure}()
 2 SYSTEMPATH\Common.php(1188): CodeIgniter\View\View->render('tambahlelang', [], true)
 3 APPPATH\Controllers\Home.php(344): view('tambahlelang', [...])
 4 SYSTEMPATH\CodeIgniter.php(919): App\Controllers\Home->tambahlelang()
 5 SYSTEMPATH\CodeIgniter.php(494): CodeIgniter\CodeIgniter->runController(Object(App\Controllers\Home))
 6 SYSTEMPATH\CodeIgniter.php(353): CodeIgniter\CodeIgniter->handleRequest(null, Object(Config\Cache), false)
 7 FCPATH\index.php(79): CodeIgniter\CodeIgniter->run()
 8 SYSTEMPATH\Commands\Server\rewrite.php(47): require_once('D:\\lelang\\public\\index.php')
CRITICAL - 2023-12-09 11:22:26 --> Unclosed '{' on line 32
in APPPATH\Views\tambahlelang.php on line 225.
 1 SYSTEMPATH\View\View.php(229): CodeIgniter\View\View->CodeIgniter\View\{closure}()
 2 SYSTEMPATH\Common.php(1188): CodeIgniter\View\View->render('tambahlelang', [], true)
 3 APPPATH\Controllers\Home.php(344): view('tambahlelang', [...])
 4 SYSTEMPATH\CodeIgniter.php(919): App\Controllers\Home->tambahlelang()
 5 SYSTEMPATH\CodeIgniter.php(494): CodeIgniter\CodeIgniter->runController(Object(App\Controllers\Home))
 6 SYSTEMPATH\CodeIgniter.php(353): CodeIgniter\CodeIgniter->handleRequest(null, Object(Config\Cache), false)
 7 FCPATH\index.php(79): CodeIgniter\CodeIgniter->run()
 8 SYSTEMPATH\Commands\Server\rewrite.php(47): require_once('D:\\lelang\\public\\index.php')
CRITICAL - 2023-12-09 11:22:41 --> Unclosed '{' on line 32
in APPPATH\Views\tambahlelang.php on line 226.
 1 SYSTEMPATH\View\View.php(229): CodeIgniter\View\View->CodeIgniter\View\{closure}()
 2 SYSTEMPATH\Common.php(1188): CodeIgniter\View\View->render('tambahlelang', [], true)
 3 APPPATH\Controllers\Home.php(344): view('tambahlelang', [...])
 4 SYSTEMPATH\CodeIgniter.php(919): App\Controllers\Home->tambahlelang()
 5 SYSTEMPATH\CodeIgniter.php(494): CodeIgniter\CodeIgniter->runController(Object(App\Controllers\Home))
 6 SYSTEMPATH\CodeIgniter.php(353): CodeIgniter\CodeIgniter->handleRequest(null, Object(Config\Cache), false)
 7 FCPATH\index.php(79): CodeIgniter\CodeIgniter->run()
 8 SYSTEMPATH\Commands\Server\rewrite.php(47): require_once('D:\\lelang\\public\\index.php')
CRITICAL - 2023-12-09 11:23:12 --> Unclosed '{' on line 32
in APPPATH\Views\tambahlelang.php on line 225.
 1 SYSTEMPATH\View\View.php(229): CodeIgniter\View\View->CodeIgniter\View\{closure}()
 2 SYSTEMPATH\Common.php(1188): CodeIgniter\View\View->render('tambahlelang', [], true)
 3 APPPATH\Controllers\Home.php(344): view('tambahlelang', [...])
 4 SYSTEMPATH\CodeIgniter.php(919): App\Controllers\Home->tambahlelang()
 5 SYSTEMPATH\CodeIgniter.php(494): CodeIgniter\CodeIgniter->runController(Object(App\Controllers\Home))
 6 SYSTEMPATH\CodeIgniter.php(353): CodeIgniter\CodeIgniter->handleRequest(null, Object(Config\Cache), false)
 7 FCPATH\index.php(79): CodeIgniter\CodeIgniter->run()
 8 SYSTEMPATH\Commands\Server\rewrite.php(47): require_once('D:\\lelang\\public\\index.php')
CRITICAL - 2023-12-09 11:23:57 --> Unclosed '{' on line 32
in APPPATH\Views\tambahlelang.php on line 225.
 1 SYSTEMPATH\View\View.php(229): CodeIgniter\View\View->CodeIgniter\View\{closure}()
 2 SYSTEMPATH\Common.php(1188): CodeIgniter\View\View->render('tambahlelang', [], true)
 3 APPPATH\Controllers\Home.php(344): view('tambahlelang', [...])
 4 SYSTEMPATH\CodeIgniter.php(919): App\Controllers\Home->tambahlelang()
 5 SYSTEMPATH\CodeIgniter.php(494): CodeIgniter\CodeIgniter->runController(Object(App\Controllers\Home))
 6 SYSTEMPATH\CodeIgniter.php(353): CodeIgniter\CodeIgniter->handleRequest(null, Object(Config\Cache), false)
 7 FCPATH\index.php(79): CodeIgniter\CodeIgniter->run()
 8 SYSTEMPATH\Commands\Server\rewrite.php(47): require_once('D:\\lelang\\public\\index.php')
CRITICAL - 2023-12-09 11:24:23 --> Unmatched '}'
in APPPATH\Views\tambahlelang.php on line 38.
 1 SYSTEMPATH\View\View.php(229): CodeIgniter\View\View->CodeIgniter\View\{closure}()
 2 SYSTEMPATH\Common.php(1188): CodeIgniter\View\View->render('tambahlelang', [], true)
 3 APPPATH\Controllers\Home.php(344): view('tambahlelang', [...])
 4 SYSTEMPATH\CodeIgniter.php(919): App\Controllers\Home->tambahlelang()
 5 SYSTEMPATH\CodeIgniter.php(494): CodeIgniter\CodeIgniter->runController(Object(App\Controllers\Home))
 6 SYSTEMPATH\CodeIgniter.php(353): CodeIgniter\CodeIgniter->handleRequest(null, Object(Config\Cache), false)
 7 FCPATH\index.php(79): CodeIgniter\CodeIgniter->run()
 8 SYSTEMPATH\Commands\Server\rewrite.php(47): require_once('D:\\lelang\\public\\index.php')
CRITICAL - 2023-12-09 11:24:26 --> foreach() argument must be of type array|object, null given
in APPPATH\Views\tambahlelang.php on line 142.
 1 APPPATH\Views\tambahlelang.php(142): CodeIgniter\Debug\Exceptions->errorHandler(2, 'foreach() argument must be of type array|object, null given', 'D:\\lelang\\app\\Views\\tambahlelang.php', 142)
 2 SYSTEMPATH\View\View.php(226): include('D:\\lelang\\app\\Views\\tambahlelang.php')
 3 SYSTEMPATH\View\View.php(229): CodeIgniter\View\View->CodeIgniter\View\{closure}()
 4 SYSTEMPATH\Common.php(1188): CodeIgniter\View\View->render('tambahlelang', [], true)
 5 APPPATH\Controllers\Home.php(344): view('tambahlelang', [...])
 6 SYSTEMPATH\CodeIgniter.php(919): App\Controllers\Home->tambahlelang()
 7 SYSTEMPATH\CodeIgniter.php(494): CodeIgniter\CodeIgniter->runController(Object(App\Controllers\Home))
 8 SYSTEMPATH\CodeIgniter.php(353): CodeIgniter\CodeIgniter->handleRequest(null, Object(Config\Cache), false)
 9 FCPATH\index.php(79): CodeIgniter\CodeIgniter->run()
10 SYSTEMPATH\Commands\Server\rewrite.php(47): require_once('D:\\lelang\\public\\index.php')
CRITICAL - 2023-12-09 11:24:36 --> Unclosed '{' on line 32
in APPPATH\Views\tambahlelang.php on line 225.
 1 SYSTEMPATH\View\View.php(229): CodeIgniter\View\View->CodeIgniter\View\{closure}()
 2 SYSTEMPATH\Common.php(1188): CodeIgniter\View\View->render('tambahlelang', [], true)
 3 APPPATH\Controllers\Home.php(344): view('tambahlelang', [...])
 4 SYSTEMPATH\CodeIgniter.php(919): App\Controllers\Home->tambahlelang()
 5 SYSTEMPATH\CodeIgniter.php(494): CodeIgniter\CodeIgniter->runController(Object(App\Controllers\Home))
 6 SYSTEMPATH\CodeIgniter.php(353): CodeIgniter\CodeIgniter->handleRequest(null, Object(Config\Cache), false)
 7 FCPATH\index.php(79): CodeIgniter\CodeIgniter->run()
 8 SYSTEMPATH\Commands\Server\rewrite.php(47): require_once('D:\\lelang\\public\\index.php')
CRITICAL - 2023-12-09 11:24:49 --> foreach() argument must be of type array|object, null given
in APPPATH\Views\tambahlelang.php on line 142.
 1 APPPATH\Views\tambahlelang.php(142): CodeIgniter\Debug\Exceptions->errorHandler(2, 'foreach() argument must be of type array|object, null given', 'D:\\lelang\\app\\Views\\tambahlelang.php', 142)
 2 SYSTEMPATH\View\View.php(226): include('D:\\lelang\\app\\Views\\tambahlelang.php')
 3 SYSTEMPATH\View\View.php(229): CodeIgniter\View\View->CodeIgniter\View\{closure}()
 4 SYSTEMPATH\Common.php(1188): CodeIgniter\View\View->render('tambahlelang', [], true)
 5 APPPATH\Controllers\Home.php(344): view('tambahlelang', [...])
 6 SYSTEMPATH\CodeIgniter.php(919): App\Controllers\Home->tambahlelang()
 7 SYSTEMPATH\CodeIgniter.php(494): CodeIgniter\CodeIgniter->runController(Object(App\Controllers\Home))
 8 SYSTEMPATH\CodeIgniter.php(353): CodeIgniter\CodeIgniter->handleRequest(null, Object(Config\Cache), false)
 9 FCPATH\index.php(79): CodeIgniter\CodeIgniter->run()
10 SYSTEMPATH\Commands\Server\rewrite.php(47): require_once('D:\\lelang\\public\\index.php')
CRITICAL - 2023-12-09 11:25:03 --> foreach() argument must be of type array|object, null given
in APPPATH\Views\tambahlelang.php on line 143.
 1 APPPATH\Views\tambahlelang.php(143): CodeIgniter\Debug\Exceptions->errorHandler(2, 'foreach() argument must be of type array|object, null given', 'D:\\lelang\\app\\Views\\tambahlelang.php', 143)
 2 SYSTEMPATH\View\View.php(226): include('D:\\lelang\\app\\Views\\tambahlelang.php')
 3 SYSTEMPATH\View\View.php(229): CodeIgniter\View\View->CodeIgniter\View\{closure}()
 4 SYSTEMPATH\Common.php(1188): CodeIgniter\View\View->render('tambahlelang', [], true)
 5 APPPATH\Controllers\Home.php(344): view('tambahlelang', [...])
 6 SYSTEMPATH\CodeIgniter.php(919): App\Controllers\Home->tambahlelang()
 7 SYSTEMPATH\CodeIgniter.php(494): CodeIgniter\CodeIgniter->runController(Object(App\Controllers\Home))
 8 SYSTEMPATH\CodeIgniter.php(353): CodeIgniter\CodeIgniter->handleRequest(null, Object(Config\Cache), false)
 9 FCPATH\index.php(79): CodeIgniter\CodeIgniter->run()
10 SYSTEMPATH\Commands\Server\rewrite.php(47): require_once('D:\\lelang\\public\\index.php')
CRITICAL - 2023-12-09 11:25:16 --> Unclosed '{' on line 32
in APPPATH\Views\tambahlelang.php on line 226.
 1 SYSTEMPATH\View\View.php(229): CodeIgniter\View\View->CodeIgniter\View\{closure}()
 2 SYSTEMPATH\Common.php(1188): CodeIgniter\View\View->render('tambahlelang', [], true)
 3 APPPATH\Controllers\Home.php(344): view('tambahlelang', [...])
 4 SYSTEMPATH\CodeIgniter.php(919): App\Controllers\Home->tambahlelang()
 5 SYSTEMPATH\CodeIgniter.php(494): CodeIgniter\CodeIgniter->runController(Object(App\Controllers\Home))
 6 SYSTEMPATH\CodeIgniter.php(353): CodeIgniter\CodeIgniter->handleRequest(null, Object(Config\Cache), false)
 7 FCPATH\index.php(79): CodeIgniter\CodeIgniter->run()
 8 SYSTEMPATH\Commands\Server\rewrite.php(47): require_once('D:\\lelang\\public\\index.php')
CRITICAL - 2023-12-09 11:25:19 --> Unclosed '{' on line 32
in APPPATH\Views\tambahlelang.php on line 226.
 1 SYSTEMPATH\View\View.php(229): CodeIgniter\View\View->CodeIgniter\View\{closure}()
 2 SYSTEMPATH\Common.php(1188): CodeIgniter\View\View->render('tambahlelang', [], true)
 3 APPPATH\Controllers\Home.php(344): view('tambahlelang', [...])
 4 SYSTEMPATH\CodeIgniter.php(919): App\Controllers\Home->tambahlelang()
 5 SYSTEMPATH\CodeIgniter.php(494): CodeIgniter\CodeIgniter->runController(Object(App\Controllers\Home))
 6 SYSTEMPATH\CodeIgniter.php(353): CodeIgniter\CodeIgniter->handleRequest(null, Object(Config\Cache), false)
 7 FCPATH\index.php(79): CodeIgniter\CodeIgniter->run()
 8 SYSTEMPATH\Commands\Server\rewrite.php(47): require_once('D:\\lelang\\public\\index.php')
CRITICAL - 2023-12-09 11:27:01 --> foreach() argument must be of type array|object, null given
in APPPATH\Views\tambahlelang.php on line 140.
 1 APPPATH\Views\tambahlelang.php(140): CodeIgniter\Debug\Exceptions->errorHandler(2, 'foreach() argument must be of type array|object, null given', 'D:\\lelang\\app\\Views\\tambahlelang.php', 140)
 2 SYSTEMPATH\View\View.php(226): include('D:\\lelang\\app\\Views\\tambahlelang.php')
 3 SYSTEMPATH\View\View.php(229): CodeIgniter\View\View->CodeIgniter\View\{closure}()
 4 SYSTEMPATH\Common.php(1188): CodeIgniter\View\View->render('tambahlelang', [], true)
 5 APPPATH\Controllers\Home.php(344): view('tambahlelang', [...])
 6 SYSTEMPATH\CodeIgniter.php(919): App\Controllers\Home->tambahlelang()
 7 SYSTEMPATH\CodeIgniter.php(494): CodeIgniter\CodeIgniter->runController(Object(App\Controllers\Home))
 8 SYSTEMPATH\CodeIgniter.php(353): CodeIgniter\CodeIgniter->handleRequest(null, Object(Config\Cache), false)
 9 FCPATH\index.php(79): CodeIgniter\CodeIgniter->run()
10 SYSTEMPATH\Commands\Server\rewrite.php(47): require_once('D:\\lelang\\public\\index.php')
CRITICAL - 2023-12-09 11:27:04 --> Unclosed '{' on line 32
in APPPATH\Views\tambahlelang.php on line 225.
 1 SYSTEMPATH\View\View.php(229): CodeIgniter\View\View->CodeIgniter\View\{closure}()
 2 SYSTEMPATH\Common.php(1188): CodeIgniter\View\View->render('tambahlelang', [], true)
 3 APPPATH\Controllers\Home.php(344): view('tambahlelang', [...])
 4 SYSTEMPATH\CodeIgniter.php(919): App\Controllers\Home->tambahlelang()
 5 SYSTEMPATH\CodeIgniter.php(494): CodeIgniter\CodeIgniter->runController(Object(App\Controllers\Home))
 6 SYSTEMPATH\CodeIgniter.php(353): CodeIgniter\CodeIgniter->handleRequest(null, Object(Config\Cache), false)
 7 FCPATH\index.php(79): CodeIgniter\CodeIgniter->run()
 8 SYSTEMPATH\Commands\Server\rewrite.php(47): require_once('D:\\lelang\\public\\index.php')
CRITICAL - 2023-12-09 11:28:03 --> foreach() argument must be of type array|object, null given
in APPPATH\Views\tambahlelang.php on line 138.
 1 APPPATH\Views\tambahlelang.php(138): CodeIgniter\Debug\Exceptions->errorHandler(2, 'foreach() argument must be of type array|object, null given', 'D:\\lelang\\app\\Views\\tambahlelang.php', 138)
 2 SYSTEMPATH\View\View.php(226): include('D:\\lelang\\app\\Views\\tambahlelang.php')
 3 SYSTEMPATH\View\View.php(229): CodeIgniter\View\View->CodeIgniter\View\{closure}()
 4 SYSTEMPATH\Common.php(1188): CodeIgniter\View\View->render('tambahlelang', [], true)
 5 APPPATH\Controllers\Home.php(344): view('tambahlelang', [...])
 6 SYSTEMPATH\CodeIgniter.php(919): App\Controllers\Home->tambahlelang()
 7 SYSTEMPATH\CodeIgniter.php(494): CodeIgniter\CodeIgniter->runController(Object(App\Controllers\Home))
 8 SYSTEMPATH\CodeIgniter.php(353): CodeIgniter\CodeIgniter->handleRequest(null, Object(Config\Cache), false)
 9 FCPATH\index.php(79): CodeIgniter\CodeIgniter->run()
10 SYSTEMPATH\Commands\Server\rewrite.php(47): require_once('D:\\lelang\\public\\index.php')
CRITICAL - 2023-12-09 11:28:04 --> foreach() argument must be of type array|object, null given
in APPPATH\Views\tambahlelang.php on line 138.
 1 APPPATH\Views\tambahlelang.php(138): CodeIgniter\Debug\Exceptions->errorHandler(2, 'foreach() argument must be of type array|object, null given', 'D:\\lelang\\app\\Views\\tambahlelang.php', 138)
 2 SYSTEMPATH\View\View.php(226): include('D:\\lelang\\app\\Views\\tambahlelang.php')
 3 SYSTEMPATH\View\View.php(229): CodeIgniter\View\View->CodeIgniter\View\{closure}()
 4 SYSTEMPATH\Common.php(1188): CodeIgniter\View\View->render('tambahlelang', [], true)
 5 APPPATH\Controllers\Home.php(344): view('tambahlelang', [...])
 6 SYSTEMPATH\CodeIgniter.php(919): App\Controllers\Home->tambahlelang()
 7 SYSTEMPATH\CodeIgniter.php(494): CodeIgniter\CodeIgniter->runController(Object(App\Controllers\Home))
 8 SYSTEMPATH\CodeIgniter.php(353): CodeIgniter\CodeIgniter->handleRequest(null, Object(Config\Cache), false)
 9 FCPATH\index.php(79): CodeIgniter\CodeIgniter->run()
10 SYSTEMPATH\Commands\Server\rewrite.php(47): require_once('D:\\lelang\\public\\index.php')
CRITICAL - 2023-12-09 11:28:21 --> foreach() argument must be of type array|object, null given
in APPPATH\Views\tambahlelang.php on line 138.
 1 APPPATH\Views\tambahlelang.php(138): CodeIgniter\Debug\Exceptions->errorHandler(2, 'foreach() argument must be of type array|object, null given', 'D:\\lelang\\app\\Views\\tambahlelang.php', 138)
 2 SYSTEMPATH\View\View.php(226): include('D:\\lelang\\app\\Views\\tambahlelang.php')
 3 SYSTEMPATH\View\View.php(229): CodeIgniter\View\View->CodeIgniter\View\{closure}()
 4 SYSTEMPATH\Common.php(1188): CodeIgniter\View\View->render('tambahlelang', [], true)
 5 APPPATH\Controllers\Home.php(344): view('tambahlelang', [...])
 6 SYSTEMPATH\CodeIgniter.php(919): App\Controllers\Home->tambahlelang()
 7 SYSTEMPATH\CodeIgniter.php(494): CodeIgniter\CodeIgniter->runController(Object(App\Controllers\Home))
 8 SYSTEMPATH\CodeIgniter.php(353): CodeIgniter\CodeIgniter->handleRequest(null, Object(Config\Cache), false)
 9 FCPATH\index.php(79): CodeIgniter\CodeIgniter->run()
10 SYSTEMPATH\Commands\Server\rewrite.php(47): require_once('D:\\lelang\\public\\index.php')
CRITICAL - 2023-12-09 11:28:34 --> foreach() argument must be of type array|object, null given
in APPPATH\Views\tambahlelang.php on line 138.
 1 APPPATH\Views\tambahlelang.php(138): CodeIgniter\Debug\Exceptions->errorHandler(2, 'foreach() argument must be of type array|object, null given', 'D:\\lelang\\app\\Views\\tambahlelang.php', 138)
 2 SYSTEMPATH\View\View.php(226): include('D:\\lelang\\app\\Views\\tambahlelang.php')
 3 SYSTEMPATH\View\View.php(229): CodeIgniter\View\View->CodeIgniter\View\{closure}()
 4 SYSTEMPATH\Common.php(1188): CodeIgniter\View\View->render('tambahlelang', [], true)
 5 APPPATH\Controllers\Home.php(344): view('tambahlelang', [...])
 6 SYSTEMPATH\CodeIgniter.php(919): App\Controllers\Home->tambahlelang()
 7 SYSTEMPATH\CodeIgniter.php(494): CodeIgniter\CodeIgniter->runController(Object(App\Controllers\Home))
 8 SYSTEMPATH\CodeIgniter.php(353): CodeIgniter\CodeIgniter->handleRequest(null, Object(Config\Cache), false)
 9 FCPATH\index.php(79): CodeIgniter\CodeIgniter->run()
10 SYSTEMPATH\Commands\Server\rewrite.php(47): require_once('D:\\lelang\\public\\index.php')
CRITICAL - 2023-12-09 11:28:45 --> foreach() argument must be of type array|object, null given
in APPPATH\Views\tambahlelang.php on line 138.
 1 APPPATH\Views\tambahlelang.php(138): CodeIgniter\Debug\Exceptions->errorHandler(2, 'foreach() argument must be of type array|object, null given', 'D:\\lelang\\app\\Views\\tambahlelang.php', 138)
 2 SYSTEMPATH\View\View.php(226): include('D:\\lelang\\app\\Views\\tambahlelang.php')
 3 SYSTEMPATH\View\View.php(229): CodeIgniter\View\View->CodeIgniter\View\{closure}()
 4 SYSTEMPATH\Common.php(1188): CodeIgniter\View\View->render('tambahlelang', [], true)
 5 APPPATH\Controllers\Home.php(344): view('tambahlelang', [...])
 6 SYSTEMPATH\CodeIgniter.php(919): App\Controllers\Home->tambahlelang()
 7 SYSTEMPATH\CodeIgniter.php(494): CodeIgniter\CodeIgniter->runController(Object(App\Controllers\Home))
 8 SYSTEMPATH\CodeIgniter.php(353): CodeIgniter\CodeIgniter->handleRequest(null, Object(Config\Cache), false)
 9 FCPATH\index.php(79): CodeIgniter\CodeIgniter->run()
10 SYSTEMPATH\Commands\Server\rewrite.php(47): require_once('D:\\lelang\\public\\index.php')
CRITICAL - 2023-12-09 11:28:48 --> foreach() argument must be of type array|object, null given
in APPPATH\Views\tambahlelang.php on line 138.
 1 APPPATH\Views\tambahlelang.php(138): CodeIgniter\Debug\Exceptions->errorHandler(2, 'foreach() argument must be of type array|object, null given', 'D:\\lelang\\app\\Views\\tambahlelang.php', 138)
 2 SYSTEMPATH\View\View.php(226): include('D:\\lelang\\app\\Views\\tambahlelang.php')
 3 SYSTEMPATH\View\View.php(229): CodeIgniter\View\View->CodeIgniter\View\{closure}()
 4 SYSTEMPATH\Common.php(1188): CodeIgniter\View\View->render('tambahlelang', [], true)
 5 APPPATH\Controllers\Home.php(344): view('tambahlelang', [...])
 6 SYSTEMPATH\CodeIgniter.php(919): App\Controllers\Home->tambahlelang()
 7 SYSTEMPATH\CodeIgniter.php(494): CodeIgniter\CodeIgniter->runController(Object(App\Controllers\Home))
 8 SYSTEMPATH\CodeIgniter.php(353): CodeIgniter\CodeIgniter->handleRequest(null, Object(Config\Cache), false)
 9 FCPATH\index.php(79): CodeIgniter\CodeIgniter->run()
10 SYSTEMPATH\Commands\Server\rewrite.php(47): require_once('D:\\lelang\\public\\index.php')
CRITICAL - 2023-12-09 11:31:26 --> Undefined property: stdClass::$nama_barang
in APPPATH\Views\lelang.php on line 49.
 1 APPPATH\Views\lelang.php(49): CodeIgniter\Debug\Exceptions->errorHandler(2, 'Undefined property: stdClass::$nama_barang', 'D:\\lelang\\app\\Views\\lelang.php', 49)
 2 SYSTEMPATH\View\View.php(226): include('D:\\lelang\\app\\Views\\lelang.php')
 3 SYSTEMPATH\View\View.php(229): CodeIgniter\View\View->CodeIgniter\View\{closure}()
 4 SYSTEMPATH\Common.php(1188): CodeIgniter\View\View->render('lelang', [], true)
 5 APPPATH\Controllers\Home.php(326): view('lelang', [...])
 6 SYSTEMPATH\CodeIgniter.php(919): App\Controllers\Home->lelang()
 7 SYSTEMPATH\CodeIgniter.php(494): CodeIgniter\CodeIgniter->runController(Object(App\Controllers\Home))
 8 SYSTEMPATH\CodeIgniter.php(353): CodeIgniter\CodeIgniter->handleRequest(null, Object(Config\Cache), false)
 9 FCPATH\index.php(79): CodeIgniter\CodeIgniter->run()
10 SYSTEMPATH\Commands\Server\rewrite.php(47): require_once('D:\\lelang\\public\\index.php')
CRITICAL - 2023-12-09 11:37:02 --> Undefined property: stdClass::$nama_barang
in APPPATH\Views\lelang.php on line 49.
 1 APPPATH\Views\lelang.php(49): CodeIgniter\Debug\Exceptions->errorHandler(2, 'Undefined property: stdClass::$nama_barang', 'D:\\lelang\\app\\Views\\lelang.php', 49)
 2 SYSTEMPATH\View\View.php(226): include('D:\\lelang\\app\\Views\\lelang.php')
 3 SYSTEMPATH\View\View.php(229): CodeIgniter\View\View->CodeIgniter\View\{closure}()
 4 SYSTEMPATH\Common.php(1188): CodeIgniter\View\View->render('lelang', [], true)
 5 APPPATH\Controllers\Home.php(326): view('lelang', [...])
 6 SYSTEMPATH\CodeIgniter.php(919): App\Controllers\Home->lelang()
 7 SYSTEMPATH\CodeIgniter.php(494): CodeIgniter\CodeIgniter->runController(Object(App\Controllers\Home))
 8 SYSTEMPATH\CodeIgniter.php(353): CodeIgniter\CodeIgniter->handleRequest(null, Object(Config\Cache), false)
 9 FCPATH\index.php(79): CodeIgniter\CodeIgniter->run()
10 SYSTEMPATH\Commands\Server\rewrite.php(47): require_once('D:\\lelang\\public\\index.php')
CRITICAL - 2023-12-09 11:37:13 --> Undefined property: stdClass::$nama_barang
in APPPATH\Views\lelang.php on line 49.
 1 APPPATH\Views\lelang.php(49): CodeIgniter\Debug\Exceptions->errorHandler(2, 'Undefined property: stdClass::$nama_barang', 'D:\\lelang\\app\\Views\\lelang.php', 49)
 2 SYSTEMPATH\View\View.php(226): include('D:\\lelang\\app\\Views\\lelang.php')
 3 SYSTEMPATH\View\View.php(229): CodeIgniter\View\View->CodeIgniter\View\{closure}()
 4 SYSTEMPATH\Common.php(1188): CodeIgniter\View\View->render('lelang', [], true)
 5 APPPATH\Controllers\Home.php(326): view('lelang', [...])
 6 SYSTEMPATH\CodeIgniter.php(919): App\Controllers\Home->lelang()
 7 SYSTEMPATH\CodeIgniter.php(494): CodeIgniter\CodeIgniter->runController(Object(App\Controllers\Home))
 8 SYSTEMPATH\CodeIgniter.php(353): CodeIgniter\CodeIgniter->handleRequest(null, Object(Config\Cache), false)
 9 FCPATH\index.php(79): CodeIgniter\CodeIgniter->run()
10 SYSTEMPATH\Commands\Server\rewrite.php(47): require_once('D:\\lelang\\public\\index.php')
CRITICAL - 2023-12-09 11:37:14 --> Undefined property: stdClass::$nama_barang
in APPPATH\Views\lelang.php on line 49.
 1 APPPATH\Views\lelang.php(49): CodeIgniter\Debug\Exceptions->errorHandler(2, 'Undefined property: stdClass::$nama_barang', 'D:\\lelang\\app\\Views\\lelang.php', 49)
 2 SYSTEMPATH\View\View.php(226): include('D:\\lelang\\app\\Views\\lelang.php')
 3 SYSTEMPATH\View\View.php(229): CodeIgniter\View\View->CodeIgniter\View\{closure}()
 4 SYSTEMPATH\Common.php(1188): CodeIgniter\View\View->render('lelang', [], true)
 5 APPPATH\Controllers\Home.php(326): view('lelang', [...])
 6 SYSTEMPATH\CodeIgniter.php(919): App\Controllers\Home->lelang()
 7 SYSTEMPATH\CodeIgniter.php(494): CodeIgniter\CodeIgniter->runController(Object(App\Controllers\Home))
 8 SYSTEMPATH\CodeIgniter.php(353): CodeIgniter\CodeIgniter->handleRequest(null, Object(Config\Cache), false)
 9 FCPATH\index.php(79): CodeIgniter\CodeIgniter->run()
10 SYSTEMPATH\Commands\Server\rewrite.php(47): require_once('D:\\lelang\\public\\index.php')
CRITICAL - 2023-12-09 11:37:37 --> Undefined property: stdClass::$nama_barang
in APPPATH\Views\lelang.php on line 49.
 1 APPPATH\Views\lelang.php(49): CodeIgniter\Debug\Exceptions->errorHandler(2, 'Undefined property: stdClass::$nama_barang', 'D:\\lelang\\app\\Views\\lelang.php', 49)
 2 SYSTEMPATH\View\View.php(226): include('D:\\lelang\\app\\Views\\lelang.php')
 3 SYSTEMPATH\View\View.php(229): CodeIgniter\View\View->CodeIgniter\View\{closure}()
 4 SYSTEMPATH\Common.php(1188): CodeIgniter\View\View->render('lelang', [], true)
 5 APPPATH\Controllers\Home.php(326): view('lelang', [...])
 6 SYSTEMPATH\CodeIgniter.php(919): App\Controllers\Home->lelang()
 7 SYSTEMPATH\CodeIgniter.php(494): CodeIgniter\CodeIgniter->runController(Object(App\Controllers\Home))
 8 SYSTEMPATH\CodeIgniter.php(353): CodeIgniter\CodeIgniter->handleRequest(null, Object(Config\Cache), false)
 9 FCPATH\index.php(79): CodeIgniter\CodeIgniter->run()
10 SYSTEMPATH\Commands\Server\rewrite.php(47): require_once('D:\\lelang\\public\\index.php')
CRITICAL - 2023-12-09 11:38:23 --> Undefined property: stdClass::$nama_barang
in APPPATH\Views\lelang.php on line 49.
 1 APPPATH\Views\lelang.php(49): CodeIgniter\Debug\Exceptions->errorHandler(2, 'Undefined property: stdClass::$nama_barang', 'D:\\lelang\\app\\Views\\lelang.php', 49)
 2 SYSTEMPATH\View\View.php(226): include('D:\\lelang\\app\\Views\\lelang.php')
 3 SYSTEMPATH\View\View.php(229): CodeIgniter\View\View->CodeIgniter\View\{closure}()
 4 SYSTEMPATH\Common.php(1188): CodeIgniter\View\View->render('lelang', [], true)
 5 APPPATH\Controllers\Home.php(326): view('lelang', [...])
 6 SYSTEMPATH\CodeIgniter.php(919): App\Controllers\Home->lelang()
 7 SYSTEMPATH\CodeIgniter.php(494): CodeIgniter\CodeIgniter->runController(Object(App\Controllers\Home))
 8 SYSTEMPATH\CodeIgniter.php(353): CodeIgniter\CodeIgniter->handleRequest(null, Object(Config\Cache), false)
 9 FCPATH\index.php(79): CodeIgniter\CodeIgniter->run()
10 SYSTEMPATH\Commands\Server\rewrite.php(47): require_once('D:\\lelang\\public\\index.php')
CRITICAL - 2023-12-09 11:38:24 --> Undefined property: stdClass::$nama_barang
in APPPATH\Views\lelang.php on line 49.
 1 APPPATH\Views\lelang.php(49): CodeIgniter\Debug\Exceptions->errorHandler(2, 'Undefined property: stdClass::$nama_barang', 'D:\\lelang\\app\\Views\\lelang.php', 49)
 2 SYSTEMPATH\View\View.php(226): include('D:\\lelang\\app\\Views\\lelang.php')
 3 SYSTEMPATH\View\View.php(229): CodeIgniter\View\View->CodeIgniter\View\{closure}()
 4 SYSTEMPATH\Common.php(1188): CodeIgniter\View\View->render('lelang', [], true)
 5 APPPATH\Controllers\Home.php(326): view('lelang', [...])
 6 SYSTEMPATH\CodeIgniter.php(919): App\Controllers\Home->lelang()
 7 SYSTEMPATH\CodeIgniter.php(494): CodeIgniter\CodeIgniter->runController(Object(App\Controllers\Home))
 8 SYSTEMPATH\CodeIgniter.php(353): CodeIgniter\CodeIgniter->handleRequest(null, Object(Config\Cache), false)
 9 FCPATH\index.php(79): CodeIgniter\CodeIgniter->run()
10 SYSTEMPATH\Commands\Server\rewrite.php(47): require_once('D:\\lelang\\public\\index.php')
CRITICAL - 2023-12-09 11:38:25 --> Undefined property: stdClass::$nama_barang
in APPPATH\Views\lelang.php on line 49.
 1 APPPATH\Views\lelang.php(49): CodeIgniter\Debug\Exceptions->errorHandler(2, 'Undefined property: stdClass::$nama_barang', 'D:\\lelang\\app\\Views\\lelang.php', 49)
 2 SYSTEMPATH\View\View.php(226): include('D:\\lelang\\app\\Views\\lelang.php')
 3 SYSTEMPATH\View\View.php(229): CodeIgniter\View\View->CodeIgniter\View\{closure}()
 4 SYSTEMPATH\Common.php(1188): CodeIgniter\View\View->render('lelang', [], true)
 5 APPPATH\Controllers\Home.php(326): view('lelang', [...])
 6 SYSTEMPATH\CodeIgniter.php(919): App\Controllers\Home->lelang()
 7 SYSTEMPATH\CodeIgniter.php(494): CodeIgniter\CodeIgniter->runController(Object(App\Controllers\Home))
 8 SYSTEMPATH\CodeIgniter.php(353): CodeIgniter\CodeIgniter->handleRequest(null, Object(Config\Cache), false)
 9 FCPATH\index.php(79): CodeIgniter\CodeIgniter->run()
10 SYSTEMPATH\Commands\Server\rewrite.php(47): require_once('D:\\lelang\\public\\index.php')
CRITICAL - 2023-12-09 11:38:28 --> Undefined property: stdClass::$nama_barang
in APPPATH\Views\lelang.php on line 49.
 1 APPPATH\Views\lelang.php(49): CodeIgniter\Debug\Exceptions->errorHandler(2, 'Undefined property: stdClass::$nama_barang', 'D:\\lelang\\app\\Views\\lelang.php', 49)
 2 SYSTEMPATH\View\View.php(226): include('D:\\lelang\\app\\Views\\lelang.php')
 3 SYSTEMPATH\View\View.php(229): CodeIgniter\View\View->CodeIgniter\View\{closure}()
 4 SYSTEMPATH\Common.php(1188): CodeIgniter\View\View->render('lelang', [], true)
 5 APPPATH\Controllers\Home.php(326): view('lelang', [...])
 6 SYSTEMPATH\CodeIgniter.php(919): App\Controllers\Home->lelang()
 7 SYSTEMPATH\CodeIgniter.php(494): CodeIgniter\CodeIgniter->runController(Object(App\Controllers\Home))
 8 SYSTEMPATH\CodeIgniter.php(353): CodeIgniter\CodeIgniter->handleRequest(null, Object(Config\Cache), false)
 9 FCPATH\index.php(79): CodeIgniter\CodeIgniter->run()
10 SYSTEMPATH\Commands\Server\rewrite.php(47): require_once('D:\\lelang\\public\\index.php')
CRITICAL - 2023-12-09 11:39:23 --> Attempt to read property "id_barang" on array
in APPPATH\Views\lelang.php on line 49.
 1 APPPATH\Views\lelang.php(49): CodeIgniter\Debug\Exceptions->errorHandler(2, 'Attempt to read property "id_barang" on array', 'D:\\lelang\\app\\Views\\lelang.php', 49)
 2 SYSTEMPATH\View\View.php(226): include('D:\\lelang\\app\\Views\\lelang.php')
 3 SYSTEMPATH\View\View.php(229): CodeIgniter\View\View->CodeIgniter\View\{closure}()
 4 SYSTEMPATH\Common.php(1188): CodeIgniter\View\View->render('lelang', [], true)
 5 APPPATH\Controllers\Home.php(326): view('lelang', [...])
 6 SYSTEMPATH\CodeIgniter.php(919): App\Controllers\Home->lelang()
 7 SYSTEMPATH\CodeIgniter.php(494): CodeIgniter\CodeIgniter->runController(Object(App\Controllers\Home))
 8 SYSTEMPATH\CodeIgniter.php(353): CodeIgniter\CodeIgniter->handleRequest(null, Object(Config\Cache), false)
 9 FCPATH\index.php(79): CodeIgniter\CodeIgniter->run()
10 SYSTEMPATH\Commands\Server\rewrite.php(47): require_once('D:\\lelang\\public\\index.php')
