CRITICAL - 2023-11-14 01:35:47 --> Undefined property: stdClass::$level
in APPPATH\Views\lelang.php on line 57.
 1 APPPATH\Views\lelang.php(57): CodeIgniter\Debug\Exceptions->errorHandler(2, 'Undefined property: stdClass::$level', 'D:\\lelang\\app\\Views\\lelang.php', 57)
 2 SYSTEMPATH\View\View.php(226): include('D:\\lelang\\app\\Views\\lelang.php')
 3 SYSTEMPATH\View\View.php(229): CodeIgniter\View\View->CodeIgniter\View\{closure}()
 4 SYSTEMPATH\Common.php(1188): CodeIgniter\View\View->render('lelang', [], true)
 5 APPPATH\Controllers\Home.php(46): view('lelang', [...])
 6 SYSTEMPATH\CodeIgniter.php(919): App\Controllers\Home->lelang()
 7 SYSTEMPATH\CodeIgniter.php(494): CodeIgniter\CodeIgniter->runController(Object(App\Controllers\Home))
 8 SYSTEMPATH\CodeIgniter.php(353): CodeIgniter\CodeIgniter->handleRequest(null, Object(Config\Cache), false)
 9 FCPATH\index.php(79): CodeIgniter\CodeIgniter->run()
10 SYSTEMPATH\Commands\Server\rewrite.php(47): require_once('D:\\lelang\\public\\index.php')
CRITICAL - 2023-11-14 01:35:59 --> Undefined property: stdClass::$level
in APPPATH\Views\lelang.php on line 57.
 1 APPPATH\Views\lelang.php(57): CodeIgniter\Debug\Exceptions->errorHandler(2, 'Undefined property: stdClass::$level', 'D:\\lelang\\app\\Views\\lelang.php', 57)
 2 SYSTEMPATH\View\View.php(226): include('D:\\lelang\\app\\Views\\lelang.php')
 3 SYSTEMPATH\View\View.php(229): CodeIgniter\View\View->CodeIgniter\View\{closure}()
 4 SYSTEMPATH\Common.php(1188): CodeIgniter\View\View->render('lelang', [], true)
 5 APPPATH\Controllers\Home.php(46): view('lelang', [...])
 6 SYSTEMPATH\CodeIgniter.php(919): App\Controllers\Home->lelang()
 7 SYSTEMPATH\CodeIgniter.php(494): CodeIgniter\CodeIgniter->runController(Object(App\Controllers\Home))
 8 SYSTEMPATH\CodeIgniter.php(353): CodeIgniter\CodeIgniter->handleRequest(null, Object(Config\Cache), false)
 9 FCPATH\index.php(79): CodeIgniter\CodeIgniter->run()
10 SYSTEMPATH\Commands\Server\rewrite.php(47): require_once('D:\\lelang\\public\\index.php')
CRITICAL - 2023-11-14 02:04:11 --> Undefined property: stdClass::$password
in APPPATH\Views\e_lelang.php on line 54.
 1 APPPATH\Views\e_lelang.php(54): CodeIgniter\Debug\Exceptions->errorHandler(2, 'Undefined property: stdClass::$password', 'D:\\lelang\\app\\Views\\e_lelang.php', 54)
 2 SYSTEMPATH\View\View.php(226): include('D:\\lelang\\app\\Views\\e_lelang.php')
 3 SYSTEMPATH\View\View.php(229): CodeIgniter\View\View->CodeIgniter\View\{closure}()
 4 SYSTEMPATH\Common.php(1188): CodeIgniter\View\View->render('e_lelang', [], true)
 5 APPPATH\Controllers\Home.php(164): view('e_lelang', [...])
 6 SYSTEMPATH\CodeIgniter.php(919): App\Controllers\Home->e_lelang('3')
 7 SYSTEMPATH\CodeIgniter.php(494): CodeIgniter\CodeIgniter->runController(Object(App\Controllers\Home))
 8 SYSTEMPATH\CodeIgniter.php(353): CodeIgniter\CodeIgniter->handleRequest(null, Object(Config\Cache), false)
 9 FCPATH\index.php(79): CodeIgniter\CodeIgniter->run()
10 SYSTEMPATH\Commands\Server\rewrite.php(47): require_once('D:\\lelang\\public\\index.php')
CRITICAL - 2023-11-14 02:06:56 --> Undefined property: stdClass::$password
in APPPATH\Views\e_lelang.php on line 54.
 1 APPPATH\Views\e_lelang.php(54): CodeIgniter\Debug\Exceptions->errorHandler(2, 'Undefined property: stdClass::$password', 'D:\\lelang\\app\\Views\\e_lelang.php', 54)
 2 SYSTEMPATH\View\View.php(226): include('D:\\lelang\\app\\Views\\e_lelang.php')
 3 SYSTEMPATH\View\View.php(229): CodeIgniter\View\View->CodeIgniter\View\{closure}()
 4 SYSTEMPATH\Common.php(1188): CodeIgniter\View\View->render('e_lelang', [], true)
 5 APPPATH\Controllers\Home.php(164): view('e_lelang', [...])
 6 SYSTEMPATH\CodeIgniter.php(919): App\Controllers\Home->e_lelang('3')
 7 SYSTEMPATH\CodeIgniter.php(494): CodeIgniter\CodeIgniter->runController(Object(App\Controllers\Home))
 8 SYSTEMPATH\CodeIgniter.php(353): CodeIgniter\CodeIgniter->handleRequest(null, Object(Config\Cache), false)
 9 FCPATH\index.php(79): CodeIgniter\CodeIgniter->run()
10 SYSTEMPATH\Commands\Server\rewrite.php(47): require_once('D:\\lelang\\public\\index.php')
CRITICAL - 2023-11-14 02:07:06 --> Undefined property: stdClass::$level
in APPPATH\Views\e_lelang.php on line 56.
 1 APPPATH\Views\e_lelang.php(56): CodeIgniter\Debug\Exceptions->errorHandler(2, 'Undefined property: stdClass::$level', 'D:\\lelang\\app\\Views\\e_lelang.php', 56)
 2 SYSTEMPATH\View\View.php(226): include('D:\\lelang\\app\\Views\\e_lelang.php')
 3 SYSTEMPATH\View\View.php(229): CodeIgniter\View\View->CodeIgniter\View\{closure}()
 4 SYSTEMPATH\Common.php(1188): CodeIgniter\View\View->render('e_lelang', [], true)
 5 APPPATH\Controllers\Home.php(164): view('e_lelang', [...])
 6 SYSTEMPATH\CodeIgniter.php(919): App\Controllers\Home->e_lelang('3')
 7 SYSTEMPATH\CodeIgniter.php(494): CodeIgniter\CodeIgniter->runController(Object(App\Controllers\Home))
 8 SYSTEMPATH\CodeIgniter.php(353): CodeIgniter\CodeIgniter->handleRequest(null, Object(Config\Cache), false)
 9 FCPATH\index.php(79): CodeIgniter\CodeIgniter->run()
10 SYSTEMPATH\Commands\Server\rewrite.php(47): require_once('D:\\lelang\\public\\index.php')
CRITICAL - 2023-11-14 02:08:01 --> Undefined constant "dibuka"
in APPPATH\Views\e_lelang.php on line 56.
 1 SYSTEMPATH\View\View.php(226): include()
 2 SYSTEMPATH\View\View.php(229): CodeIgniter\View\View->CodeIgniter\View\{closure}()
 3 SYSTEMPATH\Common.php(1188): CodeIgniter\View\View->render('e_lelang', [], true)
 4 APPPATH\Controllers\Home.php(164): view('e_lelang', [...])
 5 SYSTEMPATH\CodeIgniter.php(919): App\Controllers\Home->e_lelang('3')
 6 SYSTEMPATH\CodeIgniter.php(494): CodeIgniter\CodeIgniter->runController(Object(App\Controllers\Home))
 7 SYSTEMPATH\CodeIgniter.php(353): CodeIgniter\CodeIgniter->handleRequest(null, Object(Config\Cache), false)
 8 FCPATH\index.php(79): CodeIgniter\CodeIgniter->run()
 9 SYSTEMPATH\Commands\Server\rewrite.php(47): require_once('D:\\lelang\\public\\index.php')
CRITICAL - 2023-11-14 02:14:25 --> Attempt to read property "id_barang" on null
in APPPATH\Views\e_lelang.php on line 28.
 1 APPPATH\Views\e_lelang.php(28): CodeIgniter\Debug\Exceptions->errorHandler(2, 'Attempt to read property "id_barang" on null', 'D:\\lelang\\app\\Views\\e_lelang.php', 28)
 2 SYSTEMPATH\View\View.php(226): include('D:\\lelang\\app\\Views\\e_lelang.php')
 3 SYSTEMPATH\View\View.php(229): CodeIgniter\View\View->CodeIgniter\View\{closure}()
 4 SYSTEMPATH\Common.php(1188): CodeIgniter\View\View->render('e_lelang', [], true)
 5 APPPATH\Controllers\Home.php(164): view('e_lelang', [...])
 6 SYSTEMPATH\CodeIgniter.php(919): App\Controllers\Home->e_lelang('3')
 7 SYSTEMPATH\CodeIgniter.php(494): CodeIgniter\CodeIgniter->runController(Object(App\Controllers\Home))
 8 SYSTEMPATH\CodeIgniter.php(353): CodeIgniter\CodeIgniter->handleRequest(null, Object(Config\Cache), false)
 9 FCPATH\index.php(79): CodeIgniter\CodeIgniter->run()
10 SYSTEMPATH\Commands\Server\rewrite.php(47): require_once('D:\\lelang\\public\\index.php')
