CRITICAL - 2023-12-10 10:17:34 --> Class "App\Controllers\M_lelang" not found
in APPPATH\Controllers\Home.php on line 318.
 1 SYSTEMPATH\CodeIgniter.php(919): App\Controllers\Home->lelang()
 2 SYSTEMPATH\CodeIgniter.php(494): CodeIgniter\CodeIgniter->runController(Object(App\Controllers\Home))
 3 SYSTEMPATH\CodeIgniter.php(353): CodeIgniter\CodeIgniter->handleRequest(null, Object(Config\Cache), false)
 4 FCPATH\index.php(79): CodeIgniter\CodeIgniter->run()
 5 SYSTEMPATH\Commands\Server\rewrite.php(47): require_once('D:\\lelang\\public\\index.php')
ERROR - 2023-12-10 10:17:46 --> mysqli_sql_exception: Table 'lelang.lelang' doesn't exist in D:\lelang\system\Database\MySQLi\Connection.php:306
Stack trace:
#0 D:\lelang\system\Database\MySQLi\Connection.php(306): mysqli->query('SELECT *\nFROM `...', 0)
#1 D:\lelang\system\Database\BaseConnection.php(692): CodeIgniter\Database\MySQLi\Connection->execute('SELECT *\nFROM `...')
#2 D:\lelang\system\Database\BaseConnection.php(606): CodeIgniter\Database\BaseConnection->simpleQuery('SELECT *\nFROM `...')
#3 D:\lelang\system\Database\BaseBuilder.php(1615): CodeIgniter\Database\BaseConnection->query('SELECT *\nFROM `...', Array, false)
#4 D:\lelang\app\Models\Gudang.php(70): CodeIgniter\Database\BaseBuilder->get()
#5 D:\lelang\app\Controllers\Home.php(319): App\Models\Gudang->joinnelson('lelang', 'barang', 'petugas', 'masyarakat', 'lelang.id_baran...', 'lelang.id_petug...', 'lelang.id_user=...', 'lelang.id_lelan...')
#6 D:\lelang\system\CodeIgniter.php(919): App\Controllers\Home->lelang()
#7 D:\lelang\system\CodeIgniter.php(494): CodeIgniter\CodeIgniter->runController(Object(App\Controllers\Home))
#8 D:\lelang\system\CodeIgniter.php(353): CodeIgniter\CodeIgniter->handleRequest(NULL, Object(Config\Cache), false)
#9 D:\lelang\public\index.php(79): CodeIgniter\CodeIgniter->run()
#10 D:\lelang\system\Commands\Server\rewrite.php(47): require_once('D:\\lelang\\publi...')
#11 {main}
CRITICAL - 2023-12-10 10:17:46 --> Table 'lelang.lelang' doesn't exist
in SYSTEMPATH\Database\BaseConnection.php on line 646.
 1 SYSTEMPATH\Database\BaseBuilder.php(1615): CodeIgniter\Database\BaseConnection->query('SELECT *
FROM `lelang`
LEFT JOIN `barang` ON `lelang`.`id_barang`=`barang`.`id_barang`
LEFT JOIN `petugas` ON `lelang`.`id_petugas`=`petugas`.`id_petugas`
LEFT JOIN `masyarakat` ON `lelang`.`id_user`=`masyarakat`.`id_user`
ORDER BY `lelang`.`id_lelang` DESC', [], false)
 2 APPPATH\Models\Gudang.php(70): CodeIgniter\Database\BaseBuilder->get()
 3 APPPATH\Controllers\Home.php(319): App\Models\Gudang->joinnelson('lelang', 'barang', 'petugas', 'masyarakat', 'lelang.id_barang=barang.id_barang', 'lelang.id_petugas=petugas.id_petugas', 'lelang.id_user=masyarakat.id_user', 'lelang.id_lelang')
 4 SYSTEMPATH\CodeIgniter.php(919): App\Controllers\Home->lelang()
 5 SYSTEMPATH\CodeIgniter.php(494): CodeIgniter\CodeIgniter->runController(Object(App\Controllers\Home))
 6 SYSTEMPATH\CodeIgniter.php(353): CodeIgniter\CodeIgniter->handleRequest(null, Object(Config\Cache), false)
 7 FCPATH\index.php(79): CodeIgniter\CodeIgniter->run()
 8 SYSTEMPATH\Commands\Server\rewrite.php(47): require_once('D:\\lelang\\public\\index.php')
CRITICAL - 2023-12-10 10:48:26 --> Undefined property: stdClass::$nama_barang
in APPPATH\Views\e_lelang.php on line 28.
 1 APPPATH\Views\e_lelang.php(28): CodeIgniter\Debug\Exceptions->errorHandler(2, 'Undefined property: stdClass::$nama_barang', 'D:\\lelang\\app\\Views\\e_lelang.php', 28)
 2 SYSTEMPATH\View\View.php(226): include('D:\\lelang\\app\\Views\\e_lelang.php')
 3 SYSTEMPATH\View\View.php(229): CodeIgniter\View\View->CodeIgniter\View\{closure}()
 4 SYSTEMPATH\Common.php(1188): CodeIgniter\View\View->render('e_lelang', [], true)
 5 APPPATH\Controllers\Home.php(577): view('e_lelang', [...])
 6 SYSTEMPATH\CodeIgniter.php(919): App\Controllers\Home->e_lelang('3')
 7 SYSTEMPATH\CodeIgniter.php(494): CodeIgniter\CodeIgniter->runController(Object(App\Controllers\Home))
 8 SYSTEMPATH\CodeIgniter.php(353): CodeIgniter\CodeIgniter->handleRequest(null, Object(Config\Cache), false)
 9 FCPATH\index.php(79): CodeIgniter\CodeIgniter->run()
10 SYSTEMPATH\Commands\Server\rewrite.php(47): require_once('D:\\lelang\\public\\index.php')
CRITICAL - 2023-12-10 10:49:34 --> Undefined variable $satu
in APPPATH\Views\e_lelang.php on line 28.
 1 APPPATH\Views\e_lelang.php(28): CodeIgniter\Debug\Exceptions->errorHandler(2, 'Undefined variable $satu', 'D:\\lelang\\app\\Views\\e_lelang.php', 28)
 2 SYSTEMPATH\View\View.php(226): include('D:\\lelang\\app\\Views\\e_lelang.php')
 3 SYSTEMPATH\View\View.php(229): CodeIgniter\View\View->CodeIgniter\View\{closure}()
 4 SYSTEMPATH\Common.php(1188): CodeIgniter\View\View->render('e_lelang', [], true)
 5 APPPATH\Controllers\Home.php(579): view('e_lelang', [...])
 6 SYSTEMPATH\CodeIgniter.php(919): App\Controllers\Home->e_lelang('3')
 7 SYSTEMPATH\CodeIgniter.php(494): CodeIgniter\CodeIgniter->runController(Object(App\Controllers\Home))
 8 SYSTEMPATH\CodeIgniter.php(353): CodeIgniter\CodeIgniter->handleRequest(null, Object(Config\Cache), false)
 9 FCPATH\index.php(79): CodeIgniter\CodeIgniter->run()
10 SYSTEMPATH\Commands\Server\rewrite.php(47): require_once('D:\\lelang\\public\\index.php')
CRITICAL - 2023-12-10 10:49:48 --> Attempt to read property "id_barang" on null
in APPPATH\Views\e_lelang.php on line 28.
 1 APPPATH\Views\e_lelang.php(28): CodeIgniter\Debug\Exceptions->errorHandler(2, 'Attempt to read property "id_barang" on null', 'D:\\lelang\\app\\Views\\e_lelang.php', 28)
 2 SYSTEMPATH\View\View.php(226): include('D:\\lelang\\app\\Views\\e_lelang.php')
 3 SYSTEMPATH\View\View.php(229): CodeIgniter\View\View->CodeIgniter\View\{closure}()
 4 SYSTEMPATH\Common.php(1188): CodeIgniter\View\View->render('e_lelang', [], true)
 5 APPPATH\Controllers\Home.php(579): view('e_lelang', [...])
 6 SYSTEMPATH\CodeIgniter.php(919): App\Controllers\Home->e_lelang('3')
 7 SYSTEMPATH\CodeIgniter.php(494): CodeIgniter\CodeIgniter->runController(Object(App\Controllers\Home))
 8 SYSTEMPATH\CodeIgniter.php(353): CodeIgniter\CodeIgniter->handleRequest(null, Object(Config\Cache), false)
 9 FCPATH\index.php(79): CodeIgniter\CodeIgniter->run()
10 SYSTEMPATH\Commands\Server\rewrite.php(47): require_once('D:\\lelang\\public\\index.php')
CRITICAL - 2023-12-10 11:03:15 --> syntax error, unexpected token "->", expecting identifier or variable or "{" or "$"
in APPPATH\Controllers\Home.php on line 352.
 1 SYSTEMPATH\Autoloader\Autoloader.php(285): CodeIgniter\Autoloader\Autoloader->includeFile('D:\\lelang\\app\\Controllers\\Home.php')
 2 SYSTEMPATH\Autoloader\Autoloader.php(263): CodeIgniter\Autoloader\Autoloader->loadInNamespace('App\\Controllers\\Home')
 3 [internal function]: CodeIgniter\Autoloader\Autoloader->loadClass('App\\Controllers\\Home')
 4 SYSTEMPATH\CodeIgniter.php(877): class_exists('\\App\\Controllers\\Home', true)
 5 SYSTEMPATH\CodeIgniter.php(481): CodeIgniter\CodeIgniter->startController()
 6 SYSTEMPATH\CodeIgniter.php(353): CodeIgniter\CodeIgniter->handleRequest(null, Object(Config\Cache), false)
 7 FCPATH\index.php(79): CodeIgniter\CodeIgniter->run()
 8 SYSTEMPATH\Commands\Server\rewrite.php(47): require_once('D:\\lelang\\public\\index.php')
CRITICAL - 2023-12-10 11:03:39 --> Attempt to read property "id_barang" on array
in APPPATH\Views\e_lelang.php on line 26.
 1 APPPATH\Views\e_lelang.php(26): CodeIgniter\Debug\Exceptions->errorHandler(2, 'Attempt to read property "id_barang" on array', 'D:\\lelang\\app\\Views\\e_lelang.php', 26)
 2 SYSTEMPATH\View\View.php(226): include('D:\\lelang\\app\\Views\\e_lelang.php')
 3 SYSTEMPATH\View\View.php(229): CodeIgniter\View\View->CodeIgniter\View\{closure}()
 4 SYSTEMPATH\Common.php(1188): CodeIgniter\View\View->render('e_lelang', [], true)
 5 APPPATH\Controllers\Home.php(357): view('e_lelang', [...])
 6 SYSTEMPATH\CodeIgniter.php(919): App\Controllers\Home->e_lelang('3')
 7 SYSTEMPATH\CodeIgniter.php(494): CodeIgniter\CodeIgniter->runController(Object(App\Controllers\Home))
 8 SYSTEMPATH\CodeIgniter.php(353): CodeIgniter\CodeIgniter->handleRequest(null, Object(Config\Cache), false)
 9 FCPATH\index.php(79): CodeIgniter\CodeIgniter->run()
10 SYSTEMPATH\Commands\Server\rewrite.php(47): require_once('D:\\lelang\\public\\index.php')
ERROR - 2023-12-10 11:03:50 --> mysqli_sql_exception: Unknown column 'tb_barang' in 'where clause' in D:\lelang\system\Database\MySQLi\Connection.php:306
Stack trace:
#0 D:\lelang\system\Database\MySQLi\Connection.php(306): mysqli->query('SELECT *\nFROM `...', 0)
#1 D:\lelang\system\Database\BaseConnection.php(692): CodeIgniter\Database\MySQLi\Connection->execute('SELECT *\nFROM `...')
#2 D:\lelang\system\Database\BaseConnection.php(606): CodeIgniter\Database\BaseConnection->simpleQuery('SELECT *\nFROM `...')
#3 D:\lelang\system\Database\BaseBuilder.php(1748): CodeIgniter\Database\BaseConnection->query('SELECT *\nFROM `...', Array, false)
#4 D:\lelang\app\Models\Gudang.php(49): CodeIgniter\Database\BaseBuilder->getWhere('tb_barang')
#5 D:\lelang\app\Controllers\Home.php(352): App\Models\Gudang->getWhere('tb_lelang', 'tb_barang', 'tb_petugas', 'tb_masyarakat', 'tb_lelang.id_ba...', 'tb_lelang.id_pe...', 'tb_lelang.id_us...', 'tb_lelang.id_le...')
#6 D:\lelang\system\CodeIgniter.php(919): App\Controllers\Home->e_lelang('3')
#7 D:\lelang\system\CodeIgniter.php(494): CodeIgniter\CodeIgniter->runController(Object(App\Controllers\Home))
#8 D:\lelang\system\CodeIgniter.php(353): CodeIgniter\CodeIgniter->handleRequest(NULL, Object(Config\Cache), false)
#9 D:\lelang\public\index.php(79): CodeIgniter\CodeIgniter->run()
#10 D:\lelang\system\Commands\Server\rewrite.php(47): require_once('D:\\lelang\\publi...')
#11 {main}
CRITICAL - 2023-12-10 11:03:50 --> Unknown column 'tb_barang' in 'where clause'
in SYSTEMPATH\Database\BaseConnection.php on line 646.
 1 SYSTEMPATH\Database\BaseBuilder.php(1748): CodeIgniter\Database\BaseConnection->query('SELECT *
FROM `tb_lelang`
WHERE `tb_barang` IS NULL', [], false)
 2 APPPATH\Models\Gudang.php(49): CodeIgniter\Database\BaseBuilder->getWhere('tb_barang')
 3 APPPATH\Controllers\Home.php(352): App\Models\Gudang->getWhere('tb_lelang', 'tb_barang', 'tb_petugas', 'tb_masyarakat', 'tb_lelang.id_barang=tb_barang.id_barang', 'tb_lelang.id_petugas=tb_petugas.id_petugas', 'tb_lelang.id_user=tb_masyarakat.id_user', 'tb_lelang.id_lelang')
 4 SYSTEMPATH\CodeIgniter.php(919): App\Controllers\Home->e_lelang('3')
 5 SYSTEMPATH\CodeIgniter.php(494): CodeIgniter\CodeIgniter->runController(Object(App\Controllers\Home))
 6 SYSTEMPATH\CodeIgniter.php(353): CodeIgniter\CodeIgniter->handleRequest(null, Object(Config\Cache), false)
 7 FCPATH\index.php(79): CodeIgniter\CodeIgniter->run()
 8 SYSTEMPATH\Commands\Server\rewrite.php(47): require_once('D:\\lelang\\public\\index.php')
ERROR - 2023-12-10 11:04:42 --> mysqli_sql_exception: Unknown column 'tb_barang' in 'where clause' in D:\lelang\system\Database\MySQLi\Connection.php:306
Stack trace:
#0 D:\lelang\system\Database\MySQLi\Connection.php(306): mysqli->query('SELECT *\nFROM `...', 0)
#1 D:\lelang\system\Database\BaseConnection.php(692): CodeIgniter\Database\MySQLi\Connection->execute('SELECT *\nFROM `...')
#2 D:\lelang\system\Database\BaseConnection.php(606): CodeIgniter\Database\BaseConnection->simpleQuery('SELECT *\nFROM `...')
#3 D:\lelang\system\Database\BaseBuilder.php(1748): CodeIgniter\Database\BaseConnection->query('SELECT *\nFROM `...', Array, false)
#4 D:\lelang\app\Models\Gudang.php(49): CodeIgniter\Database\BaseBuilder->getWhere('tb_barang')
#5 D:\lelang\app\Controllers\Home.php(352): App\Models\Gudang->getWhere('tb_lelang', 'tb_barang', 'tb_petugas', 'tb_masyarakat', 'tb_lelang.id_ba...', 'tb_lelang.id_pe...', 'tb_lelang.id_us...', 'tb_lelang.id_le...')
#6 D:\lelang\system\CodeIgniter.php(919): App\Controllers\Home->e_lelang('3')
#7 D:\lelang\system\CodeIgniter.php(494): CodeIgniter\CodeIgniter->runController(Object(App\Controllers\Home))
#8 D:\lelang\system\CodeIgniter.php(353): CodeIgniter\CodeIgniter->handleRequest(NULL, Object(Config\Cache), false)
#9 D:\lelang\public\index.php(79): CodeIgniter\CodeIgniter->run()
#10 D:\lelang\system\Commands\Server\rewrite.php(47): require_once('D:\\lelang\\publi...')
#11 {main}
CRITICAL - 2023-12-10 11:04:42 --> Unknown column 'tb_barang' in 'where clause'
in SYSTEMPATH\Database\BaseConnection.php on line 646.
 1 SYSTEMPATH\Database\BaseBuilder.php(1748): CodeIgniter\Database\BaseConnection->query('SELECT *
FROM `tb_lelang`
WHERE `tb_barang` IS NULL', [], false)
 2 APPPATH\Models\Gudang.php(49): CodeIgniter\Database\BaseBuilder->getWhere('tb_barang')
 3 APPPATH\Controllers\Home.php(352): App\Models\Gudang->getWhere('tb_lelang', 'tb_barang', 'tb_petugas', 'tb_masyarakat', 'tb_lelang.id_barang=tb_barang.id_barang', 'tb_lelang.id_petugas=tb_petugas.id_petugas', 'tb_lelang.id_user=tb_masyarakat.id_user', 'tb_lelang.id_lelang')
 4 SYSTEMPATH\CodeIgniter.php(919): App\Controllers\Home->e_lelang('3')
 5 SYSTEMPATH\CodeIgniter.php(494): CodeIgniter\CodeIgniter->runController(Object(App\Controllers\Home))
 6 SYSTEMPATH\CodeIgniter.php(353): CodeIgniter\CodeIgniter->handleRequest(null, Object(Config\Cache), false)
 7 FCPATH\index.php(79): CodeIgniter\CodeIgniter->run()
 8 SYSTEMPATH\Commands\Server\rewrite.php(47): require_once('D:\\lelang\\public\\index.php')
ERROR - 2023-12-10 11:04:52 --> mysqli_sql_exception: Unknown column 'tb_barang' in 'where clause' in D:\lelang\system\Database\MySQLi\Connection.php:306
Stack trace:
#0 D:\lelang\system\Database\MySQLi\Connection.php(306): mysqli->query('SELECT *\nFROM `...', 0)
#1 D:\lelang\system\Database\BaseConnection.php(692): CodeIgniter\Database\MySQLi\Connection->execute('SELECT *\nFROM `...')
#2 D:\lelang\system\Database\BaseConnection.php(606): CodeIgniter\Database\BaseConnection->simpleQuery('SELECT *\nFROM `...')
#3 D:\lelang\system\Database\BaseBuilder.php(1748): CodeIgniter\Database\BaseConnection->query('SELECT *\nFROM `...', Array, false)
#4 D:\lelang\app\Models\Gudang.php(49): CodeIgniter\Database\BaseBuilder->getWhere('tb_barang')
#5 D:\lelang\app\Controllers\Home.php(352): App\Models\Gudang->getWhere('tb_lelang', 'tb_barang', 'tb_petugas', 'tb_masyarakat', 'tb_lelang.id_ba...', 'tb_lelang.id_pe...', 'tb_lelang.id_us...', 'tb_lelang.id_le...', Array)
#6 D:\lelang\system\CodeIgniter.php(919): App\Controllers\Home->e_lelang('3')
#7 D:\lelang\system\CodeIgniter.php(494): CodeIgniter\CodeIgniter->runController(Object(App\Controllers\Home))
#8 D:\lelang\system\CodeIgniter.php(353): CodeIgniter\CodeIgniter->handleRequest(NULL, Object(Config\Cache), false)
#9 D:\lelang\public\index.php(79): CodeIgniter\CodeIgniter->run()
#10 D:\lelang\system\Commands\Server\rewrite.php(47): require_once('D:\\lelang\\publi...')
#11 {main}
CRITICAL - 2023-12-10 11:04:52 --> Unknown column 'tb_barang' in 'where clause'
in SYSTEMPATH\Database\BaseConnection.php on line 646.
 1 SYSTEMPATH\Database\BaseBuilder.php(1748): CodeIgniter\Database\BaseConnection->query('SELECT *
FROM `tb_lelang`
WHERE `tb_barang` IS NULL', [], false)
 2 APPPATH\Models\Gudang.php(49): CodeIgniter\Database\BaseBuilder->getWhere('tb_barang')
 3 APPPATH\Controllers\Home.php(352): App\Models\Gudang->getWhere('tb_lelang', 'tb_barang', 'tb_petugas', 'tb_masyarakat', 'tb_lelang.id_barang=tb_barang.id_barang', 'tb_lelang.id_petugas=tb_petugas.id_petugas', 'tb_lelang.id_user=tb_masyarakat.id_user', 'tb_lelang.id_lelang', [...])
 4 SYSTEMPATH\CodeIgniter.php(919): App\Controllers\Home->e_lelang('3')
 5 SYSTEMPATH\CodeIgniter.php(494): CodeIgniter\CodeIgniter->runController(Object(App\Controllers\Home))
 6 SYSTEMPATH\CodeIgniter.php(353): CodeIgniter\CodeIgniter->handleRequest(null, Object(Config\Cache), false)
 7 FCPATH\index.php(79): CodeIgniter\CodeIgniter->run()
 8 SYSTEMPATH\Commands\Server\rewrite.php(47): require_once('D:\\lelang\\public\\index.php')
ERROR - 2023-12-10 11:05:17 --> mysqli_sql_exception: Unknown column 'id_lelang' in 'where clause' in D:\lelang\system\Database\MySQLi\Connection.php:306
Stack trace:
#0 D:\lelang\system\Database\MySQLi\Connection.php(306): mysqli->query('SELECT *\nFROM `...', 0)
#1 D:\lelang\system\Database\BaseConnection.php(692): CodeIgniter\Database\MySQLi\Connection->execute('SELECT *\nFROM `...')
#2 D:\lelang\system\Database\BaseConnection.php(606): CodeIgniter\Database\BaseConnection->simpleQuery('SELECT *\nFROM `...')
#3 D:\lelang\system\Database\BaseBuilder.php(1748): CodeIgniter\Database\BaseConnection->query('SELECT *\nFROM `...', Array, false)
#4 D:\lelang\app\Models\Gudang.php(49): CodeIgniter\Database\BaseBuilder->getWhere(Array)
#5 D:\lelang\app\Controllers\Home.php(353): App\Models\Gudang->getWhere('tb_barang', Array)
#6 D:\lelang\system\CodeIgniter.php(919): App\Controllers\Home->e_lelang('3')
#7 D:\lelang\system\CodeIgniter.php(494): CodeIgniter\CodeIgniter->runController(Object(App\Controllers\Home))
#8 D:\lelang\system\CodeIgniter.php(353): CodeIgniter\CodeIgniter->handleRequest(NULL, Object(Config\Cache), false)
#9 D:\lelang\public\index.php(79): CodeIgniter\CodeIgniter->run()
#10 D:\lelang\system\Commands\Server\rewrite.php(47): require_once('D:\\lelang\\publi...')
#11 {main}
CRITICAL - 2023-12-10 11:05:17 --> Unknown column 'id_lelang' in 'where clause'
in SYSTEMPATH\Database\BaseConnection.php on line 646.
 1 SYSTEMPATH\Database\BaseBuilder.php(1748): CodeIgniter\Database\BaseConnection->query('SELECT *
FROM `tb_barang`
WHERE `id_lelang` = :id_lelang:', [...], false)
 2 APPPATH\Models\Gudang.php(49): CodeIgniter\Database\BaseBuilder->getWhere([...])
 3 APPPATH\Controllers\Home.php(353): App\Models\Gudang->getWhere('tb_barang', [...])
 4 SYSTEMPATH\CodeIgniter.php(919): App\Controllers\Home->e_lelang('3')
 5 SYSTEMPATH\CodeIgniter.php(494): CodeIgniter\CodeIgniter->runController(Object(App\Controllers\Home))
 6 SYSTEMPATH\CodeIgniter.php(353): CodeIgniter\CodeIgniter->handleRequest(null, Object(Config\Cache), false)
 7 FCPATH\index.php(79): CodeIgniter\CodeIgniter->run()
 8 SYSTEMPATH\Commands\Server\rewrite.php(47): require_once('D:\\lelang\\public\\index.php')
