ERROR - 2023-11-16 02:18:28 --> mysqli_sql_exception: Unknown column 'tb_masyarakat' in 'where clause' in D:\lelang\system\Database\MySQLi\Connection.php:306
Stack trace:
#0 D:\lelang\system\Database\MySQLi\Connection.php(306): mysqli->query('SELECT *\nFROM `...', 0)
#1 D:\lelang\system\Database\BaseConnection.php(692): CodeIgniter\Database\MySQLi\Connection->execute('SELECT *\nFROM `...')
#2 D:\lelang\system\Database\BaseConnection.php(606): CodeIgniter\Database\BaseConnection->simpleQuery('SELECT *\nFROM `...')
#3 D:\lelang\system\Database\BaseBuilder.php(1748): CodeIgniter\Database\BaseConnection->query('SELECT *\nFROM `...', Array, false)
#4 D:\lelang\app\Models\Gudang.php(46): CodeIgniter\Database\BaseBuilder->getWhere('tb_masyarakat')
#5 D:\lelang\app\Controllers\Home.php(261): App\Models\Gudang->getWhere('tb_petugas', 'tb_masyarakat', Array)
#6 D:\lelang\system\CodeIgniter.php(919): App\Controllers\Home->aksi_login()
#7 D:\lelang\system\CodeIgniter.php(494): CodeIgniter\CodeIgniter->runController(Object(App\Controllers\Home))
#8 D:\lelang\system\CodeIgniter.php(353): CodeIgniter\CodeIgniter->handleRequest(NULL, Object(Config\Cache), false)
#9 D:\lelang\public\index.php(79): CodeIgniter\CodeIgniter->run()
#10 D:\lelang\system\Commands\Server\rewrite.php(47): require_once('D:\\lelang\\publi...')
#11 {main}
CRITICAL - 2023-11-16 02:18:28 --> Unknown column 'tb_masyarakat' in 'where clause'
in SYSTEMPATH\Database\BaseConnection.php on line 646.
 1 SYSTEMPATH\Database\BaseBuilder.php(1748): CodeIgniter\Database\BaseConnection->query('SELECT *
FROM `tb_petugas`
WHERE `tb_masyarakat` IS NULL', [], false)
 2 APPPATH\Models\Gudang.php(46): CodeIgniter\Database\BaseBuilder->getWhere('tb_masyarakat')
 3 APPPATH\Controllers\Home.php(261): App\Models\Gudang->getWhere('tb_petugas', 'tb_masyarakat', [...])
 4 SYSTEMPATH\CodeIgniter.php(919): App\Controllers\Home->aksi_login()
 5 SYSTEMPATH\CodeIgniter.php(494): CodeIgniter\CodeIgniter->runController(Object(App\Controllers\Home))
 6 SYSTEMPATH\CodeIgniter.php(353): CodeIgniter\CodeIgniter->handleRequest(null, Object(Config\Cache), false)
 7 FCPATH\index.php(79): CodeIgniter\CodeIgniter->run()
 8 SYSTEMPATH\Commands\Server\rewrite.php(47): require_once('D:\\lelang\\public\\index.php')
ERROR - 2023-11-16 02:22:23 --> mysqli_sql_exception: Unknown column 'username' in 'where clause' in D:\lelang\system\Database\MySQLi\Connection.php:306
Stack trace:
#0 D:\lelang\system\Database\MySQLi\Connection.php(306): mysqli->query('SELECT *\nFROM `...', 0)
#1 D:\lelang\system\Database\BaseConnection.php(692): CodeIgniter\Database\MySQLi\Connection->execute('SELECT *\nFROM `...')
#2 D:\lelang\system\Database\BaseConnection.php(606): CodeIgniter\Database\BaseConnection->simpleQuery('SELECT *\nFROM `...')
#3 D:\lelang\system\Database\BaseBuilder.php(1748): CodeIgniter\Database\BaseConnection->query('SELECT *\nFROM `...', Array, false)
#4 D:\lelang\app\Models\Gudang.php(46): CodeIgniter\Database\BaseBuilder->getWhere(Array)
#5 D:\lelang\app\Controllers\Home.php(261): App\Models\Gudang->getWhere('tb_level', Array)
#6 D:\lelang\system\CodeIgniter.php(919): App\Controllers\Home->aksi_login()
#7 D:\lelang\system\CodeIgniter.php(494): CodeIgniter\CodeIgniter->runController(Object(App\Controllers\Home))
#8 D:\lelang\system\CodeIgniter.php(353): CodeIgniter\CodeIgniter->handleRequest(NULL, Object(Config\Cache), false)
#9 D:\lelang\public\index.php(79): CodeIgniter\CodeIgniter->run()
#10 D:\lelang\system\Commands\Server\rewrite.php(47): require_once('D:\\lelang\\publi...')
#11 {main}
CRITICAL - 2023-11-16 02:22:23 --> Unknown column 'username' in 'where clause'
in SYSTEMPATH\Database\BaseConnection.php on line 646.
 1 SYSTEMPATH\Database\BaseBuilder.php(1748): CodeIgniter\Database\BaseConnection->query('SELECT *
FROM `tb_level`
WHERE `username` = :username:
AND `password` = :password:', [...], false)
 2 APPPATH\Models\Gudang.php(46): CodeIgniter\Database\BaseBuilder->getWhere([...])
 3 APPPATH\Controllers\Home.php(261): App\Models\Gudang->getWhere('tb_level', [...])
 4 SYSTEMPATH\CodeIgniter.php(919): App\Controllers\Home->aksi_login()
 5 SYSTEMPATH\CodeIgniter.php(494): CodeIgniter\CodeIgniter->runController(Object(App\Controllers\Home))
 6 SYSTEMPATH\CodeIgniter.php(353): CodeIgniter\CodeIgniter->handleRequest(null, Object(Config\Cache), false)
 7 FCPATH\index.php(79): CodeIgniter\CodeIgniter->run()
 8 SYSTEMPATH\Commands\Server\rewrite.php(47): require_once('D:\\lelang\\public\\index.php')
ERROR - 2023-11-16 02:22:50 --> mysqli_sql_exception: Unknown column 'username' in 'where clause' in D:\lelang\system\Database\MySQLi\Connection.php:306
Stack trace:
#0 D:\lelang\system\Database\MySQLi\Connection.php(306): mysqli->query('SELECT *\nFROM `...', 0)
#1 D:\lelang\system\Database\BaseConnection.php(692): CodeIgniter\Database\MySQLi\Connection->execute('SELECT *\nFROM `...')
#2 D:\lelang\system\Database\BaseConnection.php(606): CodeIgniter\Database\BaseConnection->simpleQuery('SELECT *\nFROM `...')
#3 D:\lelang\system\Database\BaseBuilder.php(1748): CodeIgniter\Database\BaseConnection->query('SELECT *\nFROM `...', Array, false)
#4 D:\lelang\app\Models\Gudang.php(46): CodeIgniter\Database\BaseBuilder->getWhere(Array)
#5 D:\lelang\app\Controllers\Home.php(261): App\Models\Gudang->getWhere('tb_level', Array)
#6 D:\lelang\system\CodeIgniter.php(919): App\Controllers\Home->aksi_login()
#7 D:\lelang\system\CodeIgniter.php(494): CodeIgniter\CodeIgniter->runController(Object(App\Controllers\Home))
#8 D:\lelang\system\CodeIgniter.php(353): CodeIgniter\CodeIgniter->handleRequest(NULL, Object(Config\Cache), false)
#9 D:\lelang\public\index.php(79): CodeIgniter\CodeIgniter->run()
#10 D:\lelang\system\Commands\Server\rewrite.php(47): require_once('D:\\lelang\\publi...')
#11 {main}
CRITICAL - 2023-11-16 02:22:50 --> Unknown column 'username' in 'where clause'
in SYSTEMPATH\Database\BaseConnection.php on line 646.
 1 SYSTEMPATH\Database\BaseBuilder.php(1748): CodeIgniter\Database\BaseConnection->query('SELECT *
FROM `tb_level`
WHERE `username` = :username:
AND `password` = :password:', [...], false)
 2 APPPATH\Models\Gudang.php(46): CodeIgniter\Database\BaseBuilder->getWhere([...])
 3 APPPATH\Controllers\Home.php(261): App\Models\Gudang->getWhere('tb_level', [...])
 4 SYSTEMPATH\CodeIgniter.php(919): App\Controllers\Home->aksi_login()
 5 SYSTEMPATH\CodeIgniter.php(494): CodeIgniter\CodeIgniter->runController(Object(App\Controllers\Home))
 6 SYSTEMPATH\CodeIgniter.php(353): CodeIgniter\CodeIgniter->handleRequest(null, Object(Config\Cache), false)
 7 FCPATH\index.php(79): CodeIgniter\CodeIgniter->run()
 8 SYSTEMPATH\Commands\Server\rewrite.php(47): require_once('D:\\lelang\\public\\index.php')
ERROR - 2023-11-16 02:22:52 --> mysqli_sql_exception: Unknown column 'username' in 'where clause' in D:\lelang\system\Database\MySQLi\Connection.php:306
Stack trace:
#0 D:\lelang\system\Database\MySQLi\Connection.php(306): mysqli->query('SELECT *\nFROM `...', 0)
#1 D:\lelang\system\Database\BaseConnection.php(692): CodeIgniter\Database\MySQLi\Connection->execute('SELECT *\nFROM `...')
#2 D:\lelang\system\Database\BaseConnection.php(606): CodeIgniter\Database\BaseConnection->simpleQuery('SELECT *\nFROM `...')
#3 D:\lelang\system\Database\BaseBuilder.php(1748): CodeIgniter\Database\BaseConnection->query('SELECT *\nFROM `...', Array, false)
#4 D:\lelang\app\Models\Gudang.php(46): CodeIgniter\Database\BaseBuilder->getWhere(Array)
#5 D:\lelang\app\Controllers\Home.php(261): App\Models\Gudang->getWhere('tb_level', Array)
#6 D:\lelang\system\CodeIgniter.php(919): App\Controllers\Home->aksi_login()
#7 D:\lelang\system\CodeIgniter.php(494): CodeIgniter\CodeIgniter->runController(Object(App\Controllers\Home))
#8 D:\lelang\system\CodeIgniter.php(353): CodeIgniter\CodeIgniter->handleRequest(NULL, Object(Config\Cache), false)
#9 D:\lelang\public\index.php(79): CodeIgniter\CodeIgniter->run()
#10 D:\lelang\system\Commands\Server\rewrite.php(47): require_once('D:\\lelang\\publi...')
#11 {main}
CRITICAL - 2023-11-16 02:22:52 --> Unknown column 'username' in 'where clause'
in SYSTEMPATH\Database\BaseConnection.php on line 646.
 1 SYSTEMPATH\Database\BaseBuilder.php(1748): CodeIgniter\Database\BaseConnection->query('SELECT *
FROM `tb_level`
WHERE `username` = :username:
AND `password` = :password:', [...], false)
 2 APPPATH\Models\Gudang.php(46): CodeIgniter\Database\BaseBuilder->getWhere([...])
 3 APPPATH\Controllers\Home.php(261): App\Models\Gudang->getWhere('tb_level', [...])
 4 SYSTEMPATH\CodeIgniter.php(919): App\Controllers\Home->aksi_login()
 5 SYSTEMPATH\CodeIgniter.php(494): CodeIgniter\CodeIgniter->runController(Object(App\Controllers\Home))
 6 SYSTEMPATH\CodeIgniter.php(353): CodeIgniter\CodeIgniter->handleRequest(null, Object(Config\Cache), false)
 7 FCPATH\index.php(79): CodeIgniter\CodeIgniter->run()
 8 SYSTEMPATH\Commands\Server\rewrite.php(47): require_once('D:\\lelang\\public\\index.php')
ERROR - 2023-11-16 02:22:56 --> mysqli_sql_exception: Unknown column 'username' in 'where clause' in D:\lelang\system\Database\MySQLi\Connection.php:306
Stack trace:
#0 D:\lelang\system\Database\MySQLi\Connection.php(306): mysqli->query('SELECT *\nFROM `...', 0)
#1 D:\lelang\system\Database\BaseConnection.php(692): CodeIgniter\Database\MySQLi\Connection->execute('SELECT *\nFROM `...')
#2 D:\lelang\system\Database\BaseConnection.php(606): CodeIgniter\Database\BaseConnection->simpleQuery('SELECT *\nFROM `...')
#3 D:\lelang\system\Database\BaseBuilder.php(1748): CodeIgniter\Database\BaseConnection->query('SELECT *\nFROM `...', Array, false)
#4 D:\lelang\app\Models\Gudang.php(46): CodeIgniter\Database\BaseBuilder->getWhere(Array)
#5 D:\lelang\app\Controllers\Home.php(261): App\Models\Gudang->getWhere('tb_level', Array)
#6 D:\lelang\system\CodeIgniter.php(919): App\Controllers\Home->aksi_login()
#7 D:\lelang\system\CodeIgniter.php(494): CodeIgniter\CodeIgniter->runController(Object(App\Controllers\Home))
#8 D:\lelang\system\CodeIgniter.php(353): CodeIgniter\CodeIgniter->handleRequest(NULL, Object(Config\Cache), false)
#9 D:\lelang\public\index.php(79): CodeIgniter\CodeIgniter->run()
#10 D:\lelang\system\Commands\Server\rewrite.php(47): require_once('D:\\lelang\\publi...')
#11 {main}
CRITICAL - 2023-11-16 02:22:56 --> Unknown column 'username' in 'where clause'
in SYSTEMPATH\Database\BaseConnection.php on line 646.
 1 SYSTEMPATH\Database\BaseBuilder.php(1748): CodeIgniter\Database\BaseConnection->query('SELECT *
FROM `tb_level`
WHERE `username` = :username:
AND `password` = :password:', [...], false)
 2 APPPATH\Models\Gudang.php(46): CodeIgniter\Database\BaseBuilder->getWhere([...])
 3 APPPATH\Controllers\Home.php(261): App\Models\Gudang->getWhere('tb_level', [...])
 4 SYSTEMPATH\CodeIgniter.php(919): App\Controllers\Home->aksi_login()
 5 SYSTEMPATH\CodeIgniter.php(494): CodeIgniter\CodeIgniter->runController(Object(App\Controllers\Home))
 6 SYSTEMPATH\CodeIgniter.php(353): CodeIgniter\CodeIgniter->handleRequest(null, Object(Config\Cache), false)
 7 FCPATH\index.php(79): CodeIgniter\CodeIgniter->run()
 8 SYSTEMPATH\Commands\Server\rewrite.php(47): require_once('D:\\lelang\\public\\index.php')
ERROR - 2023-11-16 02:23:03 --> mysqli_sql_exception: Unknown column 'username' in 'where clause' in D:\lelang\system\Database\MySQLi\Connection.php:306
Stack trace:
#0 D:\lelang\system\Database\MySQLi\Connection.php(306): mysqli->query('SELECT *\nFROM `...', 0)
#1 D:\lelang\system\Database\BaseConnection.php(692): CodeIgniter\Database\MySQLi\Connection->execute('SELECT *\nFROM `...')
#2 D:\lelang\system\Database\BaseConnection.php(606): CodeIgniter\Database\BaseConnection->simpleQuery('SELECT *\nFROM `...')
#3 D:\lelang\system\Database\BaseBuilder.php(1748): CodeIgniter\Database\BaseConnection->query('SELECT *\nFROM `...', Array, false)
#4 D:\lelang\app\Models\Gudang.php(46): CodeIgniter\Database\BaseBuilder->getWhere(Array)
#5 D:\lelang\app\Controllers\Home.php(261): App\Models\Gudang->getWhere('tb_level', Array)
#6 D:\lelang\system\CodeIgniter.php(919): App\Controllers\Home->aksi_login()
#7 D:\lelang\system\CodeIgniter.php(494): CodeIgniter\CodeIgniter->runController(Object(App\Controllers\Home))
#8 D:\lelang\system\CodeIgniter.php(353): CodeIgniter\CodeIgniter->handleRequest(NULL, Object(Config\Cache), false)
#9 D:\lelang\public\index.php(79): CodeIgniter\CodeIgniter->run()
#10 D:\lelang\system\Commands\Server\rewrite.php(47): require_once('D:\\lelang\\publi...')
#11 {main}
CRITICAL - 2023-11-16 02:23:03 --> Unknown column 'username' in 'where clause'
in SYSTEMPATH\Database\BaseConnection.php on line 646.
 1 SYSTEMPATH\Database\BaseBuilder.php(1748): CodeIgniter\Database\BaseConnection->query('SELECT *
FROM `tb_level`
WHERE `username` = :username:
AND `password` = :password:', [...], false)
 2 APPPATH\Models\Gudang.php(46): CodeIgniter\Database\BaseBuilder->getWhere([...])
 3 APPPATH\Controllers\Home.php(261): App\Models\Gudang->getWhere('tb_level', [...])
 4 SYSTEMPATH\CodeIgniter.php(919): App\Controllers\Home->aksi_login()
 5 SYSTEMPATH\CodeIgniter.php(494): CodeIgniter\CodeIgniter->runController(Object(App\Controllers\Home))
 6 SYSTEMPATH\CodeIgniter.php(353): CodeIgniter\CodeIgniter->handleRequest(null, Object(Config\Cache), false)
 7 FCPATH\index.php(79): CodeIgniter\CodeIgniter->run()
 8 SYSTEMPATH\Commands\Server\rewrite.php(47): require_once('D:\\lelang\\public\\index.php')
ERROR - 2023-11-16 02:23:23 --> mysqli_sql_exception: Unknown column 'username' in 'where clause' in D:\lelang\system\Database\MySQLi\Connection.php:306
Stack trace:
#0 D:\lelang\system\Database\MySQLi\Connection.php(306): mysqli->query('SELECT *\nFROM `...', 0)
#1 D:\lelang\system\Database\BaseConnection.php(692): CodeIgniter\Database\MySQLi\Connection->execute('SELECT *\nFROM `...')
#2 D:\lelang\system\Database\BaseConnection.php(606): CodeIgniter\Database\BaseConnection->simpleQuery('SELECT *\nFROM `...')
#3 D:\lelang\system\Database\BaseBuilder.php(1748): CodeIgniter\Database\BaseConnection->query('SELECT *\nFROM `...', Array, false)
#4 D:\lelang\app\Models\Gudang.php(46): CodeIgniter\Database\BaseBuilder->getWhere(Array)
#5 D:\lelang\app\Controllers\Home.php(261): App\Models\Gudang->getWhere('tb_level', Array)
#6 D:\lelang\system\CodeIgniter.php(919): App\Controllers\Home->aksi_login()
#7 D:\lelang\system\CodeIgniter.php(494): CodeIgniter\CodeIgniter->runController(Object(App\Controllers\Home))
#8 D:\lelang\system\CodeIgniter.php(353): CodeIgniter\CodeIgniter->handleRequest(NULL, Object(Config\Cache), false)
#9 D:\lelang\public\index.php(79): CodeIgniter\CodeIgniter->run()
#10 D:\lelang\system\Commands\Server\rewrite.php(47): require_once('D:\\lelang\\publi...')
#11 {main}
CRITICAL - 2023-11-16 02:23:23 --> Unknown column 'username' in 'where clause'
in SYSTEMPATH\Database\BaseConnection.php on line 646.
 1 SYSTEMPATH\Database\BaseBuilder.php(1748): CodeIgniter\Database\BaseConnection->query('SELECT *
FROM `tb_level`
WHERE `username` IS NULL
AND `password` = :password:', [...], false)
 2 APPPATH\Models\Gudang.php(46): CodeIgniter\Database\BaseBuilder->getWhere([...])
 3 APPPATH\Controllers\Home.php(261): App\Models\Gudang->getWhere('tb_level', [...])
 4 SYSTEMPATH\CodeIgniter.php(919): App\Controllers\Home->aksi_login()
 5 SYSTEMPATH\CodeIgniter.php(494): CodeIgniter\CodeIgniter->runController(Object(App\Controllers\Home))
 6 SYSTEMPATH\CodeIgniter.php(353): CodeIgniter\CodeIgniter->handleRequest(null, Object(Config\Cache), false)
 7 FCPATH\index.php(79): CodeIgniter\CodeIgniter->run()
 8 SYSTEMPATH\Commands\Server\rewrite.php(47): require_once('D:\\lelang\\public\\index.php')
ERROR - 2023-11-16 02:23:27 --> mysqli_sql_exception: Unknown column 'username' in 'where clause' in D:\lelang\system\Database\MySQLi\Connection.php:306
Stack trace:
#0 D:\lelang\system\Database\MySQLi\Connection.php(306): mysqli->query('SELECT *\nFROM `...', 0)
#1 D:\lelang\system\Database\BaseConnection.php(692): CodeIgniter\Database\MySQLi\Connection->execute('SELECT *\nFROM `...')
#2 D:\lelang\system\Database\BaseConnection.php(606): CodeIgniter\Database\BaseConnection->simpleQuery('SELECT *\nFROM `...')
#3 D:\lelang\system\Database\BaseBuilder.php(1748): CodeIgniter\Database\BaseConnection->query('SELECT *\nFROM `...', Array, false)
#4 D:\lelang\app\Models\Gudang.php(46): CodeIgniter\Database\BaseBuilder->getWhere(Array)
#5 D:\lelang\app\Controllers\Home.php(261): App\Models\Gudang->getWhere('tb_level', Array)
#6 D:\lelang\system\CodeIgniter.php(919): App\Controllers\Home->aksi_login()
#7 D:\lelang\system\CodeIgniter.php(494): CodeIgniter\CodeIgniter->runController(Object(App\Controllers\Home))
#8 D:\lelang\system\CodeIgniter.php(353): CodeIgniter\CodeIgniter->handleRequest(NULL, Object(Config\Cache), false)
#9 D:\lelang\public\index.php(79): CodeIgniter\CodeIgniter->run()
#10 D:\lelang\system\Commands\Server\rewrite.php(47): require_once('D:\\lelang\\publi...')
#11 {main}
CRITICAL - 2023-11-16 02:23:27 --> Unknown column 'username' in 'where clause'
in SYSTEMPATH\Database\BaseConnection.php on line 646.
 1 SYSTEMPATH\Database\BaseBuilder.php(1748): CodeIgniter\Database\BaseConnection->query('SELECT *
FROM `tb_level`
WHERE `username` IS NULL
AND `password` = :password:', [...], false)
 2 APPPATH\Models\Gudang.php(46): CodeIgniter\Database\BaseBuilder->getWhere([...])
 3 APPPATH\Controllers\Home.php(261): App\Models\Gudang->getWhere('tb_level', [...])
 4 SYSTEMPATH\CodeIgniter.php(919): App\Controllers\Home->aksi_login()
 5 SYSTEMPATH\CodeIgniter.php(494): CodeIgniter\CodeIgniter->runController(Object(App\Controllers\Home))
 6 SYSTEMPATH\CodeIgniter.php(353): CodeIgniter\CodeIgniter->handleRequest(null, Object(Config\Cache), false)
 7 FCPATH\index.php(79): CodeIgniter\CodeIgniter->run()
 8 SYSTEMPATH\Commands\Server\rewrite.php(47): require_once('D:\\lelang\\public\\index.php')
