CRITICAL - 2024-01-15 02:05:27 --> Undefined property: stdClass::$nama_lengkap_lelang
in APPPATH\Views\lelang.php on line 67.
 1 APPPATH\Views\lelang.php(67): CodeIgniter\Debug\Exceptions->errorHandler(2, 'Undefined property: stdClass::$nama_lengkap_lelang', 'D:\\lelang\\app\\Views\\lelang.php', 67)
 2 SYSTEMPATH\View\View.php(226): include('D:\\lelang\\app\\Views\\lelang.php')
 3 SYSTEMPATH\View\View.php(229): CodeIgniter\View\View->CodeIgniter\View\{closure}()
 4 SYSTEMPATH\Common.php(1188): CodeIgniter\View\View->render('lelang', [], true)
 5 APPPATH\Controllers\Home.php(324): view('lelang', [...])
 6 SYSTEMPATH\CodeIgniter.php(919): App\Controllers\Home->lelang()
 7 SYSTEMPATH\CodeIgniter.php(494): CodeIgniter\CodeIgniter->runController(Object(App\Controllers\Home))
 8 SYSTEMPATH\CodeIgniter.php(353): CodeIgniter\CodeIgniter->handleRequest(null, Object(Config\Cache), false)
 9 FCPATH\index.php(79): CodeIgniter\CodeIgniter->run()
10 SYSTEMPATH\Commands\Server\rewrite.php(47): require_once('D:\\lelang\\public\\index.php')
ERROR - 2024-01-15 02:06:02 --> mysqli_sql_exception: Unknown column 'nama_lengkap' in 'field list' in D:\lelang\system\Database\MySQLi\Connection.php:306
Stack trace:
#0 D:\lelang\system\Database\MySQLi\Connection.php(306): mysqli->query('UPDATE `tb_lela...', 0)
#1 D:\lelang\system\Database\BaseConnection.php(692): CodeIgniter\Database\MySQLi\Connection->execute('UPDATE `tb_lela...')
#2 D:\lelang\system\Database\BaseConnection.php(606): CodeIgniter\Database\BaseConnection->simpleQuery('UPDATE `tb_lela...')
#3 D:\lelang\system\Database\BaseBuilder.php(2475): CodeIgniter\Database\BaseConnection->query('UPDATE `tb_lela...', Array, false)
#4 D:\lelang\app\Models\Gudang.php(38): CodeIgniter\Database\BaseBuilder->update(Array, Array)
#5 D:\lelang\app\Controllers\Home.php(859): App\Models\Gudang->edit('tb_lelang', Array, Array)
#6 D:\lelang\system\CodeIgniter.php(919): App\Controllers\Home->aksi_penawaran()
#7 D:\lelang\system\CodeIgniter.php(494): CodeIgniter\CodeIgniter->runController(Object(App\Controllers\Home))
#8 D:\lelang\system\CodeIgniter.php(353): CodeIgniter\CodeIgniter->handleRequest(NULL, Object(Config\Cache), false)
#9 D:\lelang\public\index.php(79): CodeIgniter\CodeIgniter->run()
#10 D:\lelang\system\Commands\Server\rewrite.php(47): require_once('D:\\lelang\\publi...')
#11 {main}
CRITICAL - 2024-01-15 02:06:02 --> Unknown column 'nama_lengkap' in 'field list'
in SYSTEMPATH\Database\BaseConnection.php on line 646.
 1 SYSTEMPATH\Database\BaseBuilder.php(2475): CodeIgniter\Database\BaseConnection->query('UPDATE `tb_lelang` SET `harga_akhir` = :harga_akhir:, `nama_lengkap` = :nama_lengkap:
WHERE `id_lelang` = :id_lelang:', [...], false)
 2 APPPATH\Models\Gudang.php(38): CodeIgniter\Database\BaseBuilder->update([...], [...])
 3 APPPATH\Controllers\Home.php(859): App\Models\Gudang->edit('tb_lelang', [...], [...])
 4 SYSTEMPATH\CodeIgniter.php(919): App\Controllers\Home->aksi_penawaran()
 5 SYSTEMPATH\CodeIgniter.php(494): CodeIgniter\CodeIgniter->runController(Object(App\Controllers\Home))
 6 SYSTEMPATH\CodeIgniter.php(353): CodeIgniter\CodeIgniter->handleRequest(null, Object(Config\Cache), false)
 7 FCPATH\index.php(79): CodeIgniter\CodeIgniter->run()
 8 SYSTEMPATH\Commands\Server\rewrite.php(47): require_once('D:\\lelang\\public\\index.php')
ERROR - 2024-01-15 02:15:22 --> mysqli_sql_exception: Unknown column 'nama_lengkap' in 'field list' in D:\lelang\system\Database\MySQLi\Connection.php:306
Stack trace:
#0 D:\lelang\system\Database\MySQLi\Connection.php(306): mysqli->query('UPDATE `tb_lela...', 0)
#1 D:\lelang\system\Database\BaseConnection.php(692): CodeIgniter\Database\MySQLi\Connection->execute('UPDATE `tb_lela...')
#2 D:\lelang\system\Database\BaseConnection.php(606): CodeIgniter\Database\BaseConnection->simpleQuery('UPDATE `tb_lela...')
#3 D:\lelang\system\Database\BaseBuilder.php(2475): CodeIgniter\Database\BaseConnection->query('UPDATE `tb_lela...', Array, false)
#4 D:\lelang\app\Models\Gudang.php(38): CodeIgniter\Database\BaseBuilder->update(Array, Array)
#5 D:\lelang\app\Controllers\Home.php(859): App\Models\Gudang->edit('tb_lelang', Array, Array)
#6 D:\lelang\system\CodeIgniter.php(919): App\Controllers\Home->aksi_penawaran()
#7 D:\lelang\system\CodeIgniter.php(494): CodeIgniter\CodeIgniter->runController(Object(App\Controllers\Home))
#8 D:\lelang\system\CodeIgniter.php(353): CodeIgniter\CodeIgniter->handleRequest(NULL, Object(Config\Cache), false)
#9 D:\lelang\public\index.php(79): CodeIgniter\CodeIgniter->run()
#10 D:\lelang\system\Commands\Server\rewrite.php(47): require_once('D:\\lelang\\publi...')
#11 {main}
CRITICAL - 2024-01-15 02:15:22 --> Unknown column 'nama_lengkap' in 'field list'
in SYSTEMPATH\Database\BaseConnection.php on line 646.
 1 SYSTEMPATH\Database\BaseBuilder.php(2475): CodeIgniter\Database\BaseConnection->query('UPDATE `tb_lelang` SET `harga_akhir` = :harga_akhir:, `nama_lengkap` = :nama_lengkap:
WHERE `id_lelang` = :id_lelang:', [...], false)
 2 APPPATH\Models\Gudang.php(38): CodeIgniter\Database\BaseBuilder->update([...], [...])
 3 APPPATH\Controllers\Home.php(859): App\Models\Gudang->edit('tb_lelang', [...], [...])
 4 SYSTEMPATH\CodeIgniter.php(919): App\Controllers\Home->aksi_penawaran()
 5 SYSTEMPATH\CodeIgniter.php(494): CodeIgniter\CodeIgniter->runController(Object(App\Controllers\Home))
 6 SYSTEMPATH\CodeIgniter.php(353): CodeIgniter\CodeIgniter->handleRequest(null, Object(Config\Cache), false)
 7 FCPATH\index.php(79): CodeIgniter\CodeIgniter->run()
 8 SYSTEMPATH\Commands\Server\rewrite.php(47): require_once('D:\\lelang\\public\\index.php')
CRITICAL - 2024-01-15 02:26:00 --> Undefined property: stdClass::$nama_lengkap_lelang
in APPPATH\Models\Gudang.php on line 131.
 1 APPPATH\Models\Gudang.php(131): CodeIgniter\Debug\Exceptions->errorHandler(2, 'Undefined property: stdClass::$nama_lengkap_lelang', 'D:\\lelang\\app\\Models\\Gudang.php', 131)
 2 APPPATH\Controllers\Home.php(617): App\Models\Gudang->getFullNameByUsername('masyarakat1')
 3 SYSTEMPATH\CodeIgniter.php(919): App\Controllers\Home->aksi_login()
 4 SYSTEMPATH\CodeIgniter.php(494): CodeIgniter\CodeIgniter->runController(Object(App\Controllers\Home))
 5 SYSTEMPATH\CodeIgniter.php(353): CodeIgniter\CodeIgniter->handleRequest(null, Object(Config\Cache), false)
 6 FCPATH\index.php(79): CodeIgniter\CodeIgniter->run()
 7 SYSTEMPATH\Commands\Server\rewrite.php(47): require_once('D:\\lelang\\public\\index.php')
CRITICAL - 2024-01-15 02:27:15 --> Undefined property: stdClass::$nama_lengkap_lelang
in APPPATH\Models\Gudang.php on line 131.
 1 APPPATH\Models\Gudang.php(131): CodeIgniter\Debug\Exceptions->errorHandler(2, 'Undefined property: stdClass::$nama_lengkap_lelang', 'D:\\lelang\\app\\Models\\Gudang.php', 131)
 2 APPPATH\Controllers\Home.php(617): App\Models\Gudang->getFullNameByUsername('masyarakat')
 3 SYSTEMPATH\CodeIgniter.php(919): App\Controllers\Home->aksi_login()
 4 SYSTEMPATH\CodeIgniter.php(494): CodeIgniter\CodeIgniter->runController(Object(App\Controllers\Home))
 5 SYSTEMPATH\CodeIgniter.php(353): CodeIgniter\CodeIgniter->handleRequest(null, Object(Config\Cache), false)
 6 FCPATH\index.php(79): CodeIgniter\CodeIgniter->run()
 7 SYSTEMPATH\Commands\Server\rewrite.php(47): require_once('D:\\lelang\\public\\index.php')
