CRITICAL - 2023-11-09 00:07:04 --> Undefined variable $data
in APPPATH\Controllers\Home.php on line 46.
 1 APPPATH\Controllers\Home.php(46): CodeIgniter\Debug\Exceptions->errorHandler(2, 'Undefined variable $data', 'D:\\lelang\\app\\Controllers\\Home.php', 46)
 2 SYSTEMPATH\CodeIgniter.php(919): App\Controllers\Home->tambahbarang()
 3 SYSTEMPATH\CodeIgniter.php(494): CodeIgniter\CodeIgniter->runController(Object(App\Controllers\Home))
 4 SYSTEMPATH\CodeIgniter.php(353): CodeIgniter\CodeIgniter->handleRequest(null, Object(Config\Cache), false)
 5 FCPATH\index.php(79): CodeIgniter\CodeIgniter->run()
 6 SYSTEMPATH\Commands\Server\rewrite.php(47): require_once('D:\\lelang\\public\\index.php')
CRITICAL - 2023-11-09 00:07:11 --> Undefined variable $data
in APPPATH\Controllers\Home.php on line 47.
 1 APPPATH\Controllers\Home.php(47): CodeIgniter\Debug\Exceptions->errorHandler(2, 'Undefined variable $data', 'D:\\lelang\\app\\Controllers\\Home.php', 47)
 2 SYSTEMPATH\CodeIgniter.php(919): App\Controllers\Home->tambahbarang()
 3 SYSTEMPATH\CodeIgniter.php(494): CodeIgniter\CodeIgniter->runController(Object(App\Controllers\Home))
 4 SYSTEMPATH\CodeIgniter.php(353): CodeIgniter\CodeIgniter->handleRequest(null, Object(Config\Cache), false)
 5 FCPATH\index.php(79): CodeIgniter\CodeIgniter->run()
 6 SYSTEMPATH\Commands\Server\rewrite.php(47): require_once('D:\\lelang\\public\\index.php')
CRITICAL - 2023-11-09 00:08:18 --> Undefined variable $where
in APPPATH\Controllers\Home.php on line 43.
 1 APPPATH\Controllers\Home.php(43): CodeIgniter\Debug\Exceptions->errorHandler(2, 'Undefined variable $where', 'D:\\lelang\\app\\Controllers\\Home.php', 43)
 2 SYSTEMPATH\CodeIgniter.php(919): App\Controllers\Home->tambahbarang()
 3 SYSTEMPATH\CodeIgniter.php(494): CodeIgniter\CodeIgniter->runController(Object(App\Controllers\Home))
 4 SYSTEMPATH\CodeIgniter.php(353): CodeIgniter\CodeIgniter->handleRequest(null, Object(Config\Cache), false)
 5 FCPATH\index.php(79): CodeIgniter\CodeIgniter->run()
 6 SYSTEMPATH\Commands\Server\rewrite.php(47): require_once('D:\\lelang\\public\\index.php')
ERROR - 2023-11-09 06:02:51 --> Error connecting to the database: mysqli_sql_exception: No connection could be made because the target machine actively refused it in D:\lelang\system\Database\MySQLi\Connection.php:185
Stack trace:
#0 D:\lelang\system\Database\MySQLi\Connection.php(185): mysqli->real_connect('localhost', 'root', '', 'lelang', 3306, '', 0)
#1 D:\lelang\system\Database\BaseConnection.php(391): CodeIgniter\Database\MySQLi\Connection->connect(false)
#2 D:\lelang\system\Database\BaseConnection.php(574): CodeIgniter\Database\BaseConnection->initialize()
#3 D:\lelang\system\Database\BaseBuilder.php(1748): CodeIgniter\Database\BaseConnection->query('SELECT *\nFROM `...', Array, false)
#4 D:\lelang\app\Models\Gudang.php(46): CodeIgniter\Database\BaseBuilder->getWhere('id_barang')
#5 D:\lelang\app\Controllers\Home.php(43): App\Models\Gudang->getWhere('tb_barang', 'id_barang')
#6 D:\lelang\system\CodeIgniter.php(919): App\Controllers\Home->tambahbarang()
#7 D:\lelang\system\CodeIgniter.php(494): CodeIgniter\CodeIgniter->runController(Object(App\Controllers\Home))
#8 D:\lelang\system\CodeIgniter.php(353): CodeIgniter\CodeIgniter->handleRequest(NULL, Object(Config\Cache), false)
#9 D:\lelang\public\index.php(79): CodeIgniter\CodeIgniter->run()
#10 D:\lelang\system\Commands\Server\rewrite.php(47): require_once('D:\\lelang\\publi...')
#11 {main}

Next CodeIgniter\Database\Exceptions\DatabaseException: No connection could be made because the target machine actively refused it in D:\lelang\system\Database\MySQLi\Connection.php:229
Stack trace:
#0 D:\lelang\system\Database\BaseConnection.php(391): CodeIgniter\Database\MySQLi\Connection->connect(false)
#1 D:\lelang\system\Database\BaseConnection.php(574): CodeIgniter\Database\BaseConnection->initialize()
#2 D:\lelang\system\Database\BaseBuilder.php(1748): CodeIgniter\Database\BaseConnection->query('SELECT *\nFROM `...', Array, false)
#3 D:\lelang\app\Models\Gudang.php(46): CodeIgniter\Database\BaseBuilder->getWhere('id_barang')
#4 D:\lelang\app\Controllers\Home.php(43): App\Models\Gudang->getWhere('tb_barang', 'id_barang')
#5 D:\lelang\system\CodeIgniter.php(919): App\Controllers\Home->tambahbarang()
#6 D:\lelang\system\CodeIgniter.php(494): CodeIgniter\CodeIgniter->runController(Object(App\Controllers\Home))
#7 D:\lelang\system\CodeIgniter.php(353): CodeIgniter\CodeIgniter->handleRequest(NULL, Object(Config\Cache), false)
#8 D:\lelang\public\index.php(79): CodeIgniter\CodeIgniter->run()
#9 D:\lelang\system\Commands\Server\rewrite.php(47): require_once('D:\\lelang\\publi...')
#10 {main}
CRITICAL - 2023-11-09 06:02:51 --> Unable to connect to the database.
Main connection [MySQLi]: No connection could be made because the target machine actively refused it
in SYSTEMPATH\Database\BaseConnection.php on line 427.
 1 SYSTEMPATH\Database\BaseConnection.php(574): CodeIgniter\Database\BaseConnection->initialize()
 2 SYSTEMPATH\Database\BaseBuilder.php(1748): CodeIgniter\Database\BaseConnection->query('SELECT *
FROM `tb_barang`
WHERE `id_barang` IS NULL', [], false)
 3 APPPATH\Models\Gudang.php(46): CodeIgniter\Database\BaseBuilder->getWhere('id_barang')
 4 APPPATH\Controllers\Home.php(43): App\Models\Gudang->getWhere('tb_barang', 'id_barang')
 5 SYSTEMPATH\CodeIgniter.php(919): App\Controllers\Home->tambahbarang()
 6 SYSTEMPATH\CodeIgniter.php(494): CodeIgniter\CodeIgniter->runController(Object(App\Controllers\Home))
 7 SYSTEMPATH\CodeIgniter.php(353): CodeIgniter\CodeIgniter->handleRequest(null, Object(Config\Cache), false)
 8 FCPATH\index.php(79): CodeIgniter\CodeIgniter->run()
 9 SYSTEMPATH\Commands\Server\rewrite.php(47): require_once('D:\\lelang\\public\\index.php')
