CRITICAL - 2023-11-06 02:11:12 --> Undefined variable $manda
in APPPATH\Views\lelang.php on line 50.
 1 APPPATH\Views\lelang.php(50): CodeIgniter\Debug\Exceptions->errorHandler(2, 'Undefined variable $manda', 'D:\\lelang\\app\\Views\\lelang.php', 50)
 2 SYSTEMPATH\View\View.php(226): include('D:\\lelang\\app\\Views\\lelang.php')
 3 SYSTEMPATH\View\View.php(229): CodeIgniter\View\View->CodeIgniter\View\{closure}()
 4 SYSTEMPATH\Common.php(1188): CodeIgniter\View\View->render('lelang', [], true)
 5 APPPATH\Controllers\Home.php(13): view('lelang')
 6 SYSTEMPATH\CodeIgniter.php(919): App\Controllers\Home->lelang()
 7 SYSTEMPATH\CodeIgniter.php(494): CodeIgniter\CodeIgniter->runController(Object(App\Controllers\Home))
 8 SYSTEMPATH\CodeIgniter.php(353): CodeIgniter\CodeIgniter->handleRequest(null, Object(Config\Cache), false)
 9 FCPATH\index.php(79): CodeIgniter\CodeIgniter->run()
10 SYSTEMPATH\Commands\Server\rewrite.php(47): require_once('D:\\lelang\\public\\index.php')
CRITICAL - 2023-11-06 02:12:18 --> Unclosed '{' on line 7
in APPPATH\Controllers\Home.php on line 28.
 1 SYSTEMPATH\Autoloader\Autoloader.php(285): CodeIgniter\Autoloader\Autoloader->includeFile('D:\\lelang\\app\\Controllers\\Home.php')
 2 SYSTEMPATH\Autoloader\Autoloader.php(263): CodeIgniter\Autoloader\Autoloader->loadInNamespace('App\\Controllers\\Home')
 3 [internal function]: CodeIgniter\Autoloader\Autoloader->loadClass('App\\Controllers\\Home')
 4 SYSTEMPATH\CodeIgniter.php(877): class_exists('\\App\\Controllers\\Home', true)
 5 SYSTEMPATH\CodeIgniter.php(481): CodeIgniter\CodeIgniter->startController()
 6 SYSTEMPATH\CodeIgniter.php(353): CodeIgniter\CodeIgniter->handleRequest(null, Object(Config\Cache), false)
 7 FCPATH\index.php(79): CodeIgniter\CodeIgniter->run()
 8 SYSTEMPATH\Commands\Server\rewrite.php(47): require_once('D:\\lelang\\public\\index.php')
CRITICAL - 2023-11-06 10:39:41 --> Class "App\Controllers\Gudang" not found
in APPPATH\Controllers\Home.php on line 12.
 1 SYSTEMPATH\CodeIgniter.php(919): App\Controllers\Home->lelang()
 2 SYSTEMPATH\CodeIgniter.php(494): CodeIgniter\CodeIgniter->runController(Object(App\Controllers\Home))
 3 SYSTEMPATH\CodeIgniter.php(353): CodeIgniter\CodeIgniter->handleRequest(null, Object(Config\Cache), false)
 4 FCPATH\index.php(79): CodeIgniter\CodeIgniter->run()
 5 SYSTEMPATH\Commands\Server\rewrite.php(47): require_once('D:\\lelang\\public\\index.php')
CRITICAL - 2023-11-06 10:39:55 --> Unclosed '{' on line 8
in APPPATH\Models\Gudang.php on line 28.
 1 SYSTEMPATH\Autoloader\Autoloader.php(285): CodeIgniter\Autoloader\Autoloader->includeFile('D:\\lelang\\app\\Models\\Gudang.php')
 2 SYSTEMPATH\Autoloader\Autoloader.php(263): CodeIgniter\Autoloader\Autoloader->loadInNamespace('App\\Models\\Gudang')
 3 APPPATH\Controllers\Home.php(13): CodeIgniter\Autoloader\Autoloader->loadClass('App\\Models\\Gudang')
 4 SYSTEMPATH\CodeIgniter.php(919): App\Controllers\Home->lelang()
 5 SYSTEMPATH\CodeIgniter.php(494): CodeIgniter\CodeIgniter->runController(Object(App\Controllers\Home))
 6 SYSTEMPATH\CodeIgniter.php(353): CodeIgniter\CodeIgniter->handleRequest(null, Object(Config\Cache), false)
 7 FCPATH\index.php(79): CodeIgniter\CodeIgniter->run()
 8 SYSTEMPATH\Commands\Server\rewrite.php(47): require_once('D:\\lelang\\public\\index.php')
CRITICAL - 2023-11-06 11:21:50 --> syntax error, unexpected token "<"
in APPPATH\Controllers\Home.php on line 14.
 1 SYSTEMPATH\Autoloader\Autoloader.php(285): CodeIgniter\Autoloader\Autoloader->includeFile('D:\\lelang\\app\\Controllers\\Home.php')
 2 SYSTEMPATH\Autoloader\Autoloader.php(263): CodeIgniter\Autoloader\Autoloader->loadInNamespace('App\\Controllers\\Home')
 3 [internal function]: CodeIgniter\Autoloader\Autoloader->loadClass('App\\Controllers\\Home')
 4 SYSTEMPATH\CodeIgniter.php(877): class_exists('\\App\\Controllers\\Home', true)
 5 SYSTEMPATH\CodeIgniter.php(481): CodeIgniter\CodeIgniter->startController()
 6 SYSTEMPATH\CodeIgniter.php(353): CodeIgniter\CodeIgniter->handleRequest(null, Object(Config\Cache), false)
 7 FCPATH\index.php(79): CodeIgniter\CodeIgniter->run()
 8 SYSTEMPATH\Commands\Server\rewrite.php(47): require_once('D:\\lelang\\public\\index.php')
