ERROR - 2024-03-23 04:53:10 --> Error connecting to the database: mysqli_sql_exception: No connection could be made because the target machine actively refused it in C:\Kostum\system\Database\MySQLi\Connection.php:185
Stack trace:
#0 C:\Kostum\system\Database\MySQLi\Connection.php(185): mysqli->real_connect('localhost', 'root', '', 'lelang', 3306, '', 0)
#1 C:\Kostum\system\Database\BaseConnection.php(391): CodeIgniter\Database\MySQLi\Connection->connect(false)
#2 C:\Kostum\system\Database\BaseConnection.php(574): CodeIgniter\Database\BaseConnection->initialize()
#3 C:\Kostum\system\Database\BaseBuilder.php(1748): CodeIgniter\Database\BaseConnection->query('SELECT *\nFROM `...', Array, false)
#4 C:\Kostum\app\Models\Gudang.php(49): CodeIgniter\Database\BaseBuilder->getWhere(Array)
#5 C:\Kostum\app\Controllers\Home.php(595): App\Models\Gudang->getWhere('tb_admin', Array)
#6 C:\Kostum\system\CodeIgniter.php(919): App\Controllers\Home->aksi_login()
#7 C:\Kostum\system\CodeIgniter.php(494): CodeIgniter\CodeIgniter->runController(Object(App\Controllers\Home))
#8 C:\Kostum\system\CodeIgniter.php(353): CodeIgniter\CodeIgniter->handleRequest(NULL, Object(Config\Cache), false)
#9 C:\Kostum\public\index.php(79): CodeIgniter\CodeIgniter->run()
#10 C:\Kostum\system\Commands\Server\rewrite.php(47): require_once('C:\\Kostum\\publi...')
#11 {main}

Next CodeIgniter\Database\Exceptions\DatabaseException: No connection could be made because the target machine actively refused it in C:\Kostum\system\Database\MySQLi\Connection.php:229
Stack trace:
#0 C:\Kostum\system\Database\BaseConnection.php(391): CodeIgniter\Database\MySQLi\Connection->connect(false)
#1 C:\Kostum\system\Database\BaseConnection.php(574): CodeIgniter\Database\BaseConnection->initialize()
#2 C:\Kostum\system\Database\BaseBuilder.php(1748): CodeIgniter\Database\BaseConnection->query('SELECT *\nFROM `...', Array, false)
#3 C:\Kostum\app\Models\Gudang.php(49): CodeIgniter\Database\BaseBuilder->getWhere(Array)
#4 C:\Kostum\app\Controllers\Home.php(595): App\Models\Gudang->getWhere('tb_admin', Array)
#5 C:\Kostum\system\CodeIgniter.php(919): App\Controllers\Home->aksi_login()
#6 C:\Kostum\system\CodeIgniter.php(494): CodeIgniter\CodeIgniter->runController(Object(App\Controllers\Home))
#7 C:\Kostum\system\CodeIgniter.php(353): CodeIgniter\CodeIgniter->handleRequest(NULL, Object(Config\Cache), false)
#8 C:\Kostum\public\index.php(79): CodeIgniter\CodeIgniter->run()
#9 C:\Kostum\system\Commands\Server\rewrite.php(47): require_once('C:\\Kostum\\publi...')
#10 {main}
CRITICAL - 2024-03-23 04:53:10 --> Unable to connect to the database.
Main connection [MySQLi]: No connection could be made because the target machine actively refused it
in SYSTEMPATH\Database\BaseConnection.php on line 427.
 1 SYSTEMPATH\Database\BaseConnection.php(574): CodeIgniter\Database\BaseConnection->initialize()
 2 SYSTEMPATH\Database\BaseBuilder.php(1748): CodeIgniter\Database\BaseConnection->query('SELECT *
FROM `tb_admin`
WHERE `username` = :username:
AND `password` = :password:', [...], false)
 3 APPPATH\Models\Gudang.php(49): CodeIgniter\Database\BaseBuilder->getWhere([...])
 4 APPPATH\Controllers\Home.php(595): App\Models\Gudang->getWhere('tb_admin', [...])
 5 SYSTEMPATH\CodeIgniter.php(919): App\Controllers\Home->aksi_login()
 6 SYSTEMPATH\CodeIgniter.php(494): CodeIgniter\CodeIgniter->runController(Object(App\Controllers\Home))
 7 SYSTEMPATH\CodeIgniter.php(353): CodeIgniter\CodeIgniter->handleRequest(null, Object(Config\Cache), false)
 8 FCPATH\index.php(79): CodeIgniter\CodeIgniter->run()
 9 SYSTEMPATH\Commands\Server\rewrite.php(47): require_once('C:\\Kostum\\public\\index.php')
ERROR - 2024-03-23 05:05:05 --> mysqli_sql_exception: Table 'lelang.tb_customer' doesn't exist in C:\Kostum\system\Database\MySQLi\Connection.php:306
Stack trace:
#0 C:\Kostum\system\Database\MySQLi\Connection.php(306): mysqli->query('SELECT *\nFROM `...', 0)
#1 C:\Kostum\system\Database\BaseConnection.php(692): CodeIgniter\Database\MySQLi\Connection->execute('SELECT *\nFROM `...')
#2 C:\Kostum\system\Database\BaseConnection.php(606): CodeIgniter\Database\BaseConnection->simpleQuery('SELECT *\nFROM `...')
#3 C:\Kostum\system\Database\BaseBuilder.php(1748): CodeIgniter\Database\BaseConnection->query('SELECT *\nFROM `...', Array, false)
#4 C:\Kostum\app\Models\Gudang.php(49): CodeIgniter\Database\BaseBuilder->getWhere(Array)
#5 C:\Kostum\app\Controllers\Home.php(43): App\Models\Gudang->getWhere('tb_customer', Array)
#6 C:\Kostum\system\CodeIgniter.php(919): App\Controllers\Home->aksi_login()
#7 C:\Kostum\system\CodeIgniter.php(494): CodeIgniter\CodeIgniter->runController(Object(App\Controllers\Home))
#8 C:\Kostum\system\CodeIgniter.php(353): CodeIgniter\CodeIgniter->handleRequest(NULL, Object(Config\Cache), false)
#9 C:\Kostum\public\index.php(79): CodeIgniter\CodeIgniter->run()
#10 C:\Kostum\system\Commands\Server\rewrite.php(47): require_once('C:\\Kostum\\publi...')
#11 {main}
CRITICAL - 2024-03-23 05:05:05 --> Table 'lelang.tb_customer' doesn't exist
in SYSTEMPATH\Database\BaseConnection.php on line 646.
 1 SYSTEMPATH\Database\BaseBuilder.php(1748): CodeIgniter\Database\BaseConnection->query('SELECT *
FROM `tb_customer`
WHERE `username` = :username:
AND `password` = :password:', [...], false)
 2 APPPATH\Models\Gudang.php(49): CodeIgniter\Database\BaseBuilder->getWhere([...])
 3 APPPATH\Controllers\Home.php(43): App\Models\Gudang->getWhere('tb_customer', [...])
 4 SYSTEMPATH\CodeIgniter.php(919): App\Controllers\Home->aksi_login()
 5 SYSTEMPATH\CodeIgniter.php(494): CodeIgniter\CodeIgniter->runController(Object(App\Controllers\Home))
 6 SYSTEMPATH\CodeIgniter.php(353): CodeIgniter\CodeIgniter->handleRequest(null, Object(Config\Cache), false)
 7 FCPATH\index.php(79): CodeIgniter\CodeIgniter->run()
 8 SYSTEMPATH\Commands\Server\rewrite.php(47): require_once('C:\\Kostum\\public\\index.php')
ERROR - 2024-03-23 05:06:46 --> mysqli_sql_exception: Table 'lelang.tb_customer' doesn't exist in C:\Kostum\system\Database\MySQLi\Connection.php:306
Stack trace:
#0 C:\Kostum\system\Database\MySQLi\Connection.php(306): mysqli->query('SELECT *\nFROM `...', 0)
#1 C:\Kostum\system\Database\BaseConnection.php(692): CodeIgniter\Database\MySQLi\Connection->execute('SELECT *\nFROM `...')
#2 C:\Kostum\system\Database\BaseConnection.php(606): CodeIgniter\Database\BaseConnection->simpleQuery('SELECT *\nFROM `...')
#3 C:\Kostum\system\Database\BaseBuilder.php(1748): CodeIgniter\Database\BaseConnection->query('SELECT *\nFROM `...', Array, false)
#4 C:\Kostum\app\Models\Gudang.php(49): CodeIgniter\Database\BaseBuilder->getWhere(Array)
#5 C:\Kostum\app\Controllers\Home.php(43): App\Models\Gudang->getWhere('tb_customer', Array)
#6 C:\Kostum\system\CodeIgniter.php(919): App\Controllers\Home->aksi_login()
#7 C:\Kostum\system\CodeIgniter.php(494): CodeIgniter\CodeIgniter->runController(Object(App\Controllers\Home))
#8 C:\Kostum\system\CodeIgniter.php(353): CodeIgniter\CodeIgniter->handleRequest(NULL, Object(Config\Cache), false)
#9 C:\Kostum\public\index.php(79): CodeIgniter\CodeIgniter->run()
#10 C:\Kostum\system\Commands\Server\rewrite.php(47): require_once('C:\\Kostum\\publi...')
#11 {main}
CRITICAL - 2024-03-23 05:06:46 --> Table 'lelang.tb_customer' doesn't exist
in SYSTEMPATH\Database\BaseConnection.php on line 646.
 1 SYSTEMPATH\Database\BaseBuilder.php(1748): CodeIgniter\Database\BaseConnection->query('SELECT *
FROM `tb_customer`
WHERE `username` = :username:
AND `password` = :password:', [...], false)
 2 APPPATH\Models\Gudang.php(49): CodeIgniter\Database\BaseBuilder->getWhere([...])
 3 APPPATH\Controllers\Home.php(43): App\Models\Gudang->getWhere('tb_customer', [...])
 4 SYSTEMPATH\CodeIgniter.php(919): App\Controllers\Home->aksi_login()
 5 SYSTEMPATH\CodeIgniter.php(494): CodeIgniter\CodeIgniter->runController(Object(App\Controllers\Home))
 6 SYSTEMPATH\CodeIgniter.php(353): CodeIgniter\CodeIgniter->handleRequest(null, Object(Config\Cache), false)
 7 FCPATH\index.php(79): CodeIgniter\CodeIgniter->run()
 8 SYSTEMPATH\Commands\Server\rewrite.php(47): require_once('C:\\Kostum\\public\\index.php')
ERROR - 2024-03-23 05:08:23 --> mysqli_sql_exception: Table 'lelang.tb_customer' doesn't exist in C:\Kostum\system\Database\MySQLi\Connection.php:306
Stack trace:
#0 C:\Kostum\system\Database\MySQLi\Connection.php(306): mysqli->query('SELECT *\nFROM `...', 0)
#1 C:\Kostum\system\Database\BaseConnection.php(692): CodeIgniter\Database\MySQLi\Connection->execute('SELECT *\nFROM `...')
#2 C:\Kostum\system\Database\BaseConnection.php(606): CodeIgniter\Database\BaseConnection->simpleQuery('SELECT *\nFROM `...')
#3 C:\Kostum\system\Database\BaseBuilder.php(1748): CodeIgniter\Database\BaseConnection->query('SELECT *\nFROM `...', Array, false)
#4 C:\Kostum\app\Models\Gudang.php(45): CodeIgniter\Database\BaseBuilder->getWhere(Array)
#5 C:\Kostum\app\Controllers\Home.php(43): App\Models\Gudang->getWhere('tb_customer', Array)
#6 C:\Kostum\system\CodeIgniter.php(919): App\Controllers\Home->aksi_login()
#7 C:\Kostum\system\CodeIgniter.php(494): CodeIgniter\CodeIgniter->runController(Object(App\Controllers\Home))
#8 C:\Kostum\system\CodeIgniter.php(353): CodeIgniter\CodeIgniter->handleRequest(NULL, Object(Config\Cache), false)
#9 C:\Kostum\public\index.php(79): CodeIgniter\CodeIgniter->run()
#10 C:\Kostum\system\Commands\Server\rewrite.php(47): require_once('C:\\Kostum\\publi...')
#11 {main}
CRITICAL - 2024-03-23 05:08:23 --> Table 'lelang.tb_customer' doesn't exist
in SYSTEMPATH\Database\BaseConnection.php on line 646.
 1 SYSTEMPATH\Database\BaseBuilder.php(1748): CodeIgniter\Database\BaseConnection->query('SELECT *
FROM `tb_customer`
WHERE `username` = :username:
AND `password` = :password:', [...], false)
 2 APPPATH\Models\Gudang.php(45): CodeIgniter\Database\BaseBuilder->getWhere([...])
 3 APPPATH\Controllers\Home.php(43): App\Models\Gudang->getWhere('tb_customer', [...])
 4 SYSTEMPATH\CodeIgniter.php(919): App\Controllers\Home->aksi_login()
 5 SYSTEMPATH\CodeIgniter.php(494): CodeIgniter\CodeIgniter->runController(Object(App\Controllers\Home))
 6 SYSTEMPATH\CodeIgniter.php(353): CodeIgniter\CodeIgniter->handleRequest(null, Object(Config\Cache), false)
 7 FCPATH\index.php(79): CodeIgniter\CodeIgniter->run()
 8 SYSTEMPATH\Commands\Server\rewrite.php(47): require_once('C:\\Kostum\\public\\index.php')
ERROR - 2024-03-23 05:10:41 --> mysqli_sql_exception: Table 'lelang.tb_customer' doesn't exist in C:\Kostum\system\Database\MySQLi\Connection.php:306
Stack trace:
#0 C:\Kostum\system\Database\MySQLi\Connection.php(306): mysqli->query('SELECT *\nFROM `...', 0)
#1 C:\Kostum\system\Database\BaseConnection.php(692): CodeIgniter\Database\MySQLi\Connection->execute('SELECT *\nFROM `...')
#2 C:\Kostum\system\Database\BaseConnection.php(606): CodeIgniter\Database\BaseConnection->simpleQuery('SELECT *\nFROM `...')
#3 C:\Kostum\system\Database\BaseBuilder.php(1748): CodeIgniter\Database\BaseConnection->query('SELECT *\nFROM `...', Array, false)
#4 C:\Kostum\app\Models\Gudang.php(45): CodeIgniter\Database\BaseBuilder->getWhere(Array)
#5 C:\Kostum\app\Controllers\Home.php(43): App\Models\Gudang->getWhere('tb_customer', Array)
#6 C:\Kostum\system\CodeIgniter.php(919): App\Controllers\Home->aksi_login()
#7 C:\Kostum\system\CodeIgniter.php(494): CodeIgniter\CodeIgniter->runController(Object(App\Controllers\Home))
#8 C:\Kostum\system\CodeIgniter.php(353): CodeIgniter\CodeIgniter->handleRequest(NULL, Object(Config\Cache), false)
#9 C:\Kostum\public\index.php(79): CodeIgniter\CodeIgniter->run()
#10 C:\Kostum\system\Commands\Server\rewrite.php(47): require_once('C:\\Kostum\\publi...')
#11 {main}
CRITICAL - 2024-03-23 05:10:41 --> Table 'lelang.tb_customer' doesn't exist
in SYSTEMPATH\Database\BaseConnection.php on line 646.
 1 SYSTEMPATH\Database\BaseBuilder.php(1748): CodeIgniter\Database\BaseConnection->query('SELECT *
FROM `tb_customer`
WHERE `username` = :username:
AND `password` = :password:', [...], false)
 2 APPPATH\Models\Gudang.php(45): CodeIgniter\Database\BaseBuilder->getWhere([...])
 3 APPPATH\Controllers\Home.php(43): App\Models\Gudang->getWhere('tb_customer', [...])
 4 SYSTEMPATH\CodeIgniter.php(919): App\Controllers\Home->aksi_login()
 5 SYSTEMPATH\CodeIgniter.php(494): CodeIgniter\CodeIgniter->runController(Object(App\Controllers\Home))
 6 SYSTEMPATH\CodeIgniter.php(353): CodeIgniter\CodeIgniter->handleRequest(null, Object(Config\Cache), false)
 7 FCPATH\index.php(79): CodeIgniter\CodeIgniter->run()
 8 SYSTEMPATH\Commands\Server\rewrite.php(47): require_once('C:\\Kostum\\public\\index.php')
ERROR - 2024-03-23 05:16:37 --> mysqli_sql_exception: Table 'kostum.tb_barang' doesn't exist in C:\Kostum\system\Database\MySQLi\Connection.php:306
Stack trace:
#0 C:\Kostum\system\Database\MySQLi\Connection.php(306): mysqli->query('SELECT *\nFROM `...', 0)
#1 C:\Kostum\system\Database\BaseConnection.php(692): CodeIgniter\Database\MySQLi\Connection->execute('SELECT *\nFROM `...')
#2 C:\Kostum\system\Database\BaseConnection.php(606): CodeIgniter\Database\BaseConnection->simpleQuery('SELECT *\nFROM `...')
#3 C:\Kostum\system\Database\BaseBuilder.php(1615): CodeIgniter\Database\BaseConnection->query('SELECT *\nFROM `...', Array, false)
#4 C:\Kostum\app\Models\Gudang.php(11): CodeIgniter\Database\BaseBuilder->get()
#5 C:\Kostum\app\Controllers\Home.php(69): App\Models\Gudang->tampil('tb_barang')
#6 C:\Kostum\system\CodeIgniter.php(919): App\Controllers\Home->barang()
#7 C:\Kostum\system\CodeIgniter.php(494): CodeIgniter\CodeIgniter->runController(Object(App\Controllers\Home))
#8 C:\Kostum\system\CodeIgniter.php(353): CodeIgniter\CodeIgniter->handleRequest(NULL, Object(Config\Cache), false)
#9 C:\Kostum\public\index.php(79): CodeIgniter\CodeIgniter->run()
#10 C:\Kostum\system\Commands\Server\rewrite.php(47): require_once('C:\\Kostum\\publi...')
#11 {main}
CRITICAL - 2024-03-23 05:16:37 --> Table 'kostum.tb_barang' doesn't exist
in SYSTEMPATH\Database\BaseConnection.php on line 646.
 1 SYSTEMPATH\Database\BaseBuilder.php(1615): CodeIgniter\Database\BaseConnection->query('SELECT *
FROM `tb_barang`', [], false)
 2 APPPATH\Models\Gudang.php(11): CodeIgniter\Database\BaseBuilder->get()
 3 APPPATH\Controllers\Home.php(69): App\Models\Gudang->tampil('tb_barang')
 4 SYSTEMPATH\CodeIgniter.php(919): App\Controllers\Home->barang()
 5 SYSTEMPATH\CodeIgniter.php(494): CodeIgniter\CodeIgniter->runController(Object(App\Controllers\Home))
 6 SYSTEMPATH\CodeIgniter.php(353): CodeIgniter\CodeIgniter->handleRequest(null, Object(Config\Cache), false)
 7 FCPATH\index.php(79): CodeIgniter\CodeIgniter->run()
 8 SYSTEMPATH\Commands\Server\rewrite.php(47): require_once('C:\\Kostum\\public\\index.php')
ERROR - 2024-03-23 05:16:58 --> mysqli_sql_exception: Table 'kostum.tb_barang' doesn't exist in C:\Kostum\system\Database\MySQLi\Connection.php:306
Stack trace:
#0 C:\Kostum\system\Database\MySQLi\Connection.php(306): mysqli->query('SELECT *\nFROM `...', 0)
#1 C:\Kostum\system\Database\BaseConnection.php(692): CodeIgniter\Database\MySQLi\Connection->execute('SELECT *\nFROM `...')
#2 C:\Kostum\system\Database\BaseConnection.php(606): CodeIgniter\Database\BaseConnection->simpleQuery('SELECT *\nFROM `...')
#3 C:\Kostum\system\Database\BaseBuilder.php(1615): CodeIgniter\Database\BaseConnection->query('SELECT *\nFROM `...', Array, false)
#4 C:\Kostum\app\Models\Gudang.php(11): CodeIgniter\Database\BaseBuilder->get()
#5 C:\Kostum\app\Controllers\Home.php(69): App\Models\Gudang->tampil('tb_barang')
#6 C:\Kostum\system\CodeIgniter.php(919): App\Controllers\Home->barang()
#7 C:\Kostum\system\CodeIgniter.php(494): CodeIgniter\CodeIgniter->runController(Object(App\Controllers\Home))
#8 C:\Kostum\system\CodeIgniter.php(353): CodeIgniter\CodeIgniter->handleRequest(NULL, Object(Config\Cache), false)
#9 C:\Kostum\public\index.php(79): CodeIgniter\CodeIgniter->run()
#10 C:\Kostum\system\Commands\Server\rewrite.php(47): require_once('C:\\Kostum\\publi...')
#11 {main}
CRITICAL - 2024-03-23 05:16:58 --> Table 'kostum.tb_barang' doesn't exist
in SYSTEMPATH\Database\BaseConnection.php on line 646.
 1 SYSTEMPATH\Database\BaseBuilder.php(1615): CodeIgniter\Database\BaseConnection->query('SELECT *
FROM `tb_barang`', [], false)
 2 APPPATH\Models\Gudang.php(11): CodeIgniter\Database\BaseBuilder->get()
 3 APPPATH\Controllers\Home.php(69): App\Models\Gudang->tampil('tb_barang')
 4 SYSTEMPATH\CodeIgniter.php(919): App\Controllers\Home->barang()
 5 SYSTEMPATH\CodeIgniter.php(494): CodeIgniter\CodeIgniter->runController(Object(App\Controllers\Home))
 6 SYSTEMPATH\CodeIgniter.php(353): CodeIgniter\CodeIgniter->handleRequest(null, Object(Config\Cache), false)
 7 FCPATH\index.php(79): CodeIgniter\CodeIgniter->run()
 8 SYSTEMPATH\Commands\Server\rewrite.php(47): require_once('C:\\Kostum\\public\\index.php')
ERROR - 2024-03-23 05:17:00 --> mysqli_sql_exception: Table 'kostum.tb_barang' doesn't exist in C:\Kostum\system\Database\MySQLi\Connection.php:306
Stack trace:
#0 C:\Kostum\system\Database\MySQLi\Connection.php(306): mysqli->query('SELECT *\nFROM `...', 0)
#1 C:\Kostum\system\Database\BaseConnection.php(692): CodeIgniter\Database\MySQLi\Connection->execute('SELECT *\nFROM `...')
#2 C:\Kostum\system\Database\BaseConnection.php(606): CodeIgniter\Database\BaseConnection->simpleQuery('SELECT *\nFROM `...')
#3 C:\Kostum\system\Database\BaseBuilder.php(1615): CodeIgniter\Database\BaseConnection->query('SELECT *\nFROM `...', Array, false)
#4 C:\Kostum\app\Models\Gudang.php(11): CodeIgniter\Database\BaseBuilder->get()
#5 C:\Kostum\app\Controllers\Home.php(69): App\Models\Gudang->tampil('tb_barang')
#6 C:\Kostum\system\CodeIgniter.php(919): App\Controllers\Home->barang()
#7 C:\Kostum\system\CodeIgniter.php(494): CodeIgniter\CodeIgniter->runController(Object(App\Controllers\Home))
#8 C:\Kostum\system\CodeIgniter.php(353): CodeIgniter\CodeIgniter->handleRequest(NULL, Object(Config\Cache), false)
#9 C:\Kostum\public\index.php(79): CodeIgniter\CodeIgniter->run()
#10 C:\Kostum\system\Commands\Server\rewrite.php(47): require_once('C:\\Kostum\\publi...')
#11 {main}
CRITICAL - 2024-03-23 05:17:00 --> Table 'kostum.tb_barang' doesn't exist
in SYSTEMPATH\Database\BaseConnection.php on line 646.
 1 SYSTEMPATH\Database\BaseBuilder.php(1615): CodeIgniter\Database\BaseConnection->query('SELECT *
FROM `tb_barang`', [], false)
 2 APPPATH\Models\Gudang.php(11): CodeIgniter\Database\BaseBuilder->get()
 3 APPPATH\Controllers\Home.php(69): App\Models\Gudang->tampil('tb_barang')
 4 SYSTEMPATH\CodeIgniter.php(919): App\Controllers\Home->barang()
 5 SYSTEMPATH\CodeIgniter.php(494): CodeIgniter\CodeIgniter->runController(Object(App\Controllers\Home))
 6 SYSTEMPATH\CodeIgniter.php(353): CodeIgniter\CodeIgniter->handleRequest(null, Object(Config\Cache), false)
 7 FCPATH\index.php(79): CodeIgniter\CodeIgniter->run()
 8 SYSTEMPATH\Commands\Server\rewrite.php(47): require_once('C:\\Kostum\\public\\index.php')
CRITICAL - 2024-03-23 05:23:21 --> Undefined property: stdClass::$id_barang
in APPPATH\Views\kostum.php on line 70.
 1 APPPATH\Views\kostum.php(70): CodeIgniter\Debug\Exceptions->errorHandler(2, 'Undefined property: stdClass::$id_barang', 'C:\\Kostum\\app\\Views\\kostum.php', 70)
 2 SYSTEMPATH\View\View.php(226): include('C:\\Kostum\\app\\Views\\kostum.php')
 3 SYSTEMPATH\View\View.php(229): CodeIgniter\View\View->CodeIgniter\View\{closure}()
 4 SYSTEMPATH\Common.php(1188): CodeIgniter\View\View->render('kostum', [], true)
 5 APPPATH\Controllers\Home.php(72): view('kostum', [...])
 6 SYSTEMPATH\CodeIgniter.php(919): App\Controllers\Home->barang()
 7 SYSTEMPATH\CodeIgniter.php(494): CodeIgniter\CodeIgniter->runController(Object(App\Controllers\Home))
 8 SYSTEMPATH\CodeIgniter.php(353): CodeIgniter\CodeIgniter->handleRequest(null, Object(Config\Cache), false)
 9 FCPATH\index.php(79): CodeIgniter\CodeIgniter->run()
10 SYSTEMPATH\Commands\Server\rewrite.php(47): require_once('C:\\Kostum\\public\\index.php')
CRITICAL - 2024-03-23 05:23:37 --> syntax error, unexpected token ")", expecting identifier or variable or "{" or "$"
in APPPATH\Views\kostum.php on line 70.
 1 SYSTEMPATH\View\View.php(229): CodeIgniter\View\View->CodeIgniter\View\{closure}()
 2 SYSTEMPATH\Common.php(1188): CodeIgniter\View\View->render('kostum', [], true)
 3 APPPATH\Controllers\Home.php(72): view('kostum', [...])
 4 SYSTEMPATH\CodeIgniter.php(919): App\Controllers\Home->barang()
 5 SYSTEMPATH\CodeIgniter.php(494): CodeIgniter\CodeIgniter->runController(Object(App\Controllers\Home))
 6 SYSTEMPATH\CodeIgniter.php(353): CodeIgniter\CodeIgniter->handleRequest(null, Object(Config\Cache), false)
 7 FCPATH\index.php(79): CodeIgniter\CodeIgniter->run()
 8 SYSTEMPATH\Commands\Server\rewrite.php(47): require_once('C:\\Kostum\\public\\index.php')
CRITICAL - 2024-03-23 05:23:50 --> Undefined property: stdClass::$id_barang
in APPPATH\Views\kostum.php on line 70.
 1 APPPATH\Views\kostum.php(70): CodeIgniter\Debug\Exceptions->errorHandler(2, 'Undefined property: stdClass::$id_barang', 'C:\\Kostum\\app\\Views\\kostum.php', 70)
 2 SYSTEMPATH\View\View.php(226): include('C:\\Kostum\\app\\Views\\kostum.php')
 3 SYSTEMPATH\View\View.php(229): CodeIgniter\View\View->CodeIgniter\View\{closure}()
 4 SYSTEMPATH\Common.php(1188): CodeIgniter\View\View->render('kostum', [], true)
 5 APPPATH\Controllers\Home.php(72): view('kostum', [...])
 6 SYSTEMPATH\CodeIgniter.php(919): App\Controllers\Home->barang()
 7 SYSTEMPATH\CodeIgniter.php(494): CodeIgniter\CodeIgniter->runController(Object(App\Controllers\Home))
 8 SYSTEMPATH\CodeIgniter.php(353): CodeIgniter\CodeIgniter->handleRequest(null, Object(Config\Cache), false)
 9 FCPATH\index.php(79): CodeIgniter\CodeIgniter->run()
10 SYSTEMPATH\Commands\Server\rewrite.php(47): require_once('C:\\Kostum\\public\\index.php')
CRITICAL - 2024-03-23 06:25:32 --> Unclosed '{' on line 9
in APPPATH\Controllers\Home.php on line 171.
 1 SYSTEMPATH\Autoloader\Autoloader.php(285): CodeIgniter\Autoloader\Autoloader->includeFile('C:\\Kostum\\app\\Controllers\\Home.php')
 2 SYSTEMPATH\Autoloader\Autoloader.php(263): CodeIgniter\Autoloader\Autoloader->loadInNamespace('App\\Controllers\\Home')
 3 [internal function]: CodeIgniter\Autoloader\Autoloader->loadClass('App\\Controllers\\Home')
 4 SYSTEMPATH\CodeIgniter.php(877): class_exists('\\App\\Controllers\\Home', true)
 5 SYSTEMPATH\CodeIgniter.php(481): CodeIgniter\CodeIgniter->startController()
 6 SYSTEMPATH\CodeIgniter.php(353): CodeIgniter\CodeIgniter->handleRequest(null, Object(Config\Cache), false)
 7 FCPATH\index.php(79): CodeIgniter\CodeIgniter->run()
 8 SYSTEMPATH\Commands\Server\rewrite.php(47): require_once('C:\\Kostum\\public\\index.php')
